2026-02-01 23:11:15 - backend.src_v3.infrastructure.http.api.v3.routers.student_router - ERROR - list_student_courses:2379 - Failed to list student courses: Could not determine join condition between parent/child tables on relationship EnrollmentModel.user_profile - there are no foreign keys linking these tables.  Ensure that referencing columns are associated with a ForeignKey or ForeignKeyConstraint, or specify a 'primaryjoin' expression.
2026-02-01 23:13:01 - backend.src_v3.infrastructure.http.api.v3.routers.student_router - ERROR - list_student_courses:2379 - Failed to list student courses: Could not determine join condition between parent/child tables on relationship UserGamificationModel.user_profile - there are no foreign keys linking these tables.  Ensure that referencing columns are associated with a ForeignKey or ForeignKeyConstraint, or specify a 'primaryjoin' expression.
2026-02-01 23:14:01 - backend.src_v3.infrastructure.http.api.v3.routers.student_router - ERROR - list_student_courses:2379 - Failed to list student courses: (sqlalchemy.dialects.postgresql.asyncpg.ProgrammingError) <class 'asyncpg.exceptions.UndefinedObjectError'>: type "enrollmentstatus" does not exist
[SQL: SELECT enrollments.enrollment_id, enrollments.user_id, enrollments.course_id, enrollments.role, enrollments.status, enrollments.enrolled_at, enrollments.completed_at, enrollments.dropped_at, enrollments.metadata_json, enrollments.created_at, enrollments.updated_at 
FROM enrollments 
WHERE enrollments.user_id = $1::VARCHAR AND enrollments.status = $2::enrollmentstatus]
[parameters: ('student-001', 'ACTIVE')]
(Background on this error at: https://sqlalche.me/e/20/f405)
2026-02-01 23:14:56 - backend.src_v3.infrastructure.http.api.v3.routers.student_router - ERROR - list_student_courses:2379 - Failed to list student courses: (sqlalchemy.dialects.postgresql.asyncpg.ProgrammingError) <class 'asyncpg.exceptions.UndefinedColumnError'>: column courses.deleted_at does not exist
[SQL: SELECT courses.course_id, courses.subject_id, courses.year, courses.semester, courses.created_at, courses.deleted_at 
FROM courses 
WHERE courses.course_id = $1::VARCHAR]
[parameters: ('course-001',)]
(Background on this error at: https://sqlalche.me/e/20/f405)
2026-02-01 23:16:03 - backend.src_v3.infrastructure.http.api.v3.routers.student_router - ERROR - list_student_courses:2380 - Failed to list student courses: (sqlalchemy.dialects.postgresql.asyncpg.ProgrammingError) <class 'asyncpg.exceptions.UndefinedColumnError'>: column courses.deleted_at does not exist
[SQL: SELECT courses.course_id, courses.subject_id, courses.year, courses.semester, courses.created_at, courses.deleted_at 
FROM courses 
WHERE courses.course_id = $1::VARCHAR]
[parameters: ('course-001',)]
(Background on this error at: https://sqlalche.me/e/20/f405)
2026-02-01 23:17:38 - backend.src_v3.infrastructure.http.api.v3.routers.student_router - ERROR - list_student_courses:2383 - Failed to list student courses: type object 'CourseModel' has no attribute 'subject_code'
2026-02-01 23:44:04 - backend.src_v3.infrastructure.http.api.v3.routers.teacher_router - ERROR - get_teacher_courses:97 - Failed to get teacher courses: (sqlalchemy.dialects.postgresql.asyncpg.ProgrammingError) <class 'asyncpg.exceptions.UndefinedColumnError'>: column c.course_name does not exist
[SQL: 
            SELECT DISTINCT
                c.course_id,
                c.course_name,
                c.semester
            FROM courses c
            JOIN enrollments e ON c.course_id = e.course_id
            WHERE e.user_id = $1
              AND e.role = 'TEACHER'
              AND e.status = 'ACTIVE'
            ORDER BY c.semester DESC, c.course_name ASC
        ]
[parameters: ('teacher-001',)]
(Background on this error at: https://sqlalche.me/e/20/f405)
2026-02-01 23:59:12 - backend.src_v3.infrastructure.http.api.v3.routers.teacher_router - ERROR - get_teacher_modules:161 - Failed to get teacher modules: (sqlalchemy.dialects.postgresql.asyncpg.ProgrammingError) <class 'asyncpg.exceptions.UndefinedColumnError'>: column m.name does not exist
[SQL: 
            SELECT 
                m.module_id,
                m.name,
                m.description,
                m.course_id,
                c.subject_code,
                c.year,
                c.semester,
                m.created_at,
                COUNT(DISTINCT e_students.enrollment_id) as student_count
            FROM modules m
            JOIN courses c ON m.course_id = c.course_id
            JOIN enrollments e_teacher ON c.course_id = e_teacher.course_id
            LEFT JOIN enrollments e_students ON m.module_id = e_students.module_id 
                AND e_students.role = 'STUDENT' 
                AND e_students.status = 'ACTIVE'
            WHERE e_teacher.user_id = $1
              AND e_teacher.role = 'TEACHER'
              AND e_teacher.status = 'ACTIVE'
            GROUP BY m.module_id, m.name, m.description, m.course_id, 
                     c.subject_code, c.year, c.semester, m.created_at
            ORDER BY m.created_at DESC
        ]
[parameters: ('teacher-001',)]
(Background on this error at: https://sqlalche.me/e/20/f405)
2026-02-01 23:59:12 - backend.src_v3.infrastructure.http.api.v3.routers.teacher_router - ERROR - get_available_students:249 - Failed to get students: (sqlalchemy.dialects.postgresql.asyncpg.ProgrammingError) <class 'asyncpg.exceptions.UndefinedTableError'>: relation "user_roles" does not exist
[SQL: 
            SELECT 
                u.user_id,
                u.username,
                u.email,
                u.full_name
            FROM users u
            JOIN user_roles ur ON u.user_id = ur.user_id
            JOIN roles r ON ur.role_id = r.role_id
            WHERE r.name = 'STUDENT'
            ORDER BY u.full_name ASC, u.username ASC
        ]
(Background on this error at: https://sqlalche.me/e/20/f405)
2026-02-02 00:18:14 - backend.src_v3.infrastructure.http.api.v3.routers.teacher_router - ERROR - create_module:229 - Failed to create module: 'subject_code' is an invalid keyword argument for CourseModel
2026-02-02 00:19:54 - backend.src_v3.infrastructure.http.api.v3.routers.teacher_router - ERROR - create_module:248 - Failed to create module: (sqlalchemy.dialects.postgresql.asyncpg.ProgrammingError) <class 'asyncpg.exceptions.UndefinedColumnError'>: column "id" of relation "subjects" does not exist
[SQL: 
            INSERT INTO subjects (id, name, code, created_at, updated_at)
            VALUES ($1, $2, $3, NOW(), NOW())
            ON CONFLICT (code) DO UPDATE SET updated_at = NOW()
            RETURNING id
        ]
[parameters: ('d4c97076-d1bd-40e4-834a-342a29af078a', 'Test', 'MOD_4EB87BBE')]
(Background on this error at: https://sqlalche.me/e/20/f405)
2026-02-02 00:21:20 - backend.src_v3.infrastructure.http.api.v3.routers.teacher_router - ERROR - create_module:248 - Failed to create module: (sqlalchemy.dialects.postgresql.asyncpg.Error) <class 'asyncpg.exceptions.DataError'>: invalid input for query argument $4: 1 (expected str, got int)
[SQL: 
            INSERT INTO courses (course_id, subject_id, year, semester, is_active)
            VALUES ($1, $2, $3, $4, true)
        ]
[parameters: ('3563c5c3-03ed-4ec0-837c-a12848084c3f', 'efe389c0-006b-407b-8331-e78f704149c6', 2026, 1)]
(Background on this error at: https://sqlalche.me/e/20/dbapi)
2026-02-02 00:22:06 - backend.src_v3.infrastructure.http.api.v3.routers.teacher_router - ERROR - create_module:246 - Failed to create module: (sqlalchemy.dialects.postgresql.asyncpg.IntegrityError) <class 'asyncpg.exceptions.NotNullViolationError'>: null value in column "subject_code" of relation "courses" violates not-null constraint
DETAIL:  Failing row contains (a3bb26a2-1028-4149-a18b-c110384db423, null, 2026, 1, t, 2026-02-02 00:22:06.844886+00, ca1dfbfe-85c5-459a-972d-1b59fa6c93d8).
[SQL: 
            INSERT INTO courses (course_id, subject_id, year, semester, is_active)
            VALUES ($1, $2, 2026, 1, true)
        ]
[parameters: ('a3bb26a2-1028-4149-a18b-c110384db423', 'ca1dfbfe-85c5-459a-972d-1b59fa6c93d8')]
(Background on this error at: https://sqlalche.me/e/20/gkpj)
2026-02-02 00:23:07 - backend.src_v3.infrastructure.http.api.v3.routers.teacher_router - ERROR - create_module:248 - Failed to create module: (sqlalchemy.dialects.postgresql.asyncpg.IntegrityError) <class 'asyncpg.exceptions.ForeignKeyViolationError'>: insert or update on table "courses" violates foreign key constraint "courses_subject_code_fkey"
DETAIL:  Key (subject_code)=(MOD_BE5A2A61) is not present in table "subjects_legacy".
[SQL: 
            INSERT INTO courses (course_id, subject_code, subject_id, year, semester, is_active)
            VALUES ($1, $2, $3, 2026, '1C', true)
        ]
[parameters: ('d4c07691-b92d-4d45-8ffa-70819ac488d8', 'MOD_BE5A2A61', '48028e4b-5b9f-4df2-b9af-ac9e311ccfa0')]
(Background on this error at: https://sqlalche.me/e/20/gkpj)
2026-02-02 00:26:24 - backend.src_v3.infrastructure.http.api.v3.routers.teacher_router - ERROR - create_module:262 - Failed to create module: (sqlalchemy.dialects.postgresql.asyncpg.ProgrammingError) <class 'asyncpg.exceptions.UndefinedColumnError'>: column "id" of relation "subjects_legacy" does not exist
[SQL: 
            INSERT INTO subjects_legacy (id, code, name, created_at)
            VALUES ($1, $2, $3, NOW())
            ON CONFLICT (code) DO NOTHING
        ]
[parameters: ('285f7edc-918c-4537-8b84-9dd30d40c05d', 'MOD_51CA8988', 'Comision Martes 10-12')]
(Background on this error at: https://sqlalche.me/e/20/f405)
2026-02-02 02:41:34 - backend.src_v3.infrastructure.http.api.v3.routers.teacher_router - ERROR - create_enrollment:2386 - Failed to create enrollment: (sqlalchemy.dialects.postgresql.asyncpg.ProgrammingError) <class 'asyncpg.exceptions.UndefinedObjectError'>: type "enrollmentrole" does not exist
[SQL: INSERT INTO enrollments (enrollment_id, user_id, course_id, module_id, role, status, completed_at, dropped_at, metadata_json) VALUES ($1::VARCHAR, $2::VARCHAR, $3::VARCHAR, $4::VARCHAR, $5::enrollmentrole, $6::enrollment_status_new, $7::TIMESTAMP WITH TIME ZONE, $8::TIMESTAMP WITH TIME ZONE, $9::JSONB) RETURNING enrollments.enrolled_at, enrollments.created_at, enrollments.updated_at]
[parameters: ('c2ef80d0-50ee-48ac-81be-cdda8a05007f', 'student-001', '2509308a-be40-4e24-9cec-b7be47aab375', '34168338-bc48-4bde-ac67-2c034e7aa29a', 'STUDENT', 'ACTIVE', None, None, '{}')]
(Background on this error at: https://sqlalche.me/e/20/f405)
2026-02-02 02:41:34 - backend.src_v3.infrastructure.http.api.v3.routers.teacher_router - ERROR - create_enrollment:2386 - Failed to create enrollment: (sqlalchemy.dialects.postgresql.asyncpg.ProgrammingError) <class 'asyncpg.exceptions.UndefinedObjectError'>: type "enrollmentrole" does not exist
[SQL: INSERT INTO enrollments (enrollment_id, user_id, course_id, module_id, role, status, completed_at, dropped_at, metadata_json) VALUES ($1::VARCHAR, $2::VARCHAR, $3::VARCHAR, $4::VARCHAR, $5::enrollmentrole, $6::enrollment_status_new, $7::TIMESTAMP WITH TIME ZONE, $8::TIMESTAMP WITH TIME ZONE, $9::JSONB) RETURNING enrollments.enrolled_at, enrollments.created_at, enrollments.updated_at]
[parameters: ('73b4c194-018b-43d2-b3ef-3d2193ea5fa9', 'alumno-001', '2509308a-be40-4e24-9cec-b7be47aab375', '34168338-bc48-4bde-ac67-2c034e7aa29a', 'STUDENT', 'ACTIVE', None, None, '{}')]
(Background on this error at: https://sqlalche.me/e/20/f405)
2026-02-02 02:42:44 - backend.src_v3.infrastructure.http.api.v3.routers.teacher_router - ERROR - get_module_activities:2536 - Failed to get module activities: (sqlalchemy.dialects.postgresql.asyncpg.Error) <class 'asyncpg.exceptions.InvalidTextRepresentationError'>: invalid input value for enum submissionstatus: "GRADED"
[SQL: 
            SELECT 
                a.activity_id,
                a.title,
                a.instructions,
                a.difficulty,
                a.estimated_duration_minutes,
                a.order_index,
                a.status,
                a.created_at,
                COUNT(DISTINCT s.submission_id) as total_submissions,
                COUNT(DISTINCT CASE WHEN s.status = 'GRADED' THEN s.submission_id END) as graded_submissions
            FROM activities a
            LEFT JOIN submissions s ON a.activity_id = s.activity_id
            WHERE a.module_id = $1
            GROUP BY a.activity_id
            ORDER BY a.order_index ASC, a.created_at DESC
        ]
[parameters: ('undefined',)]
(Background on this error at: https://sqlalche.me/e/20/dbapi)
2026-02-02 02:42:44 - backend.src_v3.infrastructure.http.api.v3.routers.teacher_router - ERROR - get_module_activities:2536 - Failed to get module activities: (sqlalchemy.dialects.postgresql.asyncpg.Error) <class 'asyncpg.exceptions.InvalidTextRepresentationError'>: invalid input value for enum submissionstatus: "GRADED"
[SQL: 
            SELECT 
                a.activity_id,
                a.title,
                a.instructions,
                a.difficulty,
                a.estimated_duration_minutes,
                a.order_index,
                a.status,
                a.created_at,
                COUNT(DISTINCT s.submission_id) as total_submissions,
                COUNT(DISTINCT CASE WHEN s.status = 'GRADED' THEN s.submission_id END) as graded_submissions
            FROM activities a
            LEFT JOIN submissions s ON a.activity_id = s.activity_id
            WHERE a.module_id = $1
            GROUP BY a.activity_id
            ORDER BY a.order_index ASC, a.created_at DESC
        ]
[parameters: ('undefined',)]
(Background on this error at: https://sqlalche.me/e/20/dbapi)
2026-02-02 02:42:45 - backend.src_v3.infrastructure.http.api.v3.routers.teacher_router - ERROR - get_module_stats:2584 - Failed to get module stats: (sqlalchemy.dialects.postgresql.asyncpg.Error) <class 'asyncpg.exceptions.InvalidTextRepresentationError'>: invalid input value for enum submissionstatus: "GRADED"
[SQL: 
            SELECT 
                (SELECT COUNT(*) FROM enrollments WHERE module_id = $1 AND status = 'ACTIVE') as active_students,
                (SELECT COUNT(*) FROM activities WHERE module_id = $1) as total_activities,
                (SELECT COUNT(DISTINCT s.student_id) 
                 FROM submissions s 
                 JOIN activities a ON s.activity_id = a.activity_id 
                 WHERE a.module_id = $1) as students_with_submissions,
                (SELECT COUNT(*) 
                 FROM submissions s 
                 JOIN activities a ON s.activity_id = a.activity_id 
                 WHERE a.module_id = $1) as total_submissions,
                (SELECT AVG(s.final_grade) 
                 FROM submissions s 
                 JOIN activities a ON s.activity_id = a.activity_id 
                 WHERE a.module_id = $1 AND s.status = 'GRADED') as average_grade
        ]
[parameters: ('undefined',)]
(Background on this error at: https://sqlalche.me/e/20/dbapi)
2026-02-02 02:42:45 - backend.src_v3.infrastructure.http.api.v3.routers.teacher_router - ERROR - get_module_stats:2584 - Failed to get module stats: (sqlalchemy.dialects.postgresql.asyncpg.Error) <class 'asyncpg.exceptions.InvalidTextRepresentationError'>: invalid input value for enum submissionstatus: "GRADED"
[SQL: 
            SELECT 
                (SELECT COUNT(*) FROM enrollments WHERE module_id = $1 AND status = 'ACTIVE') as active_students,
                (SELECT COUNT(*) FROM activities WHERE module_id = $1) as total_activities,
                (SELECT COUNT(DISTINCT s.student_id) 
                 FROM submissions s 
                 JOIN activities a ON s.activity_id = a.activity_id 
                 WHERE a.module_id = $1) as students_with_submissions,
                (SELECT COUNT(*) 
                 FROM submissions s 
                 JOIN activities a ON s.activity_id = a.activity_id 
                 WHERE a.module_id = $1) as total_submissions,
                (SELECT AVG(s.final_grade) 
                 FROM submissions s 
                 JOIN activities a ON s.activity_id = a.activity_id 
                 WHERE a.module_id = $1 AND s.status = 'GRADED') as average_grade
        ]
[parameters: ('undefined',)]
(Background on this error at: https://sqlalche.me/e/20/dbapi)
2026-02-02 02:42:45 - backend.src_v3.infrastructure.http.api.v3.routers.teacher_router - ERROR - get_module_activities:2536 - Failed to get module activities: (sqlalchemy.dialects.postgresql.asyncpg.Error) <class 'asyncpg.exceptions.InvalidTextRepresentationError'>: invalid input value for enum submissionstatus: "GRADED"
[SQL: 
            SELECT 
                a.activity_id,
                a.title,
                a.instructions,
                a.difficulty,
                a.estimated_duration_minutes,
                a.order_index,
                a.status,
                a.created_at,
                COUNT(DISTINCT s.submission_id) as total_submissions,
                COUNT(DISTINCT CASE WHEN s.status = 'GRADED' THEN s.submission_id END) as graded_submissions
            FROM activities a
            LEFT JOIN submissions s ON a.activity_id = s.activity_id
            WHERE a.module_id = $1
            GROUP BY a.activity_id
            ORDER BY a.order_index ASC, a.created_at DESC
        ]
[parameters: ('undefined',)]
(Background on this error at: https://sqlalche.me/e/20/dbapi)
2026-02-02 02:42:45 - backend.src_v3.infrastructure.http.api.v3.routers.teacher_router - ERROR - get_module_activities:2536 - Failed to get module activities: (sqlalchemy.dialects.postgresql.asyncpg.Error) <class 'asyncpg.exceptions.InvalidTextRepresentationError'>: invalid input value for enum submissionstatus: "GRADED"
[SQL: 
            SELECT 
                a.activity_id,
                a.title,
                a.instructions,
                a.difficulty,
                a.estimated_duration_minutes,
                a.order_index,
                a.status,
                a.created_at,
                COUNT(DISTINCT s.submission_id) as total_submissions,
                COUNT(DISTINCT CASE WHEN s.status = 'GRADED' THEN s.submission_id END) as graded_submissions
            FROM activities a
            LEFT JOIN submissions s ON a.activity_id = s.activity_id
            WHERE a.module_id = $1
            GROUP BY a.activity_id
            ORDER BY a.order_index ASC, a.created_at DESC
        ]
[parameters: ('undefined',)]
(Background on this error at: https://sqlalche.me/e/20/dbapi)
2026-02-02 02:43:18 - backend.src_v3.infrastructure.http.api.v3.routers.teacher_router - ERROR - create_enrollment:2386 - Failed to create enrollment: (sqlalchemy.dialects.postgresql.asyncpg.ProgrammingError) <class 'asyncpg.exceptions.UndefinedObjectError'>: type "enrollmentrole" does not exist
[SQL: INSERT INTO enrollments (enrollment_id, user_id, course_id, module_id, role, status, completed_at, dropped_at, metadata_json) VALUES ($1::VARCHAR, $2::VARCHAR, $3::VARCHAR, $4::VARCHAR, $5::enrollmentrole, $6::enrollment_status_new, $7::TIMESTAMP WITH TIME ZONE, $8::TIMESTAMP WITH TIME ZONE, $9::JSONB) RETURNING enrollments.enrolled_at, enrollments.created_at, enrollments.updated_at]
[parameters: ('7614021b-e641-45df-a382-ecc818ad7f18', 'alumno-001', 'a5ec42e5-e748-44cd-9b4b-c4b9a4ecf894', '309fd23a-eebf-496c-b939-fb482aa83100', 'STUDENT', 'ACTIVE', None, None, '{}')]
(Background on this error at: https://sqlalche.me/e/20/f405)
2026-02-02 02:47:30 - backend.src_v3.infrastructure.http.api.v3.routers.teacher_router - ERROR - create_module:261 - Failed to create module: (sqlalchemy.dialects.postgresql.asyncpg.IntegrityError) <class 'asyncpg.exceptions.ForeignKeyViolationError'>: insert or update on table "enrollments" violates foreign key constraint "enrollments_user_id_fkey"
DETAIL:  Key (user_id)=(undefined) is not present in table "users".
[SQL: 
            INSERT INTO enrollments (enrollment_id, user_id, course_id, role, status)
            VALUES ($1, $2, $3, 'TEACHER', 'ACTIVE')
        ]
[parameters: ('7346e44b-2111-4652-b096-4dc3146517c2', 'undefined', 'f9a03eab-cc52-435a-897e-a729afa8d668')]
(Background on this error at: https://sqlalche.me/e/20/gkpj)
2026-02-02 13:30:44 - backend.src_v3.infrastructure.http.api.v3.routers.teacher_router - ERROR - get_module_activities:2536 - Failed to get module activities: (sqlalchemy.dialects.postgresql.asyncpg.Error) <class 'asyncpg.exceptions.InvalidTextRepresentationError'>: invalid input value for enum submissionstatus: "GRADED"
[SQL: 
            SELECT 
                a.activity_id,
                a.title,
                a.instructions,
                a.difficulty,
                a.estimated_duration_minutes,
                a.order_index,
                a.status,
                a.created_at,
                COUNT(DISTINCT s.submission_id) as total_submissions,
                COUNT(DISTINCT CASE WHEN s.status = 'GRADED' THEN s.submission_id END) as graded_submissions
            FROM activities a
            LEFT JOIN submissions s ON a.activity_id = s.activity_id
            WHERE a.module_id = $1
            GROUP BY a.activity_id
            ORDER BY a.order_index ASC, a.created_at DESC
        ]
[parameters: ('701c7617-75ea-4caa-89f9-a541f213e03a',)]
(Background on this error at: https://sqlalche.me/e/20/dbapi)
2026-02-02 13:30:44 - backend.src_v3.infrastructure.http.api.v3.routers.teacher_router - ERROR - get_module_activities:2536 - Failed to get module activities: (sqlalchemy.dialects.postgresql.asyncpg.Error) <class 'asyncpg.exceptions.InvalidTextRepresentationError'>: invalid input value for enum submissionstatus: "GRADED"
[SQL: 
            SELECT 
                a.activity_id,
                a.title,
                a.instructions,
                a.difficulty,
                a.estimated_duration_minutes,
                a.order_index,
                a.status,
                a.created_at,
                COUNT(DISTINCT s.submission_id) as total_submissions,
                COUNT(DISTINCT CASE WHEN s.status = 'GRADED' THEN s.submission_id END) as graded_submissions
            FROM activities a
            LEFT JOIN submissions s ON a.activity_id = s.activity_id
            WHERE a.module_id = $1
            GROUP BY a.activity_id
            ORDER BY a.order_index ASC, a.created_at DESC
        ]
[parameters: ('701c7617-75ea-4caa-89f9-a541f213e03a',)]
(Background on this error at: https://sqlalche.me/e/20/dbapi)
2026-02-02 13:30:53 - backend.src_v3.infrastructure.http.api.v3.routers.teacher_router - ERROR - get_module_activities:2536 - Failed to get module activities: (sqlalchemy.dialects.postgresql.asyncpg.Error) <class 'asyncpg.exceptions.InvalidTextRepresentationError'>: invalid input value for enum submissionstatus: "GRADED"
[SQL: 
            SELECT 
                a.activity_id,
                a.title,
                a.instructions,
                a.difficulty,
                a.estimated_duration_minutes,
                a.order_index,
                a.status,
                a.created_at,
                COUNT(DISTINCT s.submission_id) as total_submissions,
                COUNT(DISTINCT CASE WHEN s.status = 'GRADED' THEN s.submission_id END) as graded_submissions
            FROM activities a
            LEFT JOIN submissions s ON a.activity_id = s.activity_id
            WHERE a.module_id = $1
            GROUP BY a.activity_id
            ORDER BY a.order_index ASC, a.created_at DESC
        ]
[parameters: ('701c7617-75ea-4caa-89f9-a541f213e03a',)]
(Background on this error at: https://sqlalche.me/e/20/dbapi)
2026-02-02 13:30:53 - backend.src_v3.infrastructure.http.api.v3.routers.teacher_router - ERROR - get_module_activities:2536 - Failed to get module activities: (sqlalchemy.dialects.postgresql.asyncpg.Error) <class 'asyncpg.exceptions.InvalidTextRepresentationError'>: invalid input value for enum submissionstatus: "GRADED"
[SQL: 
            SELECT 
                a.activity_id,
                a.title,
                a.instructions,
                a.difficulty,
                a.estimated_duration_minutes,
                a.order_index,
                a.status,
                a.created_at,
                COUNT(DISTINCT s.submission_id) as total_submissions,
                COUNT(DISTINCT CASE WHEN s.status = 'GRADED' THEN s.submission_id END) as graded_submissions
            FROM activities a
            LEFT JOIN submissions s ON a.activity_id = s.activity_id
            WHERE a.module_id = $1
            GROUP BY a.activity_id
            ORDER BY a.order_index ASC, a.created_at DESC
        ]
[parameters: ('701c7617-75ea-4caa-89f9-a541f213e03a',)]
(Background on this error at: https://sqlalche.me/e/20/dbapi)
2026-02-02 13:30:57 - backend.src_v3.infrastructure.http.api.v3.routers.teacher_router - ERROR - get_module_activities:2536 - Failed to get module activities: (sqlalchemy.dialects.postgresql.asyncpg.Error) <class 'asyncpg.exceptions.InvalidTextRepresentationError'>: invalid input value for enum submissionstatus: "GRADED"
[SQL: 
            SELECT 
                a.activity_id,
                a.title,
                a.instructions,
                a.difficulty,
                a.estimated_duration_minutes,
                a.order_index,
                a.status,
                a.created_at,
                COUNT(DISTINCT s.submission_id) as total_submissions,
                COUNT(DISTINCT CASE WHEN s.status = 'GRADED' THEN s.submission_id END) as graded_submissions
            FROM activities a
            LEFT JOIN submissions s ON a.activity_id = s.activity_id
            WHERE a.module_id = $1
            GROUP BY a.activity_id
            ORDER BY a.order_index ASC, a.created_at DESC
        ]
[parameters: ('701c7617-75ea-4caa-89f9-a541f213e03a',)]
(Background on this error at: https://sqlalche.me/e/20/dbapi)
2026-02-02 13:30:57 - backend.src_v3.infrastructure.http.api.v3.routers.teacher_router - ERROR - get_module_activities:2536 - Failed to get module activities: (sqlalchemy.dialects.postgresql.asyncpg.Error) <class 'asyncpg.exceptions.InvalidTextRepresentationError'>: invalid input value for enum submissionstatus: "GRADED"
[SQL: 
            SELECT 
                a.activity_id,
                a.title,
                a.instructions,
                a.difficulty,
                a.estimated_duration_minutes,
                a.order_index,
                a.status,
                a.created_at,
                COUNT(DISTINCT s.submission_id) as total_submissions,
                COUNT(DISTINCT CASE WHEN s.status = 'GRADED' THEN s.submission_id END) as graded_submissions
            FROM activities a
            LEFT JOIN submissions s ON a.activity_id = s.activity_id
            WHERE a.module_id = $1
            GROUP BY a.activity_id
            ORDER BY a.order_index ASC, a.created_at DESC
        ]
[parameters: ('701c7617-75ea-4caa-89f9-a541f213e03a',)]
(Background on this error at: https://sqlalche.me/e/20/dbapi)
2026-02-02 13:32:36 - backend.src_v3.infrastructure.http.api.v3.routers.teacher_router - ERROR - get_module_activities:2536 - Failed to get module activities: (sqlalchemy.dialects.postgresql.asyncpg.Error) <class 'asyncpg.exceptions.InvalidTextRepresentationError'>: invalid input value for enum submissionstatus: "GRADED"
[SQL: 
            SELECT 
                a.activity_id,
                a.title,
                a.instructions,
                a.difficulty,
                a.estimated_duration_minutes,
                a.order_index,
                a.status,
                a.created_at,
                COUNT(DISTINCT s.submission_id) as total_submissions,
                COUNT(DISTINCT CASE WHEN s.status = 'GRADED' THEN s.submission_id END) as graded_submissions
            FROM activities a
            LEFT JOIN submissions s ON a.activity_id = s.activity_id
            WHERE a.module_id = $1
            GROUP BY a.activity_id
            ORDER BY a.order_index ASC, a.created_at DESC
        ]
[parameters: ('309fd23a-eebf-496c-b939-fb482aa83100',)]
(Background on this error at: https://sqlalche.me/e/20/dbapi)
2026-02-02 13:38:35 - chromadb.telemetry.product.posthog - ERROR - _direct_capture:61 - Failed to send telemetry event ClientStartEvent: capture() takes 1 positional argument but 3 were given
2026-02-02 13:38:36 - chromadb.telemetry.product.posthog - ERROR - _direct_capture:61 - Failed to send telemetry event ClientCreateCollectionEvent: capture() takes 1 positional argument but 3 were given
2026-02-02 13:38:37 - chromadb.telemetry.product.posthog - ERROR - _direct_capture:61 - Failed to send telemetry event ClientStartEvent: capture() takes 1 positional argument but 3 were given
2026-02-02 13:38:39 - chromadb.telemetry.product.posthog - ERROR - _direct_capture:61 - Failed to send telemetry event ClientStartEvent: capture() takes 1 positional argument but 3 were given
2026-02-02 13:38:41 - chromadb.telemetry.product.posthog - ERROR - _direct_capture:61 - Failed to send telemetry event ClientStartEvent: capture() takes 1 positional argument but 3 were given
2026-02-02 13:38:43 - chromadb.telemetry.product.posthog - ERROR - _direct_capture:61 - Failed to send telemetry event ClientStartEvent: capture() takes 1 positional argument but 3 were given
2026-02-02 13:38:45 - chromadb.telemetry.product.posthog - ERROR - _direct_capture:61 - Failed to send telemetry event ClientStartEvent: capture() takes 1 positional argument but 3 were given
2026-02-02 13:38:51 - chromadb.telemetry.product.posthog - ERROR - _direct_capture:61 - Failed to send telemetry event ClientStartEvent: capture() takes 1 positional argument but 3 were given
2026-02-02 13:38:56 - chromadb.telemetry.product.posthog - ERROR - _direct_capture:61 - Failed to send telemetry event ClientStartEvent: capture() takes 1 positional argument but 3 were given
2026-02-02 13:38:59 - chromadb.telemetry.product.posthog - ERROR - _direct_capture:61 - Failed to send telemetry event ClientStartEvent: capture() takes 1 positional argument but 3 were given
2026-02-02 13:39:00 - chromadb.telemetry.product.posthog - ERROR - _direct_capture:61 - Failed to send telemetry event CollectionAddEvent: capture() takes 1 positional argument but 3 were given
2026-02-02 13:39:04 - chromadb.telemetry.product.posthog - ERROR - _direct_capture:61 - Failed to send telemetry event CollectionQueryEvent: capture() takes 1 positional argument but 3 were given
2026-02-02 13:39:04 - chromadb.telemetry.product.posthog - ERROR - _direct_capture:61 - Failed to send telemetry event ClientStartEvent: capture() takes 1 positional argument but 3 were given
2026-02-02 13:39:07 - chromadb.telemetry.product.posthog - ERROR - _direct_capture:61 - Failed to send telemetry event ClientStartEvent: capture() takes 1 positional argument but 3 were given
2026-02-02 13:39:10 - chromadb.telemetry.product.posthog - ERROR - _direct_capture:61 - Failed to send telemetry event ClientStartEvent: capture() takes 1 positional argument but 3 were given
2026-02-02 13:39:12 - chromadb.telemetry.product.posthog - ERROR - _direct_capture:61 - Failed to send telemetry event ClientStartEvent: capture() takes 1 positional argument but 3 were given
2026-02-02 13:39:14 - chromadb.telemetry.product.posthog - ERROR - _direct_capture:61 - Failed to send telemetry event ClientStartEvent: capture() takes 1 positional argument but 3 were given
2026-02-02 13:39:16 - chromadb.telemetry.product.posthog - ERROR - _direct_capture:61 - Failed to send telemetry event ClientStartEvent: capture() takes 1 positional argument but 3 were given
2026-02-02 13:39:18 - chromadb.telemetry.product.posthog - ERROR - _direct_capture:61 - Failed to send telemetry event ClientStartEvent: capture() takes 1 positional argument but 3 were given
2026-02-02 13:39:20 - chromadb.telemetry.product.posthog - ERROR - _direct_capture:61 - Failed to send telemetry event ClientStartEvent: capture() takes 1 positional argument but 3 were given
2026-02-02 13:39:22 - chromadb.telemetry.product.posthog - ERROR - _direct_capture:61 - Failed to send telemetry event ClientStartEvent: capture() takes 1 positional argument but 3 were given
2026-02-02 13:39:24 - chromadb.telemetry.product.posthog - ERROR - _direct_capture:61 - Failed to send telemetry event ClientStartEvent: capture() takes 1 positional argument but 3 were given
2026-02-02 13:39:26 - chromadb.telemetry.product.posthog - ERROR - _direct_capture:61 - Failed to send telemetry event ClientStartEvent: capture() takes 1 positional argument but 3 were given
2026-02-02 13:39:28 - chromadb.telemetry.product.posthog - ERROR - _direct_capture:61 - Failed to send telemetry event ClientStartEvent: capture() takes 1 positional argument but 3 were given
2026-02-02 13:39:30 - chromadb.telemetry.product.posthog - ERROR - _direct_capture:61 - Failed to send telemetry event ClientStartEvent: capture() takes 1 positional argument but 3 were given
2026-02-02 13:39:33 - chromadb.telemetry.product.posthog - ERROR - _direct_capture:61 - Failed to send telemetry event ClientStartEvent: capture() takes 1 positional argument but 3 were given
2026-02-02 13:39:35 - chromadb.telemetry.product.posthog - ERROR - _direct_capture:61 - Failed to send telemetry event ClientStartEvent: capture() takes 1 positional argument but 3 were given
2026-02-02 13:39:37 - chromadb.telemetry.product.posthog - ERROR - _direct_capture:61 - Failed to send telemetry event ClientStartEvent: capture() takes 1 positional argument but 3 were given
2026-02-02 13:39:39 - chromadb.telemetry.product.posthog - ERROR - _direct_capture:61 - Failed to send telemetry event ClientStartEvent: capture() takes 1 positional argument but 3 were given
2026-02-02 13:39:41 - chromadb.telemetry.product.posthog - ERROR - _direct_capture:61 - Failed to send telemetry event ClientStartEvent: capture() takes 1 positional argument but 3 were given
2026-02-02 13:39:43 - chromadb.telemetry.product.posthog - ERROR - _direct_capture:61 - Failed to send telemetry event ClientStartEvent: capture() takes 1 positional argument but 3 were given
2026-02-02 13:39:45 - chromadb.telemetry.product.posthog - ERROR - _direct_capture:61 - Failed to send telemetry event ClientStartEvent: capture() takes 1 positional argument but 3 were given
2026-02-02 13:39:47 - chromadb.telemetry.product.posthog - ERROR - _direct_capture:61 - Failed to send telemetry event ClientStartEvent: capture() takes 1 positional argument but 3 were given
2026-02-02 13:39:50 - chromadb.telemetry.product.posthog - ERROR - _direct_capture:61 - Failed to send telemetry event ClientStartEvent: capture() takes 1 positional argument but 3 were given
2026-02-02 13:39:52 - chromadb.telemetry.product.posthog - ERROR - _direct_capture:61 - Failed to send telemetry event ClientStartEvent: capture() takes 1 positional argument but 3 were given
2026-02-02 13:39:54 - chromadb.telemetry.product.posthog - ERROR - _direct_capture:61 - Failed to send telemetry event ClientStartEvent: capture() takes 1 positional argument but 3 were given
2026-02-02 13:39:56 - chromadb.telemetry.product.posthog - ERROR - _direct_capture:61 - Failed to send telemetry event ClientStartEvent: capture() takes 1 positional argument but 3 were given
2026-02-02 13:39:58 - chromadb.telemetry.product.posthog - ERROR - _direct_capture:61 - Failed to send telemetry event ClientStartEvent: capture() takes 1 positional argument but 3 were given
2026-02-02 13:40:00 - chromadb.telemetry.product.posthog - ERROR - _direct_capture:61 - Failed to send telemetry event ClientStartEvent: capture() takes 1 positional argument but 3 were given
2026-02-02 13:40:02 - chromadb.telemetry.product.posthog - ERROR - _direct_capture:61 - Failed to send telemetry event ClientStartEvent: capture() takes 1 positional argument but 3 were given
2026-02-02 13:40:04 - chromadb.telemetry.product.posthog - ERROR - _direct_capture:61 - Failed to send telemetry event ClientStartEvent: capture() takes 1 positional argument but 3 were given
2026-02-02 13:40:06 - chromadb.telemetry.product.posthog - ERROR - _direct_capture:61 - Failed to send telemetry event ClientStartEvent: capture() takes 1 positional argument but 3 were given
2026-02-02 13:40:08 - chromadb.telemetry.product.posthog - ERROR - _direct_capture:61 - Failed to send telemetry event ClientStartEvent: capture() takes 1 positional argument but 3 were given
2026-02-02 13:40:11 - chromadb.telemetry.product.posthog - ERROR - _direct_capture:61 - Failed to send telemetry event ClientStartEvent: capture() takes 1 positional argument but 3 were given
2026-02-02 13:40:13 - chromadb.telemetry.product.posthog - ERROR - _direct_capture:61 - Failed to send telemetry event ClientStartEvent: capture() takes 1 positional argument but 3 were given
2026-02-02 13:40:15 - chromadb.telemetry.product.posthog - ERROR - _direct_capture:61 - Failed to send telemetry event ClientStartEvent: capture() takes 1 positional argument but 3 were given
2026-02-02 13:40:17 - chromadb.telemetry.product.posthog - ERROR - _direct_capture:61 - Failed to send telemetry event ClientStartEvent: capture() takes 1 positional argument but 3 were given
2026-02-02 13:40:19 - chromadb.telemetry.product.posthog - ERROR - _direct_capture:61 - Failed to send telemetry event ClientStartEvent: capture() takes 1 positional argument but 3 were given
2026-02-02 13:40:21 - chromadb.telemetry.product.posthog - ERROR - _direct_capture:61 - Failed to send telemetry event ClientStartEvent: capture() takes 1 positional argument but 3 were given
2026-02-02 13:40:23 - chromadb.telemetry.product.posthog - ERROR - _direct_capture:61 - Failed to send telemetry event ClientStartEvent: capture() takes 1 positional argument but 3 were given
2026-02-02 13:40:23 - chromadb.telemetry.product.posthog - ERROR - _direct_capture:61 - Failed to send telemetry event ClientStartEvent: capture() takes 1 positional argument but 3 were given
2026-02-02 13:44:10 - backend.src_v3.infrastructure.http.api.v3.routers.teacher_router - ERROR - get_module_stats:2589 - Failed to get module stats: (sqlalchemy.dialects.postgresql.asyncpg.Error) <class 'asyncpg.exceptions.InvalidTextRepresentationError'>: invalid input value for enum submissionstatus: "GRADED"
[SQL: 
            SELECT 
                (SELECT COUNT(*) FROM enrollments WHERE module_id = $1 AND status = 'ACTIVE') as active_students,
                (SELECT COUNT(*) FROM activities WHERE module_id = $1) as total_activities,
                (SELECT COUNT(DISTINCT s.student_id) 
                 FROM submissions s 
                 JOIN activities a ON s.activity_id = a.activity_id 
                 WHERE a.module_id = $1) as students_with_submissions,
                (SELECT COUNT(*) 
                 FROM submissions s 
                 JOIN activities a ON s.activity_id = a.activity_id 
                 WHERE a.module_id = $1) as total_submissions,
                (SELECT AVG(s.final_grade) 
                 FROM submissions s 
                 JOIN activities a ON s.activity_id = a.activity_id 
                 WHERE a.module_id = $1 AND s.status = 'GRADED') as average_grade
        ]
[parameters: ('701c7617-75ea-4caa-89f9-a541f213e03a',)]
(Background on this error at: https://sqlalche.me/e/20/dbapi)
2026-02-02 13:44:10 - backend.src_v3.infrastructure.http.api.v3.routers.teacher_router - ERROR - get_module_stats:2589 - Failed to get module stats: (sqlalchemy.dialects.postgresql.asyncpg.Error) <class 'asyncpg.exceptions.InvalidTextRepresentationError'>: invalid input value for enum submissionstatus: "GRADED"
[SQL: 
            SELECT 
                (SELECT COUNT(*) FROM enrollments WHERE module_id = $1 AND status = 'ACTIVE') as active_students,
                (SELECT COUNT(*) FROM activities WHERE module_id = $1) as total_activities,
                (SELECT COUNT(DISTINCT s.student_id) 
                 FROM submissions s 
                 JOIN activities a ON s.activity_id = a.activity_id 
                 WHERE a.module_id = $1) as students_with_submissions,
                (SELECT COUNT(*) 
                 FROM submissions s 
                 JOIN activities a ON s.activity_id = a.activity_id 
                 WHERE a.module_id = $1) as total_submissions,
                (SELECT AVG(s.final_grade) 
                 FROM submissions s 
                 JOIN activities a ON s.activity_id = a.activity_id 
                 WHERE a.module_id = $1 AND s.status = 'GRADED') as average_grade
        ]
[parameters: ('701c7617-75ea-4caa-89f9-a541f213e03a',)]
(Background on this error at: https://sqlalche.me/e/20/dbapi)
2026-02-02 13:50:23 - chromadb.telemetry.product.posthog - ERROR - _direct_capture:61 - Failed to send telemetry event ClientStartEvent: capture() takes 1 positional argument but 3 were given
2026-02-02 13:50:23 - chromadb.telemetry.product.posthog - ERROR - _direct_capture:61 - Failed to send telemetry event ClientCreateCollectionEvent: capture() takes 1 positional argument but 3 were given
2026-02-02 13:50:27 - chromadb.telemetry.product.posthog - ERROR - _direct_capture:61 - Failed to send telemetry event ClientStartEvent: capture() takes 1 positional argument but 3 were given
2026-02-02 13:50:31 - chromadb.telemetry.product.posthog - ERROR - _direct_capture:61 - Failed to send telemetry event ClientStartEvent: capture() takes 1 positional argument but 3 were given
2026-02-02 13:50:35 - chromadb.telemetry.product.posthog - ERROR - _direct_capture:61 - Failed to send telemetry event CollectionAddEvent: capture() takes 1 positional argument but 3 were given
2026-02-02 13:50:38 - chromadb.telemetry.product.posthog - ERROR - _direct_capture:61 - Failed to send telemetry event CollectionQueryEvent: capture() takes 1 positional argument but 3 were given
2026-02-02 13:50:38 - chromadb.telemetry.product.posthog - ERROR - _direct_capture:61 - Failed to send telemetry event ClientStartEvent: capture() takes 1 positional argument but 3 were given
2026-02-02 13:50:42 - chromadb.telemetry.product.posthog - ERROR - _direct_capture:61 - Failed to send telemetry event ClientStartEvent: capture() takes 1 positional argument but 3 were given
2026-02-02 13:50:44 - chromadb.telemetry.product.posthog - ERROR - _direct_capture:61 - Failed to send telemetry event ClientStartEvent: capture() takes 1 positional argument but 3 were given
2026-02-02 13:50:46 - chromadb.telemetry.product.posthog - ERROR - _direct_capture:61 - Failed to send telemetry event ClientStartEvent: capture() takes 1 positional argument but 3 were given
2026-02-02 13:50:48 - chromadb.telemetry.product.posthog - ERROR - _direct_capture:61 - Failed to send telemetry event ClientStartEvent: capture() takes 1 positional argument but 3 were given
2026-02-02 13:50:50 - chromadb.telemetry.product.posthog - ERROR - _direct_capture:61 - Failed to send telemetry event ClientStartEvent: capture() takes 1 positional argument but 3 were given
2026-02-02 13:50:52 - chromadb.telemetry.product.posthog - ERROR - _direct_capture:61 - Failed to send telemetry event ClientStartEvent: capture() takes 1 positional argument but 3 were given
2026-02-02 13:50:54 - chromadb.telemetry.product.posthog - ERROR - _direct_capture:61 - Failed to send telemetry event ClientStartEvent: capture() takes 1 positional argument but 3 were given
2026-02-02 13:50:57 - chromadb.telemetry.product.posthog - ERROR - _direct_capture:61 - Failed to send telemetry event ClientStartEvent: capture() takes 1 positional argument but 3 were given
2026-02-02 13:50:59 - chromadb.telemetry.product.posthog - ERROR - _direct_capture:61 - Failed to send telemetry event ClientStartEvent: capture() takes 1 positional argument but 3 were given
2026-02-02 13:51:01 - chromadb.telemetry.product.posthog - ERROR - _direct_capture:61 - Failed to send telemetry event ClientStartEvent: capture() takes 1 positional argument but 3 were given
2026-02-02 13:51:03 - chromadb.telemetry.product.posthog - ERROR - _direct_capture:61 - Failed to send telemetry event ClientStartEvent: capture() takes 1 positional argument but 3 were given
2026-02-02 13:51:05 - chromadb.telemetry.product.posthog - ERROR - _direct_capture:61 - Failed to send telemetry event ClientStartEvent: capture() takes 1 positional argument but 3 were given
2026-02-02 13:51:07 - chromadb.telemetry.product.posthog - ERROR - _direct_capture:61 - Failed to send telemetry event ClientStartEvent: capture() takes 1 positional argument but 3 were given
2026-02-02 13:51:09 - chromadb.telemetry.product.posthog - ERROR - _direct_capture:61 - Failed to send telemetry event ClientStartEvent: capture() takes 1 positional argument but 3 were given
2026-02-02 13:51:11 - chromadb.telemetry.product.posthog - ERROR - _direct_capture:61 - Failed to send telemetry event ClientStartEvent: capture() takes 1 positional argument but 3 were given
2026-02-02 13:51:13 - chromadb.telemetry.product.posthog - ERROR - _direct_capture:61 - Failed to send telemetry event ClientStartEvent: capture() takes 1 positional argument but 3 were given
2026-02-02 13:51:15 - chromadb.telemetry.product.posthog - ERROR - _direct_capture:61 - Failed to send telemetry event ClientStartEvent: capture() takes 1 positional argument but 3 were given
2026-02-02 13:51:17 - chromadb.telemetry.product.posthog - ERROR - _direct_capture:61 - Failed to send telemetry event ClientStartEvent: capture() takes 1 positional argument but 3 were given
2026-02-02 13:51:19 - chromadb.telemetry.product.posthog - ERROR - _direct_capture:61 - Failed to send telemetry event ClientStartEvent: capture() takes 1 positional argument but 3 were given
2026-02-02 13:51:22 - chromadb.telemetry.product.posthog - ERROR - _direct_capture:61 - Failed to send telemetry event ClientStartEvent: capture() takes 1 positional argument but 3 were given
2026-02-02 13:51:24 - chromadb.telemetry.product.posthog - ERROR - _direct_capture:61 - Failed to send telemetry event ClientStartEvent: capture() takes 1 positional argument but 3 were given
2026-02-02 13:51:26 - chromadb.telemetry.product.posthog - ERROR - _direct_capture:61 - Failed to send telemetry event ClientStartEvent: capture() takes 1 positional argument but 3 were given
2026-02-02 13:51:28 - chromadb.telemetry.product.posthog - ERROR - _direct_capture:61 - Failed to send telemetry event ClientStartEvent: capture() takes 1 positional argument but 3 were given
2026-02-02 13:51:30 - chromadb.telemetry.product.posthog - ERROR - _direct_capture:61 - Failed to send telemetry event ClientStartEvent: capture() takes 1 positional argument but 3 were given
2026-02-02 13:51:32 - chromadb.telemetry.product.posthog - ERROR - _direct_capture:61 - Failed to send telemetry event ClientStartEvent: capture() takes 1 positional argument but 3 were given
2026-02-02 13:51:34 - chromadb.telemetry.product.posthog - ERROR - _direct_capture:61 - Failed to send telemetry event ClientStartEvent: capture() takes 1 positional argument but 3 were given
2026-02-02 13:51:37 - chromadb.telemetry.product.posthog - ERROR - _direct_capture:61 - Failed to send telemetry event ClientStartEvent: capture() takes 1 positional argument but 3 were given
2026-02-02 13:51:39 - chromadb.telemetry.product.posthog - ERROR - _direct_capture:61 - Failed to send telemetry event ClientStartEvent: capture() takes 1 positional argument but 3 were given
2026-02-02 13:51:41 - chromadb.telemetry.product.posthog - ERROR - _direct_capture:61 - Failed to send telemetry event ClientStartEvent: capture() takes 1 positional argument but 3 were given
2026-02-02 13:51:43 - chromadb.telemetry.product.posthog - ERROR - _direct_capture:61 - Failed to send telemetry event ClientStartEvent: capture() takes 1 positional argument but 3 were given
2026-02-02 13:51:45 - chromadb.telemetry.product.posthog - ERROR - _direct_capture:61 - Failed to send telemetry event ClientStartEvent: capture() takes 1 positional argument but 3 were given
2026-02-02 13:51:47 - chromadb.telemetry.product.posthog - ERROR - _direct_capture:61 - Failed to send telemetry event ClientStartEvent: capture() takes 1 positional argument but 3 were given
2026-02-02 13:51:49 - chromadb.telemetry.product.posthog - ERROR - _direct_capture:61 - Failed to send telemetry event ClientStartEvent: capture() takes 1 positional argument but 3 were given
2026-02-02 13:51:49 - chromadb.telemetry.product.posthog - ERROR - _direct_capture:61 - Failed to send telemetry event ClientStartEvent: capture() takes 1 positional argument but 3 were given
2026-02-02 13:51:49 - backend.src_v3.infrastructure.ai.teacher_generator_graph - ERROR - approve_and_publish:885 - CRITICAL AI FAILURE - Approve and publish: Traceback (most recent call last):
  File "/app/backend/src_v3/infrastructure/ai/teacher_generator_graph.py", line 857, in approve_and_publish
    from backend.src_v3.infrastructure.ai.db_persistence import publish_exercises_to_db
  File "/app/backend/src_v3/infrastructure/ai/db_persistence.py", line 34, in <module>
    module_id: Optional[str] = None
               ^^^^^^^^
NameError: name 'Optional' is not defined

2026-02-02 13:56:04 - chromadb.telemetry.product.posthog - ERROR - _direct_capture:61 - Failed to send telemetry event ClientStartEvent: capture() takes 1 positional argument but 3 were given
2026-02-02 13:56:04 - chromadb.telemetry.product.posthog - ERROR - _direct_capture:61 - Failed to send telemetry event ClientCreateCollectionEvent: capture() takes 1 positional argument but 3 were given
2026-02-02 13:56:08 - chromadb.telemetry.product.posthog - ERROR - _direct_capture:61 - Failed to send telemetry event ClientStartEvent: capture() takes 1 positional argument but 3 were given
2026-02-02 13:56:14 - chromadb.telemetry.product.posthog - ERROR - _direct_capture:61 - Failed to send telemetry event ClientStartEvent: capture() takes 1 positional argument but 3 were given
2026-02-02 13:56:17 - chromadb.telemetry.product.posthog - ERROR - _direct_capture:61 - Failed to send telemetry event ClientStartEvent: capture() takes 1 positional argument but 3 were given
2026-02-02 13:56:17 - chromadb.telemetry.product.posthog - ERROR - _direct_capture:61 - Failed to send telemetry event CollectionAddEvent: capture() takes 1 positional argument but 3 were given
2026-02-02 13:56:22 - chromadb.telemetry.product.posthog - ERROR - _direct_capture:61 - Failed to send telemetry event CollectionQueryEvent: capture() takes 1 positional argument but 3 were given
2026-02-02 13:56:22 - chromadb.telemetry.product.posthog - ERROR - _direct_capture:61 - Failed to send telemetry event ClientStartEvent: capture() takes 1 positional argument but 3 were given
2026-02-02 13:56:25 - chromadb.telemetry.product.posthog - ERROR - _direct_capture:61 - Failed to send telemetry event ClientStartEvent: capture() takes 1 positional argument but 3 were given
2026-02-02 13:56:27 - chromadb.telemetry.product.posthog - ERROR - _direct_capture:61 - Failed to send telemetry event ClientStartEvent: capture() takes 1 positional argument but 3 were given
2026-02-02 13:56:29 - chromadb.telemetry.product.posthog - ERROR - _direct_capture:61 - Failed to send telemetry event ClientStartEvent: capture() takes 1 positional argument but 3 were given
2026-02-02 13:56:31 - chromadb.telemetry.product.posthog - ERROR - _direct_capture:61 - Failed to send telemetry event ClientStartEvent: capture() takes 1 positional argument but 3 were given
2026-02-02 13:56:33 - chromadb.telemetry.product.posthog - ERROR - _direct_capture:61 - Failed to send telemetry event ClientStartEvent: capture() takes 1 positional argument but 3 were given
2026-02-02 13:56:35 - chromadb.telemetry.product.posthog - ERROR - _direct_capture:61 - Failed to send telemetry event ClientStartEvent: capture() takes 1 positional argument but 3 were given
2026-02-02 13:56:37 - chromadb.telemetry.product.posthog - ERROR - _direct_capture:61 - Failed to send telemetry event ClientStartEvent: capture() takes 1 positional argument but 3 were given
2026-02-02 13:56:39 - chromadb.telemetry.product.posthog - ERROR - _direct_capture:61 - Failed to send telemetry event ClientStartEvent: capture() takes 1 positional argument but 3 were given
2026-02-02 13:56:42 - chromadb.telemetry.product.posthog - ERROR - _direct_capture:61 - Failed to send telemetry event ClientStartEvent: capture() takes 1 positional argument but 3 were given
2026-02-02 13:56:44 - chromadb.telemetry.product.posthog - ERROR - _direct_capture:61 - Failed to send telemetry event ClientStartEvent: capture() takes 1 positional argument but 3 were given
2026-02-02 13:56:46 - chromadb.telemetry.product.posthog - ERROR - _direct_capture:61 - Failed to send telemetry event ClientStartEvent: capture() takes 1 positional argument but 3 were given
2026-02-02 13:56:48 - chromadb.telemetry.product.posthog - ERROR - _direct_capture:61 - Failed to send telemetry event ClientStartEvent: capture() takes 1 positional argument but 3 were given
2026-02-02 13:56:50 - chromadb.telemetry.product.posthog - ERROR - _direct_capture:61 - Failed to send telemetry event ClientStartEvent: capture() takes 1 positional argument but 3 were given
2026-02-02 13:56:52 - chromadb.telemetry.product.posthog - ERROR - _direct_capture:61 - Failed to send telemetry event ClientStartEvent: capture() takes 1 positional argument but 3 were given
2026-02-02 13:56:54 - chromadb.telemetry.product.posthog - ERROR - _direct_capture:61 - Failed to send telemetry event ClientStartEvent: capture() takes 1 positional argument but 3 were given
2026-02-02 13:56:56 - chromadb.telemetry.product.posthog - ERROR - _direct_capture:61 - Failed to send telemetry event ClientStartEvent: capture() takes 1 positional argument but 3 were given
2026-02-02 13:56:59 - chromadb.telemetry.product.posthog - ERROR - _direct_capture:61 - Failed to send telemetry event ClientStartEvent: capture() takes 1 positional argument but 3 were given
2026-02-02 13:57:01 - chromadb.telemetry.product.posthog - ERROR - _direct_capture:61 - Failed to send telemetry event ClientStartEvent: capture() takes 1 positional argument but 3 were given
2026-02-02 13:57:03 - chromadb.telemetry.product.posthog - ERROR - _direct_capture:61 - Failed to send telemetry event ClientStartEvent: capture() takes 1 positional argument but 3 were given
2026-02-02 13:57:05 - chromadb.telemetry.product.posthog - ERROR - _direct_capture:61 - Failed to send telemetry event ClientStartEvent: capture() takes 1 positional argument but 3 were given
2026-02-02 13:57:07 - chromadb.telemetry.product.posthog - ERROR - _direct_capture:61 - Failed to send telemetry event ClientStartEvent: capture() takes 1 positional argument but 3 were given
2026-02-02 13:57:09 - chromadb.telemetry.product.posthog - ERROR - _direct_capture:61 - Failed to send telemetry event ClientStartEvent: capture() takes 1 positional argument but 3 were given
2026-02-02 13:57:11 - chromadb.telemetry.product.posthog - ERROR - _direct_capture:61 - Failed to send telemetry event ClientStartEvent: capture() takes 1 positional argument but 3 were given
2026-02-02 13:57:13 - chromadb.telemetry.product.posthog - ERROR - _direct_capture:61 - Failed to send telemetry event ClientStartEvent: capture() takes 1 positional argument but 3 were given
2026-02-02 13:57:15 - chromadb.telemetry.product.posthog - ERROR - _direct_capture:61 - Failed to send telemetry event ClientStartEvent: capture() takes 1 positional argument but 3 were given
2026-02-02 13:57:17 - chromadb.telemetry.product.posthog - ERROR - _direct_capture:61 - Failed to send telemetry event ClientStartEvent: capture() takes 1 positional argument but 3 were given
2026-02-02 13:57:20 - chromadb.telemetry.product.posthog - ERROR - _direct_capture:61 - Failed to send telemetry event ClientStartEvent: capture() takes 1 positional argument but 3 were given
2026-02-02 13:57:22 - chromadb.telemetry.product.posthog - ERROR - _direct_capture:61 - Failed to send telemetry event ClientStartEvent: capture() takes 1 positional argument but 3 were given
2026-02-02 13:57:24 - chromadb.telemetry.product.posthog - ERROR - _direct_capture:61 - Failed to send telemetry event ClientStartEvent: capture() takes 1 positional argument but 3 were given
2026-02-02 13:57:26 - chromadb.telemetry.product.posthog - ERROR - _direct_capture:61 - Failed to send telemetry event ClientStartEvent: capture() takes 1 positional argument but 3 were given
2026-02-02 13:57:28 - chromadb.telemetry.product.posthog - ERROR - _direct_capture:61 - Failed to send telemetry event ClientStartEvent: capture() takes 1 positional argument but 3 were given
2026-02-02 13:57:30 - chromadb.telemetry.product.posthog - ERROR - _direct_capture:61 - Failed to send telemetry event ClientStartEvent: capture() takes 1 positional argument but 3 were given
2026-02-02 13:57:32 - chromadb.telemetry.product.posthog - ERROR - _direct_capture:61 - Failed to send telemetry event ClientStartEvent: capture() takes 1 positional argument but 3 were given
2026-02-02 13:57:34 - chromadb.telemetry.product.posthog - ERROR - _direct_capture:61 - Failed to send telemetry event ClientStartEvent: capture() takes 1 positional argument but 3 were given
2026-02-02 13:57:36 - chromadb.telemetry.product.posthog - ERROR - _direct_capture:61 - Failed to send telemetry event ClientStartEvent: capture() takes 1 positional argument but 3 were given
2026-02-02 13:57:39 - chromadb.telemetry.product.posthog - ERROR - _direct_capture:61 - Failed to send telemetry event ClientStartEvent: capture() takes 1 positional argument but 3 were given
2026-02-02 13:57:41 - chromadb.telemetry.product.posthog - ERROR - _direct_capture:61 - Failed to send telemetry event ClientStartEvent: capture() takes 1 positional argument but 3 were given
2026-02-02 13:57:43 - chromadb.telemetry.product.posthog - ERROR - _direct_capture:61 - Failed to send telemetry event ClientStartEvent: capture() takes 1 positional argument but 3 were given
2026-02-02 13:57:45 - chromadb.telemetry.product.posthog - ERROR - _direct_capture:61 - Failed to send telemetry event ClientStartEvent: capture() takes 1 positional argument but 3 were given
2026-02-02 13:57:47 - chromadb.telemetry.product.posthog - ERROR - _direct_capture:61 - Failed to send telemetry event ClientStartEvent: capture() takes 1 positional argument but 3 were given
2026-02-02 13:57:49 - chromadb.telemetry.product.posthog - ERROR - _direct_capture:61 - Failed to send telemetry event ClientStartEvent: capture() takes 1 positional argument but 3 were given
2026-02-02 13:57:51 - chromadb.telemetry.product.posthog - ERROR - _direct_capture:61 - Failed to send telemetry event ClientStartEvent: capture() takes 1 positional argument but 3 were given
2026-02-02 13:57:53 - chromadb.telemetry.product.posthog - ERROR - _direct_capture:61 - Failed to send telemetry event ClientStartEvent: capture() takes 1 positional argument but 3 were given
2026-02-02 13:57:55 - chromadb.telemetry.product.posthog - ERROR - _direct_capture:61 - Failed to send telemetry event ClientStartEvent: capture() takes 1 positional argument but 3 were given
2026-02-02 13:57:55 - chromadb.telemetry.product.posthog - ERROR - _direct_capture:61 - Failed to send telemetry event ClientStartEvent: capture() takes 1 positional argument but 3 were given
2026-02-02 13:57:55 - backend.src_v3.infrastructure.ai.db_persistence - ERROR - publish_exercises_to_db:139 - Failed to persist exercises to database: 'module_id' is an invalid keyword argument for ActivityModel
Traceback (most recent call last):
  File "/app/backend/src_v3/infrastructure/ai/db_persistence.py", line 59, in publish_exercises_to_db
    activity = ActivityModel(
               ^^^^^^^^^^^^^^
  File "<string>", line 4, in __init__
  File "/usr/local/lib/python3.11/site-packages/sqlalchemy/orm/state.py", line 571, in _initialize_instance
    with util.safe_reraise():
  File "/usr/local/lib/python3.11/site-packages/sqlalchemy/util/langhelpers.py", line 146, in __exit__
    raise exc_value.with_traceback(exc_tb)
  File "/usr/local/lib/python3.11/site-packages/sqlalchemy/orm/state.py", line 569, in _initialize_instance
    manager.original_init(*mixed[1:], **kwargs)
  File "/usr/local/lib/python3.11/site-packages/sqlalchemy/orm/decl_base.py", line 2175, in _declarative_constructor
    raise TypeError(
TypeError: 'module_id' is an invalid keyword argument for ActivityModel
2026-02-02 13:57:55 - backend.src_v3.infrastructure.ai.teacher_generator_graph - ERROR - approve_and_publish:885 - CRITICAL AI FAILURE - Approve and publish: Traceback (most recent call last):
  File "/app/backend/src_v3/infrastructure/ai/db_persistence.py", line 59, in publish_exercises_to_db
    activity = ActivityModel(
               ^^^^^^^^^^^^^^
  File "<string>", line 4, in __init__
  File "/usr/local/lib/python3.11/site-packages/sqlalchemy/orm/state.py", line 571, in _initialize_instance
    with util.safe_reraise():
  File "/usr/local/lib/python3.11/site-packages/sqlalchemy/util/langhelpers.py", line 146, in __exit__
    raise exc_value.with_traceback(exc_tb)
  File "/usr/local/lib/python3.11/site-packages/sqlalchemy/orm/state.py", line 569, in _initialize_instance
    manager.original_init(*mixed[1:], **kwargs)
  File "/usr/local/lib/python3.11/site-packages/sqlalchemy/orm/decl_base.py", line 2175, in _declarative_constructor
    raise TypeError(
TypeError: 'module_id' is an invalid keyword argument for ActivityModel

During handling of the above exception, another exception occurred:

Traceback (most recent call last):
  File "/app/backend/src_v3/infrastructure/ai/teacher_generator_graph.py", line 862, in approve_and_publish
    persistence_result = await publish_exercises_to_db(
                         ^^^^^^^^^^^^^^^^^^^^^^^^^^^^^^
  File "/app/backend/src_v3/infrastructure/ai/db_persistence.py", line 141, in publish_exercises_to_db
    raise RuntimeError(f"Database persistence failed: {str(e)}")
RuntimeError: Database persistence failed: 'module_id' is an invalid keyword argument for ActivityModel

2026-02-02 14:00:34 - chromadb.telemetry.product.posthog - ERROR - _direct_capture:61 - Failed to send telemetry event ClientStartEvent: capture() takes 1 positional argument but 3 were given
2026-02-02 14:00:35 - chromadb.telemetry.product.posthog - ERROR - _direct_capture:61 - Failed to send telemetry event ClientCreateCollectionEvent: capture() takes 1 positional argument but 3 were given
2026-02-02 14:00:37 - chromadb.telemetry.product.posthog - ERROR - _direct_capture:61 - Failed to send telemetry event ClientStartEvent: capture() takes 1 positional argument but 3 were given
2026-02-02 14:00:40 - chromadb.telemetry.product.posthog - ERROR - _direct_capture:61 - Failed to send telemetry event ClientStartEvent: capture() takes 1 positional argument but 3 were given
2026-02-02 14:00:43 - chromadb.telemetry.product.posthog - ERROR - _direct_capture:61 - Failed to send telemetry event CollectionAddEvent: capture() takes 1 positional argument but 3 were given
2026-02-02 14:00:47 - chromadb.telemetry.product.posthog - ERROR - _direct_capture:61 - Failed to send telemetry event CollectionQueryEvent: capture() takes 1 positional argument but 3 were given
2026-02-02 14:00:47 - chromadb.telemetry.product.posthog - ERROR - _direct_capture:61 - Failed to send telemetry event ClientStartEvent: capture() takes 1 positional argument but 3 were given
2026-02-02 14:00:50 - chromadb.telemetry.product.posthog - ERROR - _direct_capture:61 - Failed to send telemetry event ClientStartEvent: capture() takes 1 positional argument but 3 were given
2026-02-02 14:00:52 - chromadb.telemetry.product.posthog - ERROR - _direct_capture:61 - Failed to send telemetry event ClientStartEvent: capture() takes 1 positional argument but 3 were given
2026-02-02 14:00:55 - chromadb.telemetry.product.posthog - ERROR - _direct_capture:61 - Failed to send telemetry event ClientStartEvent: capture() takes 1 positional argument but 3 were given
2026-02-02 14:00:57 - chromadb.telemetry.product.posthog - ERROR - _direct_capture:61 - Failed to send telemetry event ClientStartEvent: capture() takes 1 positional argument but 3 were given
2026-02-02 14:00:59 - chromadb.telemetry.product.posthog - ERROR - _direct_capture:61 - Failed to send telemetry event ClientStartEvent: capture() takes 1 positional argument but 3 were given
2026-02-02 14:01:01 - chromadb.telemetry.product.posthog - ERROR - _direct_capture:61 - Failed to send telemetry event ClientStartEvent: capture() takes 1 positional argument but 3 were given
2026-02-02 14:01:03 - chromadb.telemetry.product.posthog - ERROR - _direct_capture:61 - Failed to send telemetry event ClientStartEvent: capture() takes 1 positional argument but 3 were given
2026-02-02 14:01:05 - chromadb.telemetry.product.posthog - ERROR - _direct_capture:61 - Failed to send telemetry event ClientStartEvent: capture() takes 1 positional argument but 3 were given
2026-02-02 14:01:07 - chromadb.telemetry.product.posthog - ERROR - _direct_capture:61 - Failed to send telemetry event ClientStartEvent: capture() takes 1 positional argument but 3 were given
2026-02-02 14:01:09 - chromadb.telemetry.product.posthog - ERROR - _direct_capture:61 - Failed to send telemetry event ClientStartEvent: capture() takes 1 positional argument but 3 were given
2026-02-02 14:01:11 - chromadb.telemetry.product.posthog - ERROR - _direct_capture:61 - Failed to send telemetry event ClientStartEvent: capture() takes 1 positional argument but 3 were given
2026-02-02 14:01:13 - chromadb.telemetry.product.posthog - ERROR - _direct_capture:61 - Failed to send telemetry event ClientStartEvent: capture() takes 1 positional argument but 3 were given
2026-02-02 14:01:16 - chromadb.telemetry.product.posthog - ERROR - _direct_capture:61 - Failed to send telemetry event ClientStartEvent: capture() takes 1 positional argument but 3 were given
2026-02-02 14:01:18 - chromadb.telemetry.product.posthog - ERROR - _direct_capture:61 - Failed to send telemetry event ClientStartEvent: capture() takes 1 positional argument but 3 were given
2026-02-02 14:01:20 - chromadb.telemetry.product.posthog - ERROR - _direct_capture:61 - Failed to send telemetry event ClientStartEvent: capture() takes 1 positional argument but 3 were given
2026-02-02 14:01:22 - chromadb.telemetry.product.posthog - ERROR - _direct_capture:61 - Failed to send telemetry event ClientStartEvent: capture() takes 1 positional argument but 3 were given
2026-02-02 14:01:24 - chromadb.telemetry.product.posthog - ERROR - _direct_capture:61 - Failed to send telemetry event ClientStartEvent: capture() takes 1 positional argument but 3 were given
2026-02-02 14:01:26 - chromadb.telemetry.product.posthog - ERROR - _direct_capture:61 - Failed to send telemetry event ClientStartEvent: capture() takes 1 positional argument but 3 were given
2026-02-02 14:01:28 - chromadb.telemetry.product.posthog - ERROR - _direct_capture:61 - Failed to send telemetry event ClientStartEvent: capture() takes 1 positional argument but 3 were given
2026-02-02 14:01:28 - chromadb.telemetry.product.posthog - ERROR - _direct_capture:61 - Failed to send telemetry event ClientStartEvent: capture() takes 1 positional argument but 3 were given
2026-02-02 14:01:28 - backend.src_v3.infrastructure.ai.db_persistence - ERROR - publish_exercises_to_db:139 - Failed to persist exercises to database: 'description' is an invalid keyword argument for ActivityModel
Traceback (most recent call last):
  File "/app/backend/src_v3/infrastructure/ai/db_persistence.py", line 59, in publish_exercises_to_db
    activity = ActivityModel(
               ^^^^^^^^^^^^^^
  File "<string>", line 4, in __init__
  File "/usr/local/lib/python3.11/site-packages/sqlalchemy/orm/state.py", line 571, in _initialize_instance
    with util.safe_reraise():
  File "/usr/local/lib/python3.11/site-packages/sqlalchemy/util/langhelpers.py", line 146, in __exit__
    raise exc_value.with_traceback(exc_tb)
  File "/usr/local/lib/python3.11/site-packages/sqlalchemy/orm/state.py", line 569, in _initialize_instance
    manager.original_init(*mixed[1:], **kwargs)
  File "/usr/local/lib/python3.11/site-packages/sqlalchemy/orm/decl_base.py", line 2175, in _declarative_constructor
    raise TypeError(
TypeError: 'description' is an invalid keyword argument for ActivityModel
2026-02-02 14:01:28 - backend.src_v3.infrastructure.ai.teacher_generator_graph - ERROR - approve_and_publish:885 - CRITICAL AI FAILURE - Approve and publish: Traceback (most recent call last):
  File "/app/backend/src_v3/infrastructure/ai/db_persistence.py", line 59, in publish_exercises_to_db
    activity = ActivityModel(
               ^^^^^^^^^^^^^^
  File "<string>", line 4, in __init__
  File "/usr/local/lib/python3.11/site-packages/sqlalchemy/orm/state.py", line 571, in _initialize_instance
    with util.safe_reraise():
  File "/usr/local/lib/python3.11/site-packages/sqlalchemy/util/langhelpers.py", line 146, in __exit__
    raise exc_value.with_traceback(exc_tb)
  File "/usr/local/lib/python3.11/site-packages/sqlalchemy/orm/state.py", line 569, in _initialize_instance
    manager.original_init(*mixed[1:], **kwargs)
  File "/usr/local/lib/python3.11/site-packages/sqlalchemy/orm/decl_base.py", line 2175, in _declarative_constructor
    raise TypeError(
TypeError: 'description' is an invalid keyword argument for ActivityModel

During handling of the above exception, another exception occurred:

Traceback (most recent call last):
  File "/app/backend/src_v3/infrastructure/ai/teacher_generator_graph.py", line 862, in approve_and_publish
    persistence_result = await publish_exercises_to_db(
                         ^^^^^^^^^^^^^^^^^^^^^^^^^^^^^^
  File "/app/backend/src_v3/infrastructure/ai/db_persistence.py", line 141, in publish_exercises_to_db
    raise RuntimeError(f"Database persistence failed: {str(e)}")
RuntimeError: Database persistence failed: 'description' is an invalid keyword argument for ActivityModel

2026-02-02 14:03:53 - chromadb.telemetry.product.posthog - ERROR - _direct_capture:61 - Failed to send telemetry event ClientStartEvent: capture() takes 1 positional argument but 3 were given
2026-02-02 14:03:54 - chromadb.telemetry.product.posthog - ERROR - _direct_capture:61 - Failed to send telemetry event ClientCreateCollectionEvent: capture() takes 1 positional argument but 3 were given
2026-02-02 14:03:57 - chromadb.telemetry.product.posthog - ERROR - _direct_capture:61 - Failed to send telemetry event ClientStartEvent: capture() takes 1 positional argument but 3 were given
2026-02-02 14:04:00 - chromadb.telemetry.product.posthog - ERROR - _direct_capture:61 - Failed to send telemetry event ClientStartEvent: capture() takes 1 positional argument but 3 were given
2026-02-02 14:04:04 - chromadb.telemetry.product.posthog - ERROR - _direct_capture:61 - Failed to send telemetry event CollectionAddEvent: capture() takes 1 positional argument but 3 were given
2026-02-02 14:04:08 - chromadb.telemetry.product.posthog - ERROR - _direct_capture:61 - Failed to send telemetry event ClientStartEvent: capture() takes 1 positional argument but 3 were given
2026-02-02 14:04:08 - chromadb.telemetry.product.posthog - ERROR - _direct_capture:61 - Failed to send telemetry event CollectionQueryEvent: capture() takes 1 positional argument but 3 were given
2026-02-02 14:04:11 - chromadb.telemetry.product.posthog - ERROR - _direct_capture:61 - Failed to send telemetry event ClientStartEvent: capture() takes 1 positional argument but 3 were given
2026-02-02 14:04:13 - chromadb.telemetry.product.posthog - ERROR - _direct_capture:61 - Failed to send telemetry event ClientStartEvent: capture() takes 1 positional argument but 3 were given
2026-02-02 14:04:15 - chromadb.telemetry.product.posthog - ERROR - _direct_capture:61 - Failed to send telemetry event ClientStartEvent: capture() takes 1 positional argument but 3 were given
2026-02-02 14:04:17 - chromadb.telemetry.product.posthog - ERROR - _direct_capture:61 - Failed to send telemetry event ClientStartEvent: capture() takes 1 positional argument but 3 were given
2026-02-02 14:04:19 - chromadb.telemetry.product.posthog - ERROR - _direct_capture:61 - Failed to send telemetry event ClientStartEvent: capture() takes 1 positional argument but 3 were given
2026-02-02 14:04:21 - chromadb.telemetry.product.posthog - ERROR - _direct_capture:61 - Failed to send telemetry event ClientStartEvent: capture() takes 1 positional argument but 3 were given
2026-02-02 14:04:24 - chromadb.telemetry.product.posthog - ERROR - _direct_capture:61 - Failed to send telemetry event ClientStartEvent: capture() takes 1 positional argument but 3 were given
2026-02-02 14:04:26 - chromadb.telemetry.product.posthog - ERROR - _direct_capture:61 - Failed to send telemetry event ClientStartEvent: capture() takes 1 positional argument but 3 were given
2026-02-02 14:04:28 - chromadb.telemetry.product.posthog - ERROR - _direct_capture:61 - Failed to send telemetry event ClientStartEvent: capture() takes 1 positional argument but 3 were given
2026-02-02 14:04:30 - chromadb.telemetry.product.posthog - ERROR - _direct_capture:61 - Failed to send telemetry event ClientStartEvent: capture() takes 1 positional argument but 3 were given
2026-02-02 14:04:32 - chromadb.telemetry.product.posthog - ERROR - _direct_capture:61 - Failed to send telemetry event ClientStartEvent: capture() takes 1 positional argument but 3 were given
2026-02-02 14:04:34 - chromadb.telemetry.product.posthog - ERROR - _direct_capture:61 - Failed to send telemetry event ClientStartEvent: capture() takes 1 positional argument but 3 were given
2026-02-02 14:04:36 - chromadb.telemetry.product.posthog - ERROR - _direct_capture:61 - Failed to send telemetry event ClientStartEvent: capture() takes 1 positional argument but 3 were given
2026-02-02 14:04:38 - chromadb.telemetry.product.posthog - ERROR - _direct_capture:61 - Failed to send telemetry event ClientStartEvent: capture() takes 1 positional argument but 3 were given
2026-02-02 14:04:40 - chromadb.telemetry.product.posthog - ERROR - _direct_capture:61 - Failed to send telemetry event ClientStartEvent: capture() takes 1 positional argument but 3 were given
2026-02-02 14:04:42 - chromadb.telemetry.product.posthog - ERROR - _direct_capture:61 - Failed to send telemetry event ClientStartEvent: capture() takes 1 positional argument but 3 were given
2026-02-02 14:04:44 - chromadb.telemetry.product.posthog - ERROR - _direct_capture:61 - Failed to send telemetry event ClientStartEvent: capture() takes 1 positional argument but 3 were given
2026-02-02 14:04:45 - chromadb.telemetry.product.posthog - ERROR - _direct_capture:61 - Failed to send telemetry event ClientStartEvent: capture() takes 1 positional argument but 3 were given
2026-02-02 14:04:45 - backend.src_v3.infrastructure.ai.db_persistence - ERROR - publish_exercises_to_db:139 - Failed to persist exercises to database: 'description' is an invalid keyword argument for ActivityModel
Traceback (most recent call last):
  File "/app/backend/src_v3/infrastructure/ai/db_persistence.py", line 59, in publish_exercises_to_db
    activity = ActivityModel(
               ^^^^^^^^^^^^^^
  File "<string>", line 4, in __init__
  File "/usr/local/lib/python3.11/site-packages/sqlalchemy/orm/state.py", line 571, in _initialize_instance
    with util.safe_reraise():
  File "/usr/local/lib/python3.11/site-packages/sqlalchemy/util/langhelpers.py", line 146, in __exit__
    raise exc_value.with_traceback(exc_tb)
  File "/usr/local/lib/python3.11/site-packages/sqlalchemy/orm/state.py", line 569, in _initialize_instance
    manager.original_init(*mixed[1:], **kwargs)
  File "/usr/local/lib/python3.11/site-packages/sqlalchemy/orm/decl_base.py", line 2175, in _declarative_constructor
    raise TypeError(
TypeError: 'description' is an invalid keyword argument for ActivityModel
2026-02-02 14:04:45 - backend.src_v3.infrastructure.ai.teacher_generator_graph - ERROR - approve_and_publish:885 - CRITICAL AI FAILURE - Approve and publish: Traceback (most recent call last):
  File "/app/backend/src_v3/infrastructure/ai/db_persistence.py", line 59, in publish_exercises_to_db
    activity = ActivityModel(
               ^^^^^^^^^^^^^^
  File "<string>", line 4, in __init__
  File "/usr/local/lib/python3.11/site-packages/sqlalchemy/orm/state.py", line 571, in _initialize_instance
    with util.safe_reraise():
  File "/usr/local/lib/python3.11/site-packages/sqlalchemy/util/langhelpers.py", line 146, in __exit__
    raise exc_value.with_traceback(exc_tb)
  File "/usr/local/lib/python3.11/site-packages/sqlalchemy/orm/state.py", line 569, in _initialize_instance
    manager.original_init(*mixed[1:], **kwargs)
  File "/usr/local/lib/python3.11/site-packages/sqlalchemy/orm/decl_base.py", line 2175, in _declarative_constructor
    raise TypeError(
TypeError: 'description' is an invalid keyword argument for ActivityModel

During handling of the above exception, another exception occurred:

Traceback (most recent call last):
  File "/app/backend/src_v3/infrastructure/ai/teacher_generator_graph.py", line 862, in approve_and_publish
    persistence_result = await publish_exercises_to_db(
                         ^^^^^^^^^^^^^^^^^^^^^^^^^^^^^^
  File "/app/backend/src_v3/infrastructure/ai/db_persistence.py", line 141, in publish_exercises_to_db
    raise RuntimeError(f"Database persistence failed: {str(e)}")
RuntimeError: Database persistence failed: 'description' is an invalid keyword argument for ActivityModel

2026-02-02 14:13:00 - chromadb.telemetry.product.posthog - ERROR - _direct_capture:61 - Failed to send telemetry event ClientStartEvent: capture() takes 1 positional argument but 3 were given
2026-02-02 14:13:01 - chromadb.telemetry.product.posthog - ERROR - _direct_capture:61 - Failed to send telemetry event ClientCreateCollectionEvent: capture() takes 1 positional argument but 3 were given
2026-02-02 14:13:06 - chromadb.telemetry.product.posthog - ERROR - _direct_capture:61 - Failed to send telemetry event ClientStartEvent: capture() takes 1 positional argument but 3 were given
2026-02-02 14:13:10 - chromadb.telemetry.product.posthog - ERROR - _direct_capture:61 - Failed to send telemetry event ClientStartEvent: capture() takes 1 positional argument but 3 were given
2026-02-02 14:13:12 - chromadb.telemetry.product.posthog - ERROR - _direct_capture:61 - Failed to send telemetry event ClientStartEvent: capture() takes 1 positional argument but 3 were given
2026-02-02 14:13:13 - chromadb.telemetry.product.posthog - ERROR - _direct_capture:61 - Failed to send telemetry event CollectionAddEvent: capture() takes 1 positional argument but 3 were given
2026-02-02 14:13:17 - chromadb.telemetry.product.posthog - ERROR - _direct_capture:61 - Failed to send telemetry event CollectionQueryEvent: capture() takes 1 positional argument but 3 were given
2026-02-02 14:13:17 - chromadb.telemetry.product.posthog - ERROR - _direct_capture:61 - Failed to send telemetry event ClientStartEvent: capture() takes 1 positional argument but 3 were given
2026-02-02 14:13:20 - chromadb.telemetry.product.posthog - ERROR - _direct_capture:61 - Failed to send telemetry event ClientStartEvent: capture() takes 1 positional argument but 3 were given
2026-02-02 14:13:22 - chromadb.telemetry.product.posthog - ERROR - _direct_capture:61 - Failed to send telemetry event ClientStartEvent: capture() takes 1 positional argument but 3 were given
2026-02-02 14:13:24 - chromadb.telemetry.product.posthog - ERROR - _direct_capture:61 - Failed to send telemetry event ClientStartEvent: capture() takes 1 positional argument but 3 were given
2026-02-02 14:13:26 - chromadb.telemetry.product.posthog - ERROR - _direct_capture:61 - Failed to send telemetry event ClientStartEvent: capture() takes 1 positional argument but 3 were given
2026-02-02 14:13:28 - chromadb.telemetry.product.posthog - ERROR - _direct_capture:61 - Failed to send telemetry event ClientStartEvent: capture() takes 1 positional argument but 3 were given
2026-02-02 14:13:30 - chromadb.telemetry.product.posthog - ERROR - _direct_capture:61 - Failed to send telemetry event ClientStartEvent: capture() takes 1 positional argument but 3 were given
2026-02-02 14:13:32 - chromadb.telemetry.product.posthog - ERROR - _direct_capture:61 - Failed to send telemetry event ClientStartEvent: capture() takes 1 positional argument but 3 were given
2026-02-02 14:13:35 - chromadb.telemetry.product.posthog - ERROR - _direct_capture:61 - Failed to send telemetry event ClientStartEvent: capture() takes 1 positional argument but 3 were given
2026-02-02 14:13:37 - chromadb.telemetry.product.posthog - ERROR - _direct_capture:61 - Failed to send telemetry event ClientStartEvent: capture() takes 1 positional argument but 3 were given
2026-02-02 14:13:39 - chromadb.telemetry.product.posthog - ERROR - _direct_capture:61 - Failed to send telemetry event ClientStartEvent: capture() takes 1 positional argument but 3 were given
2026-02-02 14:13:41 - chromadb.telemetry.product.posthog - ERROR - _direct_capture:61 - Failed to send telemetry event ClientStartEvent: capture() takes 1 positional argument but 3 were given
2026-02-02 14:13:43 - chromadb.telemetry.product.posthog - ERROR - _direct_capture:61 - Failed to send telemetry event ClientStartEvent: capture() takes 1 positional argument but 3 were given
2026-02-02 14:13:45 - chromadb.telemetry.product.posthog - ERROR - _direct_capture:61 - Failed to send telemetry event ClientStartEvent: capture() takes 1 positional argument but 3 were given
2026-02-02 14:13:47 - chromadb.telemetry.product.posthog - ERROR - _direct_capture:61 - Failed to send telemetry event ClientStartEvent: capture() takes 1 positional argument but 3 were given
2026-02-02 14:13:49 - chromadb.telemetry.product.posthog - ERROR - _direct_capture:61 - Failed to send telemetry event ClientStartEvent: capture() takes 1 positional argument but 3 were given
2026-02-02 14:13:51 - chromadb.telemetry.product.posthog - ERROR - _direct_capture:61 - Failed to send telemetry event ClientStartEvent: capture() takes 1 positional argument but 3 were given
2026-02-02 14:13:53 - chromadb.telemetry.product.posthog - ERROR - _direct_capture:61 - Failed to send telemetry event ClientStartEvent: capture() takes 1 positional argument but 3 were given
2026-02-02 14:13:56 - chromadb.telemetry.product.posthog - ERROR - _direct_capture:61 - Failed to send telemetry event ClientStartEvent: capture() takes 1 positional argument but 3 were given
2026-02-02 14:13:58 - chromadb.telemetry.product.posthog - ERROR - _direct_capture:61 - Failed to send telemetry event ClientStartEvent: capture() takes 1 positional argument but 3 were given
2026-02-02 14:14:00 - chromadb.telemetry.product.posthog - ERROR - _direct_capture:61 - Failed to send telemetry event ClientStartEvent: capture() takes 1 positional argument but 3 were given
2026-02-02 14:14:02 - chromadb.telemetry.product.posthog - ERROR - _direct_capture:61 - Failed to send telemetry event ClientStartEvent: capture() takes 1 positional argument but 3 were given
2026-02-02 14:14:04 - chromadb.telemetry.product.posthog - ERROR - _direct_capture:61 - Failed to send telemetry event ClientStartEvent: capture() takes 1 positional argument but 3 were given
2026-02-02 14:14:06 - chromadb.telemetry.product.posthog - ERROR - _direct_capture:61 - Failed to send telemetry event ClientStartEvent: capture() takes 1 positional argument but 3 were given
2026-02-02 14:14:08 - chromadb.telemetry.product.posthog - ERROR - _direct_capture:61 - Failed to send telemetry event ClientStartEvent: capture() takes 1 positional argument but 3 were given
2026-02-02 14:14:10 - chromadb.telemetry.product.posthog - ERROR - _direct_capture:61 - Failed to send telemetry event ClientStartEvent: capture() takes 1 positional argument but 3 were given
2026-02-02 14:14:12 - chromadb.telemetry.product.posthog - ERROR - _direct_capture:61 - Failed to send telemetry event ClientStartEvent: capture() takes 1 positional argument but 3 were given
2026-02-02 14:14:14 - chromadb.telemetry.product.posthog - ERROR - _direct_capture:61 - Failed to send telemetry event ClientStartEvent: capture() takes 1 positional argument but 3 were given
2026-02-02 14:14:17 - chromadb.telemetry.product.posthog - ERROR - _direct_capture:61 - Failed to send telemetry event ClientStartEvent: capture() takes 1 positional argument but 3 were given
2026-02-02 14:14:19 - chromadb.telemetry.product.posthog - ERROR - _direct_capture:61 - Failed to send telemetry event ClientStartEvent: capture() takes 1 positional argument but 3 were given
2026-02-02 14:14:21 - chromadb.telemetry.product.posthog - ERROR - _direct_capture:61 - Failed to send telemetry event ClientStartEvent: capture() takes 1 positional argument but 3 were given
2026-02-02 14:14:23 - chromadb.telemetry.product.posthog - ERROR - _direct_capture:61 - Failed to send telemetry event ClientStartEvent: capture() takes 1 positional argument but 3 were given
2026-02-02 14:14:25 - chromadb.telemetry.product.posthog - ERROR - _direct_capture:61 - Failed to send telemetry event ClientStartEvent: capture() takes 1 positional argument but 3 were given
2026-02-02 14:14:27 - chromadb.telemetry.product.posthog - ERROR - _direct_capture:61 - Failed to send telemetry event ClientStartEvent: capture() takes 1 positional argument but 3 were given
2026-02-02 14:14:29 - chromadb.telemetry.product.posthog - ERROR - _direct_capture:61 - Failed to send telemetry event ClientStartEvent: capture() takes 1 positional argument but 3 were given
2026-02-02 14:14:29 - chromadb.telemetry.product.posthog - ERROR - _direct_capture:61 - Failed to send telemetry event ClientStartEvent: capture() takes 1 positional argument but 3 were given
2026-02-02 14:15:08 - backend.src_v3.infrastructure.http.api.v3.routers.teacher_router - ERROR - get_module_stats:2592 - Failed to get module stats: (sqlalchemy.dialects.postgresql.asyncpg.Error) <class 'asyncpg.exceptions.InvalidTextRepresentationError'>: invalid input value for enum submissionstatus: "GRADED"
[SQL: 
            SELECT 
                (SELECT COUNT(*) FROM enrollments WHERE module_id = $1 AND status = 'ACTIVE') as active_students,
                (SELECT COUNT(*) FROM activities WHERE module_id = $1) as total_activities,
                (SELECT COUNT(DISTINCT s.student_id) 
                 FROM submissions s 
                 JOIN activities a ON s.activity_id = a.activity_id 
                 WHERE a.module_id = $1) as students_with_submissions,
                (SELECT COUNT(*) 
                 FROM submissions s 
                 JOIN activities a ON s.activity_id = a.activity_id 
                 WHERE a.module_id = $1) as total_submissions,
                (SELECT AVG(s.final_grade) 
                 FROM submissions s 
                 JOIN activities a ON s.activity_id = a.activity_id 
                 WHERE a.module_id = $1 AND s.status = 'GRADED') as average_grade
        ]
[parameters: ('701c7617-75ea-4caa-89f9-a541f213e03a',)]
(Background on this error at: https://sqlalche.me/e/20/dbapi)
2026-02-02 14:15:08 - backend.src_v3.infrastructure.http.api.v3.routers.teacher_router - ERROR - get_module_stats:2592 - Failed to get module stats: (sqlalchemy.dialects.postgresql.asyncpg.Error) <class 'asyncpg.exceptions.InvalidTextRepresentationError'>: invalid input value for enum submissionstatus: "GRADED"
[SQL: 
            SELECT 
                (SELECT COUNT(*) FROM enrollments WHERE module_id = $1 AND status = 'ACTIVE') as active_students,
                (SELECT COUNT(*) FROM activities WHERE module_id = $1) as total_activities,
                (SELECT COUNT(DISTINCT s.student_id) 
                 FROM submissions s 
                 JOIN activities a ON s.activity_id = a.activity_id 
                 WHERE a.module_id = $1) as students_with_submissions,
                (SELECT COUNT(*) 
                 FROM submissions s 
                 JOIN activities a ON s.activity_id = a.activity_id 
                 WHERE a.module_id = $1) as total_submissions,
                (SELECT AVG(s.final_grade) 
                 FROM submissions s 
                 JOIN activities a ON s.activity_id = a.activity_id 
                 WHERE a.module_id = $1 AND s.status = 'GRADED') as average_grade
        ]
[parameters: ('701c7617-75ea-4caa-89f9-a541f213e03a',)]
(Background on this error at: https://sqlalche.me/e/20/dbapi)
2026-02-02 15:19:58 - chromadb.telemetry.product.posthog - ERROR - _direct_capture:61 - Failed to send telemetry event ClientStartEvent: capture() takes 1 positional argument but 3 were given
2026-02-02 15:21:25 - backend.src_v3.infrastructure.http.api.v3.routers.teacher_router - ERROR - get_module_stats:2592 - Failed to get module stats: (sqlalchemy.dialects.postgresql.asyncpg.Error) <class 'asyncpg.exceptions.InvalidTextRepresentationError'>: invalid input value for enum submissionstatus: "GRADED"
[SQL: 
            SELECT 
                (SELECT COUNT(*) FROM enrollments WHERE module_id = $1 AND status = 'ACTIVE') as active_students,
                (SELECT COUNT(*) FROM activities WHERE module_id = $1) as total_activities,
                (SELECT COUNT(DISTINCT s.student_id) 
                 FROM submissions s 
                 JOIN activities a ON s.activity_id = a.activity_id 
                 WHERE a.module_id = $1) as students_with_submissions,
                (SELECT COUNT(*) 
                 FROM submissions s 
                 JOIN activities a ON s.activity_id = a.activity_id 
                 WHERE a.module_id = $1) as total_submissions,
                (SELECT AVG(s.final_grade) 
                 FROM submissions s 
                 JOIN activities a ON s.activity_id = a.activity_id 
                 WHERE a.module_id = $1 AND s.status = 'GRADED') as average_grade
        ]
[parameters: ('701c7617-75ea-4caa-89f9-a541f213e03a',)]
(Background on this error at: https://sqlalche.me/e/20/dbapi)
2026-02-02 15:21:25 - backend.src_v3.infrastructure.http.api.v3.routers.teacher_router - ERROR - get_module_stats:2592 - Failed to get module stats: (sqlalchemy.dialects.postgresql.asyncpg.Error) <class 'asyncpg.exceptions.InvalidTextRepresentationError'>: invalid input value for enum submissionstatus: "GRADED"
[SQL: 
            SELECT 
                (SELECT COUNT(*) FROM enrollments WHERE module_id = $1 AND status = 'ACTIVE') as active_students,
                (SELECT COUNT(*) FROM activities WHERE module_id = $1) as total_activities,
                (SELECT COUNT(DISTINCT s.student_id) 
                 FROM submissions s 
                 JOIN activities a ON s.activity_id = a.activity_id 
                 WHERE a.module_id = $1) as students_with_submissions,
                (SELECT COUNT(*) 
                 FROM submissions s 
                 JOIN activities a ON s.activity_id = a.activity_id 
                 WHERE a.module_id = $1) as total_submissions,
                (SELECT AVG(s.final_grade) 
                 FROM submissions s 
                 JOIN activities a ON s.activity_id = a.activity_id 
                 WHERE a.module_id = $1 AND s.status = 'GRADED') as average_grade
        ]
[parameters: ('701c7617-75ea-4caa-89f9-a541f213e03a',)]
(Background on this error at: https://sqlalche.me/e/20/dbapi)
2026-02-02 16:21:53 - backend.src_v3.infrastructure.http.api.v3.routers.analytics_router - ERROR - get_activity_submissions_analytics:527 - Unexpected error in get_activity_submissions_analytics: 1 validation error for ExerciseGrade
grade
  Input should be a valid integer, got a number with a fractional part [type=int_from_float, input_value=79.57427304782925, input_type=float]
    For further information visit https://errors.pydantic.dev/2.10/v/int_from_float
Traceback (most recent call last):
  File "/app/backend/src_v3/infrastructure/http/api/v3/routers/analytics_router.py", line 493, in get_activity_submissions_analytics
    simulated_exercises.append(ExerciseGrade(
                               ^^^^^^^^^^^^^^
  File "/usr/local/lib/python3.11/site-packages/pydantic/main.py", line 214, in __init__
    validated_self = self.__pydantic_validator__.validate_python(data, self_instance=self)
                     ^^^^^^^^^^^^^^^^^^^^^^^^^^^^^^^^^^^^^^^^^^^^^^^^^^^^^^^^^^^^^^^^^^^^^
pydantic_core._pydantic_core.ValidationError: 1 validation error for ExerciseGrade
grade
  Input should be a valid integer, got a number with a fractional part [type=int_from_float, input_value=79.57427304782925, input_type=float]
    For further information visit https://errors.pydantic.dev/2.10/v/int_from_float
2026-02-02 16:23:29 - backend.src_v3.infrastructure.http.api.v3.routers.analytics_router - ERROR - get_student_traceability:1015 - Unexpected error in get_student_traceability: 5 validation errors for TraceabilityResponse
cognitive_journey
  Field required [type=missing, input_value={'student_id': 'b6a2f5dc-...iones con el tutor IA.'}, input_type=dict]
    For further information visit https://errors.pydantic.dev/2.10/v/missing
interactions
  Field required [type=missing, input_value={'student_id': 'b6a2f5dc-...iones con el tutor IA.'}, input_type=dict]
    For further information visit https://errors.pydantic.dev/2.10/v/missing
total_hints
  Field required [type=missing, input_value={'student_id': 'b6a2f5dc-...iones con el tutor IA.'}, input_type=dict]
    For further information visit https://errors.pydantic.dev/2.10/v/missing
total_time_minutes
  Field required [type=missing, input_value={'student_id': 'b6a2f5dc-...iones con el tutor IA.'}, input_type=dict]
    For further information visit https://errors.pydantic.dev/2.10/v/missing
risk_level
  Field required [type=missing, input_value={'student_id': 'b6a2f5dc-...iones con el tutor IA.'}, input_type=dict]
    For further information visit https://errors.pydantic.dev/2.10/v/missing
Traceback (most recent call last):
  File "/app/backend/src_v3/infrastructure/http/api/v3/routers/analytics_router.py", line 778, in get_student_traceability
    return TraceabilityResponse(
           ^^^^^^^^^^^^^^^^^^^^^
  File "/usr/local/lib/python3.11/site-packages/pydantic/main.py", line 214, in __init__
    validated_self = self.__pydantic_validator__.validate_python(data, self_instance=self)
                     ^^^^^^^^^^^^^^^^^^^^^^^^^^^^^^^^^^^^^^^^^^^^^^^^^^^^^^^^^^^^^^^^^^^^^
pydantic_core._pydantic_core.ValidationError: 5 validation errors for TraceabilityResponse
cognitive_journey
  Field required [type=missing, input_value={'student_id': 'b6a2f5dc-...iones con el tutor IA.'}, input_type=dict]
    For further information visit https://errors.pydantic.dev/2.10/v/missing
interactions
  Field required [type=missing, input_value={'student_id': 'b6a2f5dc-...iones con el tutor IA.'}, input_type=dict]
    For further information visit https://errors.pydantic.dev/2.10/v/missing
total_hints
  Field required [type=missing, input_value={'student_id': 'b6a2f5dc-...iones con el tutor IA.'}, input_type=dict]
    For further information visit https://errors.pydantic.dev/2.10/v/missing
total_time_minutes
  Field required [type=missing, input_value={'student_id': 'b6a2f5dc-...iones con el tutor IA.'}, input_type=dict]
    For further information visit https://errors.pydantic.dev/2.10/v/missing
risk_level
  Field required [type=missing, input_value={'student_id': 'b6a2f5dc-...iones con el tutor IA.'}, input_type=dict]
    For further information visit https://errors.pydantic.dev/2.10/v/missing
2026-02-02 19:30:44 - chromadb.telemetry.product.posthog - ERROR - _direct_capture:61 - Failed to send telemetry event ClientStartEvent: capture() takes 1 positional argument but 3 were given
2026-02-02 19:30:45 - chromadb.telemetry.product.posthog - ERROR - _direct_capture:61 - Failed to send telemetry event ClientCreateCollectionEvent: capture() takes 1 positional argument but 3 were given
2026-02-02 19:30:49 - chromadb.telemetry.product.posthog - ERROR - _direct_capture:61 - Failed to send telemetry event ClientStartEvent: capture() takes 1 positional argument but 3 were given
2026-02-02 19:30:53 - chromadb.telemetry.product.posthog - ERROR - _direct_capture:61 - Failed to send telemetry event ClientStartEvent: capture() takes 1 positional argument but 3 were given
2026-02-02 19:30:56 - chromadb.telemetry.product.posthog - ERROR - _direct_capture:61 - Failed to send telemetry event CollectionAddEvent: capture() takes 1 positional argument but 3 were given
2026-02-02 19:31:00 - chromadb.telemetry.product.posthog - ERROR - _direct_capture:61 - Failed to send telemetry event ClientStartEvent: capture() takes 1 positional argument but 3 were given
2026-02-02 19:31:00 - chromadb.telemetry.product.posthog - ERROR - _direct_capture:61 - Failed to send telemetry event CollectionQueryEvent: capture() takes 1 positional argument but 3 were given
2026-02-02 19:31:03 - chromadb.telemetry.product.posthog - ERROR - _direct_capture:61 - Failed to send telemetry event ClientStartEvent: capture() takes 1 positional argument but 3 were given
2026-02-02 19:31:05 - chromadb.telemetry.product.posthog - ERROR - _direct_capture:61 - Failed to send telemetry event ClientStartEvent: capture() takes 1 positional argument but 3 were given
2026-02-02 19:31:07 - chromadb.telemetry.product.posthog - ERROR - _direct_capture:61 - Failed to send telemetry event ClientStartEvent: capture() takes 1 positional argument but 3 were given
2026-02-02 19:31:09 - chromadb.telemetry.product.posthog - ERROR - _direct_capture:61 - Failed to send telemetry event ClientStartEvent: capture() takes 1 positional argument but 3 were given
2026-02-02 19:31:11 - chromadb.telemetry.product.posthog - ERROR - _direct_capture:61 - Failed to send telemetry event ClientStartEvent: capture() takes 1 positional argument but 3 were given
2026-02-02 19:31:13 - chromadb.telemetry.product.posthog - ERROR - _direct_capture:61 - Failed to send telemetry event ClientStartEvent: capture() takes 1 positional argument but 3 were given
2026-02-02 19:31:16 - chromadb.telemetry.product.posthog - ERROR - _direct_capture:61 - Failed to send telemetry event ClientStartEvent: capture() takes 1 positional argument but 3 were given
2026-02-02 19:31:18 - chromadb.telemetry.product.posthog - ERROR - _direct_capture:61 - Failed to send telemetry event ClientStartEvent: capture() takes 1 positional argument but 3 were given
2026-02-02 19:31:20 - chromadb.telemetry.product.posthog - ERROR - _direct_capture:61 - Failed to send telemetry event ClientStartEvent: capture() takes 1 positional argument but 3 were given
2026-02-02 19:31:22 - chromadb.telemetry.product.posthog - ERROR - _direct_capture:61 - Failed to send telemetry event ClientStartEvent: capture() takes 1 positional argument but 3 were given
2026-02-02 19:31:24 - chromadb.telemetry.product.posthog - ERROR - _direct_capture:61 - Failed to send telemetry event ClientStartEvent: capture() takes 1 positional argument but 3 were given
2026-02-02 19:31:26 - chromadb.telemetry.product.posthog - ERROR - _direct_capture:61 - Failed to send telemetry event ClientStartEvent: capture() takes 1 positional argument but 3 were given
2026-02-02 19:31:28 - chromadb.telemetry.product.posthog - ERROR - _direct_capture:61 - Failed to send telemetry event ClientStartEvent: capture() takes 1 positional argument but 3 were given
2026-02-02 19:31:30 - chromadb.telemetry.product.posthog - ERROR - _direct_capture:61 - Failed to send telemetry event ClientStartEvent: capture() takes 1 positional argument but 3 were given
2026-02-02 19:31:33 - chromadb.telemetry.product.posthog - ERROR - _direct_capture:61 - Failed to send telemetry event ClientStartEvent: capture() takes 1 positional argument but 3 were given
2026-02-02 19:31:35 - chromadb.telemetry.product.posthog - ERROR - _direct_capture:61 - Failed to send telemetry event ClientStartEvent: capture() takes 1 positional argument but 3 were given
2026-02-02 19:31:35 - chromadb.telemetry.product.posthog - ERROR - _direct_capture:61 - Failed to send telemetry event ClientStartEvent: capture() takes 1 positional argument but 3 were given
2026-02-02 19:32:02 - backend.src_v3.infrastructure.http.api.v3.routers.student_router - ERROR - get_student_gamification:2473 - Failed to get gamification: 'current_streak' is an invalid keyword argument for UserGamificationModel
2026-02-03 19:01:36 - chromadb.telemetry.product.posthog - ERROR - _direct_capture:61 - Failed to send telemetry event ClientStartEvent: capture() takes 1 positional argument but 3 were given
2026-02-03 19:01:36 - chromadb.telemetry.product.posthog - ERROR - _direct_capture:61 - Failed to send telemetry event ClientCreateCollectionEvent: capture() takes 1 positional argument but 3 were given
2026-02-03 19:01:40 - chromadb.telemetry.product.posthog - ERROR - _direct_capture:61 - Failed to send telemetry event ClientStartEvent: capture() takes 1 positional argument but 3 were given
2026-02-03 19:01:44 - chromadb.telemetry.product.posthog - ERROR - _direct_capture:61 - Failed to send telemetry event ClientStartEvent: capture() takes 1 positional argument but 3 were given
2026-02-03 19:01:48 - chromadb.telemetry.product.posthog - ERROR - _direct_capture:61 - Failed to send telemetry event ClientStartEvent: capture() takes 1 positional argument but 3 were given
2026-02-03 19:01:47 - chromadb.telemetry.product.posthog - ERROR - _direct_capture:61 - Failed to send telemetry event CollectionAddEvent: capture() takes 1 positional argument but 3 were given
2026-02-03 19:01:50 - chromadb.telemetry.product.posthog - ERROR - _direct_capture:61 - Failed to send telemetry event ClientStartEvent: capture() takes 1 positional argument but 3 were given
2026-02-03 19:01:50 - chromadb.telemetry.product.posthog - ERROR - _direct_capture:61 - Failed to send telemetry event CollectionQueryEvent: capture() takes 1 positional argument but 3 were given
2026-02-03 19:01:53 - chromadb.telemetry.product.posthog - ERROR - _direct_capture:61 - Failed to send telemetry event ClientStartEvent: capture() takes 1 positional argument but 3 were given
2026-02-03 19:01:55 - chromadb.telemetry.product.posthog - ERROR - _direct_capture:61 - Failed to send telemetry event ClientStartEvent: capture() takes 1 positional argument but 3 were given
2026-02-03 19:01:58 - chromadb.telemetry.product.posthog - ERROR - _direct_capture:61 - Failed to send telemetry event ClientStartEvent: capture() takes 1 positional argument but 3 were given
2026-02-03 19:02:00 - chromadb.telemetry.product.posthog - ERROR - _direct_capture:61 - Failed to send telemetry event ClientStartEvent: capture() takes 1 positional argument but 3 were given
2026-02-03 19:02:02 - chromadb.telemetry.product.posthog - ERROR - _direct_capture:61 - Failed to send telemetry event ClientStartEvent: capture() takes 1 positional argument but 3 were given
2026-02-03 19:02:04 - chromadb.telemetry.product.posthog - ERROR - _direct_capture:61 - Failed to send telemetry event ClientStartEvent: capture() takes 1 positional argument but 3 were given
2026-02-03 19:02:06 - chromadb.telemetry.product.posthog - ERROR - _direct_capture:61 - Failed to send telemetry event ClientStartEvent: capture() takes 1 positional argument but 3 were given
2026-02-03 19:02:09 - chromadb.telemetry.product.posthog - ERROR - _direct_capture:61 - Failed to send telemetry event ClientStartEvent: capture() takes 1 positional argument but 3 were given
2026-02-03 19:02:11 - chromadb.telemetry.product.posthog - ERROR - _direct_capture:61 - Failed to send telemetry event ClientStartEvent: capture() takes 1 positional argument but 3 were given
2026-02-03 19:02:13 - chromadb.telemetry.product.posthog - ERROR - _direct_capture:61 - Failed to send telemetry event ClientStartEvent: capture() takes 1 positional argument but 3 were given
2026-02-03 19:02:15 - chromadb.telemetry.product.posthog - ERROR - _direct_capture:61 - Failed to send telemetry event ClientStartEvent: capture() takes 1 positional argument but 3 were given
2026-02-03 19:02:16 - chromadb.telemetry.product.posthog - ERROR - _direct_capture:61 - Failed to send telemetry event ClientStartEvent: capture() takes 1 positional argument but 3 were given
2026-02-03 19:02:19 - chromadb.telemetry.product.posthog - ERROR - _direct_capture:61 - Failed to send telemetry event ClientStartEvent: capture() takes 1 positional argument but 3 were given
2026-02-03 19:02:21 - chromadb.telemetry.product.posthog - ERROR - _direct_capture:61 - Failed to send telemetry event ClientStartEvent: capture() takes 1 positional argument but 3 were given
2026-02-03 19:02:23 - chromadb.telemetry.product.posthog - ERROR - _direct_capture:61 - Failed to send telemetry event ClientStartEvent: capture() takes 1 positional argument but 3 were given
2026-02-03 19:02:25 - chromadb.telemetry.product.posthog - ERROR - _direct_capture:61 - Failed to send telemetry event ClientStartEvent: capture() takes 1 positional argument but 3 were given
2026-02-03 19:02:27 - chromadb.telemetry.product.posthog - ERROR - _direct_capture:61 - Failed to send telemetry event ClientStartEvent: capture() takes 1 positional argument but 3 were given
2026-02-03 19:02:30 - chromadb.telemetry.product.posthog - ERROR - _direct_capture:61 - Failed to send telemetry event ClientStartEvent: capture() takes 1 positional argument but 3 were given
2026-02-03 19:02:30 - chromadb.telemetry.product.posthog - ERROR - _direct_capture:61 - Failed to send telemetry event ClientStartEvent: capture() takes 1 positional argument but 3 were given
2026-02-03 19:14:45 - chromadb.telemetry.product.posthog - ERROR - _direct_capture:61 - Failed to send telemetry event ClientStartEvent: capture() takes 1 positional argument but 3 were given
2026-02-03 19:15:09 - chromadb.telemetry.product.posthog - ERROR - _direct_capture:61 - Failed to send telemetry event ClientStartEvent: capture() takes 1 positional argument but 3 were given
2026-02-03 19:15:32 - chromadb.telemetry.product.posthog - ERROR - _direct_capture:61 - Failed to send telemetry event ClientStartEvent: capture() takes 1 positional argument but 3 were given
2026-02-03 19:28:19 - chromadb.telemetry.product.posthog - ERROR - _direct_capture:61 - Failed to send telemetry event ClientStartEvent: capture() takes 1 positional argument but 3 were given
2026-02-03 19:28:20 - chromadb.telemetry.product.posthog - ERROR - _direct_capture:61 - Failed to send telemetry event ClientCreateCollectionEvent: capture() takes 1 positional argument but 3 were given
2026-02-03 19:28:24 - chromadb.telemetry.product.posthog - ERROR - _direct_capture:61 - Failed to send telemetry event ClientStartEvent: capture() takes 1 positional argument but 3 were given
2026-02-03 19:28:29 - chromadb.telemetry.product.posthog - ERROR - _direct_capture:61 - Failed to send telemetry event ClientStartEvent: capture() takes 1 positional argument but 3 were given
2026-02-03 19:28:31 - chromadb.telemetry.product.posthog - ERROR - _direct_capture:61 - Failed to send telemetry event ClientStartEvent: capture() takes 1 positional argument but 3 were given
2026-02-03 19:28:32 - chromadb.telemetry.product.posthog - ERROR - _direct_capture:61 - Failed to send telemetry event CollectionAddEvent: capture() takes 1 positional argument but 3 were given
2026-02-03 19:28:37 - chromadb.telemetry.product.posthog - ERROR - _direct_capture:61 - Failed to send telemetry event CollectionQueryEvent: capture() takes 1 positional argument but 3 were given
2026-02-03 19:28:37 - chromadb.telemetry.product.posthog - ERROR - _direct_capture:61 - Failed to send telemetry event ClientStartEvent: capture() takes 1 positional argument but 3 were given
2026-02-03 19:28:42 - chromadb.telemetry.product.posthog - ERROR - _direct_capture:61 - Failed to send telemetry event ClientStartEvent: capture() takes 1 positional argument but 3 were given
2026-02-03 19:28:45 - chromadb.telemetry.product.posthog - ERROR - _direct_capture:61 - Failed to send telemetry event ClientStartEvent: capture() takes 1 positional argument but 3 were given
2026-02-03 19:28:47 - chromadb.telemetry.product.posthog - ERROR - _direct_capture:61 - Failed to send telemetry event ClientStartEvent: capture() takes 1 positional argument but 3 were given
2026-02-03 19:28:49 - chromadb.telemetry.product.posthog - ERROR - _direct_capture:61 - Failed to send telemetry event ClientStartEvent: capture() takes 1 positional argument but 3 were given
2026-02-03 19:28:51 - chromadb.telemetry.product.posthog - ERROR - _direct_capture:61 - Failed to send telemetry event ClientStartEvent: capture() takes 1 positional argument but 3 were given
2026-02-03 19:28:53 - chromadb.telemetry.product.posthog - ERROR - _direct_capture:61 - Failed to send telemetry event ClientStartEvent: capture() takes 1 positional argument but 3 were given
2026-02-03 19:28:56 - chromadb.telemetry.product.posthog - ERROR - _direct_capture:61 - Failed to send telemetry event ClientStartEvent: capture() takes 1 positional argument but 3 were given
2026-02-03 19:28:57 - chromadb.telemetry.product.posthog - ERROR - _direct_capture:61 - Failed to send telemetry event ClientStartEvent: capture() takes 1 positional argument but 3 were given
2026-02-03 19:28:59 - chromadb.telemetry.product.posthog - ERROR - _direct_capture:61 - Failed to send telemetry event ClientStartEvent: capture() takes 1 positional argument but 3 were given
2026-02-03 19:29:01 - chromadb.telemetry.product.posthog - ERROR - _direct_capture:61 - Failed to send telemetry event ClientStartEvent: capture() takes 1 positional argument but 3 were given
2026-02-03 19:29:03 - chromadb.telemetry.product.posthog - ERROR - _direct_capture:61 - Failed to send telemetry event ClientStartEvent: capture() takes 1 positional argument but 3 were given
2026-02-03 19:29:05 - chromadb.telemetry.product.posthog - ERROR - _direct_capture:61 - Failed to send telemetry event ClientStartEvent: capture() takes 1 positional argument but 3 were given
2026-02-03 19:29:08 - chromadb.telemetry.product.posthog - ERROR - _direct_capture:61 - Failed to send telemetry event ClientStartEvent: capture() takes 1 positional argument but 3 were given
2026-02-03 19:29:10 - chromadb.telemetry.product.posthog - ERROR - _direct_capture:61 - Failed to send telemetry event ClientStartEvent: capture() takes 1 positional argument but 3 were given
2026-02-03 19:29:12 - chromadb.telemetry.product.posthog - ERROR - _direct_capture:61 - Failed to send telemetry event ClientStartEvent: capture() takes 1 positional argument but 3 were given
2026-02-03 19:29:14 - chromadb.telemetry.product.posthog - ERROR - _direct_capture:61 - Failed to send telemetry event ClientStartEvent: capture() takes 1 positional argument but 3 were given
2026-02-03 19:29:17 - chromadb.telemetry.product.posthog - ERROR - _direct_capture:61 - Failed to send telemetry event ClientStartEvent: capture() takes 1 positional argument but 3 were given
2026-02-03 19:29:19 - chromadb.telemetry.product.posthog - ERROR - _direct_capture:61 - Failed to send telemetry event ClientStartEvent: capture() takes 1 positional argument but 3 were given
2026-02-03 19:29:21 - chromadb.telemetry.product.posthog - ERROR - _direct_capture:61 - Failed to send telemetry event ClientStartEvent: capture() takes 1 positional argument but 3 were given
2026-02-03 19:29:23 - chromadb.telemetry.product.posthog - ERROR - _direct_capture:61 - Failed to send telemetry event ClientStartEvent: capture() takes 1 positional argument but 3 were given
2026-02-03 19:29:25 - chromadb.telemetry.product.posthog - ERROR - _direct_capture:61 - Failed to send telemetry event ClientStartEvent: capture() takes 1 positional argument but 3 were given
2026-02-03 19:29:26 - chromadb.telemetry.product.posthog - ERROR - _direct_capture:61 - Failed to send telemetry event ClientStartEvent: capture() takes 1 positional argument but 3 were given
2026-02-03 19:29:28 - chromadb.telemetry.product.posthog - ERROR - _direct_capture:61 - Failed to send telemetry event ClientStartEvent: capture() takes 1 positional argument but 3 were given
2026-02-03 19:29:31 - chromadb.telemetry.product.posthog - ERROR - _direct_capture:61 - Failed to send telemetry event ClientStartEvent: capture() takes 1 positional argument but 3 were given
2026-02-03 19:29:33 - chromadb.telemetry.product.posthog - ERROR - _direct_capture:61 - Failed to send telemetry event ClientStartEvent: capture() takes 1 positional argument but 3 were given
2026-02-03 19:29:35 - chromadb.telemetry.product.posthog - ERROR - _direct_capture:61 - Failed to send telemetry event ClientStartEvent: capture() takes 1 positional argument but 3 were given
2026-02-03 19:29:37 - chromadb.telemetry.product.posthog - ERROR - _direct_capture:61 - Failed to send telemetry event ClientStartEvent: capture() takes 1 positional argument but 3 were given
2026-02-03 19:29:39 - chromadb.telemetry.product.posthog - ERROR - _direct_capture:61 - Failed to send telemetry event ClientStartEvent: capture() takes 1 positional argument but 3 were given
2026-02-03 19:29:42 - chromadb.telemetry.product.posthog - ERROR - _direct_capture:61 - Failed to send telemetry event ClientStartEvent: capture() takes 1 positional argument but 3 were given
2026-02-03 19:29:44 - chromadb.telemetry.product.posthog - ERROR - _direct_capture:61 - Failed to send telemetry event ClientStartEvent: capture() takes 1 positional argument but 3 were given
2026-02-03 19:29:46 - chromadb.telemetry.product.posthog - ERROR - _direct_capture:61 - Failed to send telemetry event ClientStartEvent: capture() takes 1 positional argument but 3 were given
2026-02-03 19:29:48 - chromadb.telemetry.product.posthog - ERROR - _direct_capture:61 - Failed to send telemetry event ClientStartEvent: capture() takes 1 positional argument but 3 were given
2026-02-03 19:29:50 - chromadb.telemetry.product.posthog - ERROR - _direct_capture:61 - Failed to send telemetry event ClientStartEvent: capture() takes 1 positional argument but 3 were given
2026-02-03 19:29:53 - chromadb.telemetry.product.posthog - ERROR - _direct_capture:61 - Failed to send telemetry event ClientStartEvent: capture() takes 1 positional argument but 3 were given
2026-02-03 19:29:55 - chromadb.telemetry.product.posthog - ERROR - _direct_capture:61 - Failed to send telemetry event ClientStartEvent: capture() takes 1 positional argument but 3 were given
2026-02-03 19:29:56 - chromadb.telemetry.product.posthog - ERROR - _direct_capture:61 - Failed to send telemetry event ClientStartEvent: capture() takes 1 positional argument but 3 were given
2026-02-03 19:29:58 - chromadb.telemetry.product.posthog - ERROR - _direct_capture:61 - Failed to send telemetry event ClientStartEvent: capture() takes 1 positional argument but 3 were given
2026-02-03 19:30:00 - chromadb.telemetry.product.posthog - ERROR - _direct_capture:61 - Failed to send telemetry event ClientStartEvent: capture() takes 1 positional argument but 3 were given
2026-02-03 19:30:02 - chromadb.telemetry.product.posthog - ERROR - _direct_capture:61 - Failed to send telemetry event ClientStartEvent: capture() takes 1 positional argument but 3 were given
2026-02-03 19:30:05 - chromadb.telemetry.product.posthog - ERROR - _direct_capture:61 - Failed to send telemetry event ClientStartEvent: capture() takes 1 positional argument but 3 were given
2026-02-03 19:30:07 - chromadb.telemetry.product.posthog - ERROR - _direct_capture:61 - Failed to send telemetry event ClientStartEvent: capture() takes 1 positional argument but 3 were given
2026-02-03 19:30:07 - chromadb.telemetry.product.posthog - ERROR - _direct_capture:61 - Failed to send telemetry event ClientStartEvent: capture() takes 1 positional argument but 3 were given
2026-02-03 19:31:15 - chromadb.telemetry.product.posthog - ERROR - _direct_capture:61 - Failed to send telemetry event ClientStartEvent: capture() takes 1 positional argument but 3 were given
2026-02-03 19:31:15 - chromadb.telemetry.product.posthog - ERROR - _direct_capture:61 - Failed to send telemetry event ClientCreateCollectionEvent: capture() takes 1 positional argument but 3 were given
2026-02-03 19:31:17 - chromadb.telemetry.product.posthog - ERROR - _direct_capture:61 - Failed to send telemetry event ClientStartEvent: capture() takes 1 positional argument but 3 were given
2026-02-03 19:31:20 - chromadb.telemetry.product.posthog - ERROR - _direct_capture:61 - Failed to send telemetry event ClientStartEvent: capture() takes 1 positional argument but 3 were given
2026-02-03 19:31:20 - chromadb.telemetry.product.posthog - ERROR - _direct_capture:61 - Failed to send telemetry event CollectionAddEvent: capture() takes 1 positional argument but 3 were given
2026-02-03 19:31:21 - chromadb.telemetry.product.posthog - ERROR - _direct_capture:61 - Failed to send telemetry event CollectionQueryEvent: capture() takes 1 positional argument but 3 were given
2026-02-03 19:31:23 - chromadb.telemetry.product.posthog - ERROR - _direct_capture:61 - Failed to send telemetry event ClientStartEvent: capture() takes 1 positional argument but 3 were given
2026-02-03 19:31:26 - chromadb.telemetry.product.posthog - ERROR - _direct_capture:61 - Failed to send telemetry event ClientStartEvent: capture() takes 1 positional argument but 3 were given
2026-02-03 19:31:28 - chromadb.telemetry.product.posthog - ERROR - _direct_capture:61 - Failed to send telemetry event ClientStartEvent: capture() takes 1 positional argument but 3 were given
2026-02-03 19:31:31 - chromadb.telemetry.product.posthog - ERROR - _direct_capture:61 - Failed to send telemetry event ClientStartEvent: capture() takes 1 positional argument but 3 were given
2026-02-03 19:31:33 - chromadb.telemetry.product.posthog - ERROR - _direct_capture:61 - Failed to send telemetry event ClientStartEvent: capture() takes 1 positional argument but 3 were given
2026-02-03 19:31:35 - chromadb.telemetry.product.posthog - ERROR - _direct_capture:61 - Failed to send telemetry event ClientStartEvent: capture() takes 1 positional argument but 3 were given
2026-02-03 19:31:37 - chromadb.telemetry.product.posthog - ERROR - _direct_capture:61 - Failed to send telemetry event ClientStartEvent: capture() takes 1 positional argument but 3 were given
2026-02-03 19:31:39 - chromadb.telemetry.product.posthog - ERROR - _direct_capture:61 - Failed to send telemetry event ClientStartEvent: capture() takes 1 positional argument but 3 were given
2026-02-03 19:31:42 - chromadb.telemetry.product.posthog - ERROR - _direct_capture:61 - Failed to send telemetry event ClientStartEvent: capture() takes 1 positional argument but 3 were given
2026-02-03 19:31:44 - chromadb.telemetry.product.posthog - ERROR - _direct_capture:61 - Failed to send telemetry event ClientStartEvent: capture() takes 1 positional argument but 3 were given
2026-02-03 19:31:46 - chromadb.telemetry.product.posthog - ERROR - _direct_capture:61 - Failed to send telemetry event ClientStartEvent: capture() takes 1 positional argument but 3 were given
2026-02-03 19:31:48 - chromadb.telemetry.product.posthog - ERROR - _direct_capture:61 - Failed to send telemetry event ClientStartEvent: capture() takes 1 positional argument but 3 were given
2026-02-03 19:31:49 - chromadb.telemetry.product.posthog - ERROR - _direct_capture:61 - Failed to send telemetry event ClientStartEvent: capture() takes 1 positional argument but 3 were given
2026-02-03 19:31:51 - chromadb.telemetry.product.posthog - ERROR - _direct_capture:61 - Failed to send telemetry event ClientStartEvent: capture() takes 1 positional argument but 3 were given
2026-02-03 19:31:53 - chromadb.telemetry.product.posthog - ERROR - _direct_capture:61 - Failed to send telemetry event ClientStartEvent: capture() takes 1 positional argument but 3 were given
2026-02-03 19:31:56 - chromadb.telemetry.product.posthog - ERROR - _direct_capture:61 - Failed to send telemetry event ClientStartEvent: capture() takes 1 positional argument but 3 were given
2026-02-03 19:31:58 - chromadb.telemetry.product.posthog - ERROR - _direct_capture:61 - Failed to send telemetry event ClientStartEvent: capture() takes 1 positional argument but 3 were given
2026-02-03 19:32:00 - chromadb.telemetry.product.posthog - ERROR - _direct_capture:61 - Failed to send telemetry event ClientStartEvent: capture() takes 1 positional argument but 3 were given
2026-02-03 19:32:02 - chromadb.telemetry.product.posthog - ERROR - _direct_capture:61 - Failed to send telemetry event ClientStartEvent: capture() takes 1 positional argument but 3 were given
2026-02-03 19:32:05 - chromadb.telemetry.product.posthog - ERROR - _direct_capture:61 - Failed to send telemetry event ClientStartEvent: capture() takes 1 positional argument but 3 were given
2026-02-03 19:32:07 - chromadb.telemetry.product.posthog - ERROR - _direct_capture:61 - Failed to send telemetry event ClientStartEvent: capture() takes 1 positional argument but 3 were given
2026-02-03 19:32:09 - chromadb.telemetry.product.posthog - ERROR - _direct_capture:61 - Failed to send telemetry event ClientStartEvent: capture() takes 1 positional argument but 3 were given
2026-02-03 19:32:11 - chromadb.telemetry.product.posthog - ERROR - _direct_capture:61 - Failed to send telemetry event ClientStartEvent: capture() takes 1 positional argument but 3 were given
2026-02-03 19:32:14 - chromadb.telemetry.product.posthog - ERROR - _direct_capture:61 - Failed to send telemetry event ClientStartEvent: capture() takes 1 positional argument but 3 were given
2026-02-03 19:32:16 - chromadb.telemetry.product.posthog - ERROR - _direct_capture:61 - Failed to send telemetry event ClientStartEvent: capture() takes 1 positional argument but 3 were given
2026-02-03 19:32:17 - chromadb.telemetry.product.posthog - ERROR - _direct_capture:61 - Failed to send telemetry event ClientStartEvent: capture() takes 1 positional argument but 3 were given
2026-02-03 19:32:19 - chromadb.telemetry.product.posthog - ERROR - _direct_capture:61 - Failed to send telemetry event ClientStartEvent: capture() takes 1 positional argument but 3 were given
2026-02-03 19:32:21 - chromadb.telemetry.product.posthog - ERROR - _direct_capture:61 - Failed to send telemetry event ClientStartEvent: capture() takes 1 positional argument but 3 were given
2026-02-03 19:32:23 - chromadb.telemetry.product.posthog - ERROR - _direct_capture:61 - Failed to send telemetry event ClientStartEvent: capture() takes 1 positional argument but 3 were given
2026-02-03 19:32:25 - chromadb.telemetry.product.posthog - ERROR - _direct_capture:61 - Failed to send telemetry event ClientStartEvent: capture() takes 1 positional argument but 3 were given
2026-02-03 19:32:28 - chromadb.telemetry.product.posthog - ERROR - _direct_capture:61 - Failed to send telemetry event ClientStartEvent: capture() takes 1 positional argument but 3 were given
2026-02-03 19:32:28 - chromadb.telemetry.product.posthog - ERROR - _direct_capture:61 - Failed to send telemetry event ClientStartEvent: capture() takes 1 positional argument but 3 were given
2026-02-03 19:34:03 - chromadb.telemetry.product.posthog - ERROR - _direct_capture:61 - Failed to send telemetry event ClientStartEvent: capture() takes 1 positional argument but 3 were given
2026-02-03 19:34:30 - chromadb.telemetry.product.posthog - ERROR - _direct_capture:61 - Failed to send telemetry event ClientStartEvent: capture() takes 1 positional argument but 3 were given
2026-02-03 19:37:45 - backend.src_v3.infrastructure.http.api.v3.routers.teacher_router - ERROR - create_enrollment:2392 - Failed to create enrollment: (sqlalchemy.dialects.postgresql.asyncpg.IntegrityError) <class 'asyncpg.exceptions.ForeignKeyViolationError'>: insert or update on table "enrollments" violates foreign key constraint "enrollments_user_id_fkey"
DETAIL:  Key (user_id)=(juanisarmientoomartinez@gmail.com) is not present in table "users".
[SQL: INSERT INTO enrollments (enrollment_id, user_id, course_id, module_id, role, status, completed_at, dropped_at, metadata_json) VALUES ($1::VARCHAR, $2::VARCHAR, $3::VARCHAR, $4::VARCHAR, $5::enrollment_role, $6::enrollment_status_new, $7::TIMESTAMP WITH TIME ZONE, $8::TIMESTAMP WITH TIME ZONE, $9::JSONB) RETURNING enrollments.enrolled_at, enrollments.created_at, enrollments.updated_at]
[parameters: ('c14f1e08-9c9a-4d05-afb9-ed20c97da176', 'juanisarmientoomartinez@gmail.com', 'c60506e5-3800-4ef4-8e82-5200786bc321', '2b7219ab-d819-49f5-bdc2-1703858c26bc', 'STUDENT', 'ACTIVE', None, None, '{}')]
(Background on this error at: https://sqlalche.me/e/20/gkpj)
2026-02-04 01:05:10 - chromadb.telemetry.product.posthog - ERROR - _direct_capture:61 - Failed to send telemetry event ClientStartEvent: capture() takes 1 positional argument but 3 were given
2026-02-04 01:05:11 - chromadb.telemetry.product.posthog - ERROR - _direct_capture:61 - Failed to send telemetry event ClientCreateCollectionEvent: capture() takes 1 positional argument but 3 were given
2026-02-04 01:05:15 - chromadb.telemetry.product.posthog - ERROR - _direct_capture:61 - Failed to send telemetry event ClientStartEvent: capture() takes 1 positional argument but 3 were given
2026-02-04 01:05:19 - chromadb.telemetry.product.posthog - ERROR - _direct_capture:61 - Failed to send telemetry event ClientStartEvent: capture() takes 1 positional argument but 3 were given
2026-02-04 01:05:19 - chromadb.telemetry.product.posthog - ERROR - _direct_capture:61 - Failed to send telemetry event CollectionAddEvent: capture() takes 1 positional argument but 3 were given
2026-02-04 01:05:23 - chromadb.telemetry.product.posthog - ERROR - _direct_capture:61 - Failed to send telemetry event CollectionQueryEvent: capture() takes 1 positional argument but 3 were given
2026-02-04 01:05:23 - chromadb.telemetry.product.posthog - ERROR - _direct_capture:61 - Failed to send telemetry event ClientStartEvent: capture() takes 1 positional argument but 3 were given
2026-02-04 01:05:26 - chromadb.telemetry.product.posthog - ERROR - _direct_capture:61 - Failed to send telemetry event ClientStartEvent: capture() takes 1 positional argument but 3 were given
2026-02-04 01:05:29 - chromadb.telemetry.product.posthog - ERROR - _direct_capture:61 - Failed to send telemetry event ClientStartEvent: capture() takes 1 positional argument but 3 were given
2026-02-04 01:05:32 - chromadb.telemetry.product.posthog - ERROR - _direct_capture:61 - Failed to send telemetry event ClientStartEvent: capture() takes 1 positional argument but 3 were given
2026-02-04 01:05:35 - chromadb.telemetry.product.posthog - ERROR - _direct_capture:61 - Failed to send telemetry event ClientStartEvent: capture() takes 1 positional argument but 3 were given
2026-02-04 01:05:38 - chromadb.telemetry.product.posthog - ERROR - _direct_capture:61 - Failed to send telemetry event ClientStartEvent: capture() takes 1 positional argument but 3 were given
2026-02-04 01:05:41 - chromadb.telemetry.product.posthog - ERROR - _direct_capture:61 - Failed to send telemetry event ClientStartEvent: capture() takes 1 positional argument but 3 were given
2026-02-04 01:05:44 - chromadb.telemetry.product.posthog - ERROR - _direct_capture:61 - Failed to send telemetry event ClientStartEvent: capture() takes 1 positional argument but 3 were given
2026-02-04 01:05:47 - chromadb.telemetry.product.posthog - ERROR - _direct_capture:61 - Failed to send telemetry event ClientStartEvent: capture() takes 1 positional argument but 3 were given
2026-02-04 01:05:48 - chromadb.telemetry.product.posthog - ERROR - _direct_capture:61 - Failed to send telemetry event ClientStartEvent: capture() takes 1 positional argument but 3 were given
2026-02-04 01:05:51 - chromadb.telemetry.product.posthog - ERROR - _direct_capture:61 - Failed to send telemetry event ClientStartEvent: capture() takes 1 positional argument but 3 were given
2026-02-04 01:05:54 - chromadb.telemetry.product.posthog - ERROR - _direct_capture:61 - Failed to send telemetry event ClientStartEvent: capture() takes 1 positional argument but 3 were given
2026-02-04 01:05:57 - chromadb.telemetry.product.posthog - ERROR - _direct_capture:61 - Failed to send telemetry event ClientStartEvent: capture() takes 1 positional argument but 3 were given
2026-02-04 01:06:01 - chromadb.telemetry.product.posthog - ERROR - _direct_capture:61 - Failed to send telemetry event ClientStartEvent: capture() takes 1 positional argument but 3 were given
2026-02-04 01:06:04 - chromadb.telemetry.product.posthog - ERROR - _direct_capture:61 - Failed to send telemetry event ClientStartEvent: capture() takes 1 positional argument but 3 were given
2026-02-04 01:06:07 - chromadb.telemetry.product.posthog - ERROR - _direct_capture:61 - Failed to send telemetry event ClientStartEvent: capture() takes 1 positional argument but 3 were given
2026-02-04 01:06:10 - chromadb.telemetry.product.posthog - ERROR - _direct_capture:61 - Failed to send telemetry event ClientStartEvent: capture() takes 1 positional argument but 3 were given
2026-02-04 01:06:13 - chromadb.telemetry.product.posthog - ERROR - _direct_capture:61 - Failed to send telemetry event ClientStartEvent: capture() takes 1 positional argument but 3 were given
2026-02-04 01:06:15 - chromadb.telemetry.product.posthog - ERROR - _direct_capture:61 - Failed to send telemetry event ClientStartEvent: capture() takes 1 positional argument but 3 were given
2026-02-04 01:06:18 - chromadb.telemetry.product.posthog - ERROR - _direct_capture:61 - Failed to send telemetry event ClientStartEvent: capture() takes 1 positional argument but 3 were given
2026-02-04 01:06:18 - chromadb.telemetry.product.posthog - ERROR - _direct_capture:61 - Failed to send telemetry event ClientStartEvent: capture() takes 1 positional argument but 3 were given
2026-02-04 01:06:51 - backend.src_v3.infrastructure.http.api.v3.routers.student_router - ERROR - get_activity_attempt:1958 - Error getting activity attempt: (sqlalchemy.dialects.postgresql.asyncpg.ProgrammingError) <class 'asyncpg.exceptions.UndefinedTableError'>: relation "student_activity_attempts" does not exist
[SQL: 
            SELECT status, final_grade, submitted_at, ai_feedback
            FROM student_activity_attempts
            WHERE user_id = $1 AND activity_id = $2
            ORDER BY submitted_at DESC
            LIMIT 1
        ]
[parameters: ('91880ff2-3d5b-4ee9-acb5-61dafccf74b6', 'c42c0760-5c9e-4e85-ba5c-293f8143fe39')]
(Background on this error at: https://sqlalche.me/e/20/f405)
2026-02-04 01:06:51 - backend.src_v3.infrastructure.http.api.v3.routers.student_router - ERROR - get_activity_attempt:1958 - Error getting activity attempt: (sqlalchemy.dialects.postgresql.asyncpg.ProgrammingError) <class 'asyncpg.exceptions.UndefinedTableError'>: relation "student_activity_attempts" does not exist
[SQL: 
            SELECT status, final_grade, submitted_at, ai_feedback
            FROM student_activity_attempts
            WHERE user_id = $1 AND activity_id = $2
            ORDER BY submitted_at DESC
            LIMIT 1
        ]
[parameters: ('91880ff2-3d5b-4ee9-acb5-61dafccf74b6', 'c42c0760-5c9e-4e85-ba5c-293f8143fe39')]
(Background on this error at: https://sqlalche.me/e/20/f405)
2026-02-04 01:07:30 - chromadb.telemetry.product.posthog - ERROR - _direct_capture:61 - Failed to send telemetry event ClientStartEvent: capture() takes 1 positional argument but 3 were given
2026-02-04 01:07:42 - chromadb.telemetry.product.posthog - ERROR - _direct_capture:61 - Failed to send telemetry event ClientStartEvent: capture() takes 1 positional argument but 3 were given
2026-02-04 01:07:53 - chromadb.telemetry.product.posthog - ERROR - _direct_capture:61 - Failed to send telemetry event ClientStartEvent: capture() takes 1 positional argument but 3 were given
2026-02-04 01:08:03 - chromadb.telemetry.product.posthog - ERROR - _direct_capture:61 - Failed to send telemetry event ClientStartEvent: capture() takes 1 positional argument but 3 were given
2026-02-04 01:08:24 - chromadb.telemetry.product.posthog - ERROR - _direct_capture:61 - Failed to send telemetry event ClientStartEvent: capture() takes 1 positional argument but 3 were given
2026-02-04 01:08:37 - backend.src_v3.infrastructure.http.api.v3.routers.student_router - ERROR - submit_code:866 - Error in submit_code: cannot access local variable 'text' where it is not associated with a value
2026-02-04 01:08:45 - backend.src_v3.infrastructure.http.api.v3.routers.student_router - ERROR - submit_code:866 - Error in submit_code: cannot access local variable 'text' where it is not associated with a value
2026-02-04 01:09:53 - backend.src_v3.infrastructure.http.api.v3.routers.student_router - ERROR - submit_code:872 - Error in submit_code: cannot access local variable 'text' where it is not associated with a value
2026-02-04 01:09:58 - backend.src_v3.infrastructure.http.api.v3.routers.student_router - ERROR - get_activity_attempt:1964 - Error getting activity attempt: (sqlalchemy.dialects.postgresql.asyncpg.ProgrammingError) <class 'asyncpg.exceptions.UndefinedTableError'>: relation "student_activity_attempts" does not exist
[SQL: 
            SELECT status, final_grade, submitted_at, ai_feedback
            FROM student_activity_attempts
            WHERE user_id = $1 AND activity_id = $2
            ORDER BY submitted_at DESC
            LIMIT 1
        ]
[parameters: ('91880ff2-3d5b-4ee9-acb5-61dafccf74b6', 'c42c0760-5c9e-4e85-ba5c-293f8143fe39')]
(Background on this error at: https://sqlalche.me/e/20/f405)
2026-02-04 01:10:05 - backend.src_v3.infrastructure.http.api.v3.routers.student_router - ERROR - submit_code:872 - Error in submit_code: cannot access local variable 'text' where it is not associated with a value
2026-02-04 01:11:14 - backend.src_v3.infrastructure.http.api.v3.routers.student_router - ERROR - get_activity_attempt:1964 - Error getting activity attempt: (sqlalchemy.dialects.postgresql.asyncpg.ProgrammingError) <class 'asyncpg.exceptions.UndefinedTableError'>: relation "student_activity_attempts" does not exist
[SQL: 
            SELECT status, final_grade, submitted_at, ai_feedback
            FROM student_activity_attempts
            WHERE user_id = $1 AND activity_id = $2
            ORDER BY submitted_at DESC
            LIMIT 1
        ]
[parameters: ('91880ff2-3d5b-4ee9-acb5-61dafccf74b6', 'c42c0760-5c9e-4e85-ba5c-293f8143fe39')]
(Background on this error at: https://sqlalche.me/e/20/f405)
2026-02-04 01:11:18 - backend.src_v3.infrastructure.http.api.v3.routers.student_router - ERROR - submit_code:872 - Error in submit_code: cannot access local variable 'text' where it is not associated with a value
2026-02-04 01:12:32 - backend.src_v3.infrastructure.http.api.v3.routers.student_router - ERROR - get_activity_attempt:1971 - Error getting activity attempt: (sqlalchemy.dialects.postgresql.asyncpg.ProgrammingError) <class 'asyncpg.exceptions.UndefinedColumnError'>: column "final_grade" does not exist
[SQL: 
            SELECT status, final_grade, start_time
            FROM sessions_v2
            WHERE user_id = $1 AND activity_id = $2
              AND status = 'completed' AND final_grade IS NOT NULL
            ORDER BY start_time DESC
            LIMIT 1
        ]
[parameters: ('91880ff2-3d5b-4ee9-acb5-61dafccf74b6', 'c42c0760-5c9e-4e85-ba5c-293f8143fe39')]
(Background on this error at: https://sqlalche.me/e/20/f405)
2026-02-04 01:12:36 - backend.src_v3.infrastructure.http.api.v3.routers.student_router - ERROR - submit_code:878 - Error in submit_code: (sqlalchemy.dialects.postgresql.asyncpg.ProgrammingError) <class 'asyncpg.exceptions.UndefinedColumnError'>: column "final_grade" does not exist
[SQL: 
                    SELECT final_grade FROM sessions_v2
                    WHERE user_id = $1 AND activity_id = $2 
                      AND status = 'completed' AND final_grade IS NOT NULL
                    ORDER BY start_time DESC
                    LIMIT 1
                ]
[parameters: ('91880ff2-3d5b-4ee9-acb5-61dafccf74b6', 'c42c0760-5c9e-4e85-ba5c-293f8143fe39')]
(Background on this error at: https://sqlalche.me/e/20/f405)
2026-02-04 01:12:41 - backend.src_v3.infrastructure.http.api.v3.routers.student_router - ERROR - get_activity_attempt:1971 - Error getting activity attempt: (sqlalchemy.dialects.postgresql.asyncpg.ProgrammingError) <class 'asyncpg.exceptions.UndefinedColumnError'>: column "final_grade" does not exist
[SQL: 
            SELECT status, final_grade, start_time
            FROM sessions_v2
            WHERE user_id = $1 AND activity_id = $2
              AND status = 'completed' AND final_grade IS NOT NULL
            ORDER BY start_time DESC
            LIMIT 1
        ]
[parameters: ('91880ff2-3d5b-4ee9-acb5-61dafccf74b6', 'c42c0760-5c9e-4e85-ba5c-293f8143fe39')]
(Background on this error at: https://sqlalche.me/e/20/f405)
2026-02-04 01:12:41 - backend.src_v3.infrastructure.http.api.v3.routers.student_router - ERROR - get_activity_attempt:1971 - Error getting activity attempt: (sqlalchemy.dialects.postgresql.asyncpg.ProgrammingError) <class 'asyncpg.exceptions.UndefinedColumnError'>: column "final_grade" does not exist
[SQL: 
            SELECT status, final_grade, start_time
            FROM sessions_v2
            WHERE user_id = $1 AND activity_id = $2
              AND status = 'completed' AND final_grade IS NOT NULL
            ORDER BY start_time DESC
            LIMIT 1
        ]
[parameters: ('91880ff2-3d5b-4ee9-acb5-61dafccf74b6', 'c42c0760-5c9e-4e85-ba5c-293f8143fe39')]
(Background on this error at: https://sqlalche.me/e/20/f405)
2026-02-04 01:12:45 - backend.src_v3.infrastructure.http.api.v3.routers.student_router - ERROR - submit_code:878 - Error in submit_code: (sqlalchemy.dialects.postgresql.asyncpg.ProgrammingError) <class 'asyncpg.exceptions.UndefinedColumnError'>: column "final_grade" does not exist
[SQL: 
                    SELECT final_grade FROM sessions_v2
                    WHERE user_id = $1 AND activity_id = $2 
                      AND status = 'completed' AND final_grade IS NOT NULL
                    ORDER BY start_time DESC
                    LIMIT 1
                ]
[parameters: ('91880ff2-3d5b-4ee9-acb5-61dafccf74b6', 'c42c0760-5c9e-4e85-ba5c-293f8143fe39')]
(Background on this error at: https://sqlalche.me/e/20/f405)
2026-02-04 02:24:02 - backend.src_v3.infrastructure.http.api.v3.routers.student_router - ERROR - get_activity_attempt:1970 - Error getting activity attempt: (sqlalchemy.dialects.postgresql.asyncpg.Error) <class 'asyncpg.exceptions.InvalidTextRepresentationError'>: invalid input value for enum submissionstatus: "completed"
[SQL: 
            SELECT status, final_grade, submitted_at, ai_feedback
            FROM submissions
            WHERE student_id = $1 AND activity_id = $2
              AND status = 'completed' AND final_grade IS NOT NULL
            ORDER BY submitted_at DESC
            LIMIT 1
        ]
[parameters: ('91880ff2-3d5b-4ee9-acb5-61dafccf74b6', 'c42c0760-5c9e-4e85-ba5c-293f8143fe39')]
(Background on this error at: https://sqlalche.me/e/20/dbapi)
2026-02-04 02:24:13 - backend.src_v3.infrastructure.http.api.v3.routers.student_router - ERROR - submit_code:877 - Error in submit_code: (sqlalchemy.dialects.postgresql.asyncpg.Error) <class 'asyncpg.exceptions.InvalidTextRepresentationError'>: invalid input value for enum submissionstatus: "completed"
[SQL: 
                    SELECT final_grade FROM submissions
                    WHERE student_id = $1 AND activity_id = $2 
                      AND status = 'completed' AND final_grade IS NOT NULL
                    ORDER BY submitted_at DESC
                    LIMIT 1
                ]
[parameters: ('91880ff2-3d5b-4ee9-acb5-61dafccf74b6', 'c42c0760-5c9e-4e85-ba5c-293f8143fe39')]
(Background on this error at: https://sqlalche.me/e/20/dbapi)
2026-02-04 02:24:18 - backend.src_v3.infrastructure.http.api.v3.routers.student_router - ERROR - get_activity_attempt:1970 - Error getting activity attempt: (sqlalchemy.dialects.postgresql.asyncpg.Error) <class 'asyncpg.exceptions.InvalidTextRepresentationError'>: invalid input value for enum submissionstatus: "completed"
[SQL: 
            SELECT status, final_grade, submitted_at, ai_feedback
            FROM submissions
            WHERE student_id = $1 AND activity_id = $2
              AND status = 'completed' AND final_grade IS NOT NULL
            ORDER BY submitted_at DESC
            LIMIT 1
        ]
[parameters: ('91880ff2-3d5b-4ee9-acb5-61dafccf74b6', 'c42c0760-5c9e-4e85-ba5c-293f8143fe39')]
(Background on this error at: https://sqlalche.me/e/20/dbapi)
2026-02-04 02:24:26 - backend.src_v3.infrastructure.http.api.v3.routers.student_router - ERROR - get_activity_attempt:1970 - Error getting activity attempt: (sqlalchemy.dialects.postgresql.asyncpg.Error) <class 'asyncpg.exceptions.InvalidTextRepresentationError'>: invalid input value for enum submissionstatus: "completed"
[SQL: 
            SELECT status, final_grade, submitted_at, ai_feedback
            FROM submissions
            WHERE student_id = $1 AND activity_id = $2
              AND status = 'completed' AND final_grade IS NOT NULL
            ORDER BY submitted_at DESC
            LIMIT 1
        ]
[parameters: ('91880ff2-3d5b-4ee9-acb5-61dafccf74b6', 'c42c0760-5c9e-4e85-ba5c-293f8143fe39')]
(Background on this error at: https://sqlalche.me/e/20/dbapi)
2026-02-04 02:24:26 - backend.src_v3.infrastructure.http.api.v3.routers.student_router - ERROR - get_activity_attempt:1970 - Error getting activity attempt: (sqlalchemy.dialects.postgresql.asyncpg.Error) <class 'asyncpg.exceptions.InvalidTextRepresentationError'>: invalid input value for enum submissionstatus: "completed"
[SQL: 
            SELECT status, final_grade, submitted_at, ai_feedback
            FROM submissions
            WHERE student_id = $1 AND activity_id = $2
              AND status = 'completed' AND final_grade IS NOT NULL
            ORDER BY submitted_at DESC
            LIMIT 1
        ]
[parameters: ('91880ff2-3d5b-4ee9-acb5-61dafccf74b6', 'c42c0760-5c9e-4e85-ba5c-293f8143fe39')]
(Background on this error at: https://sqlalche.me/e/20/dbapi)
2026-02-04 02:24:30 - backend.src_v3.infrastructure.http.api.v3.routers.student_router - ERROR - submit_code:877 - Error in submit_code: (sqlalchemy.dialects.postgresql.asyncpg.Error) <class 'asyncpg.exceptions.InvalidTextRepresentationError'>: invalid input value for enum submissionstatus: "completed"
[SQL: 
                    SELECT final_grade FROM submissions
                    WHERE student_id = $1 AND activity_id = $2 
                      AND status = 'completed' AND final_grade IS NOT NULL
                    ORDER BY submitted_at DESC
                    LIMIT 1
                ]
[parameters: ('91880ff2-3d5b-4ee9-acb5-61dafccf74b6', 'c42c0760-5c9e-4e85-ba5c-293f8143fe39')]
(Background on this error at: https://sqlalche.me/e/20/dbapi)
2026-02-04 02:28:16 - chromadb.telemetry.product.posthog - ERROR - _direct_capture:61 - Failed to send telemetry event ClientStartEvent: capture() takes 1 positional argument but 3 were given
2026-02-04 02:28:16 - chromadb.telemetry.product.posthog - ERROR - _direct_capture:61 - Failed to send telemetry event ClientCreateCollectionEvent: capture() takes 1 positional argument but 3 were given
2026-02-04 02:28:20 - chromadb.telemetry.product.posthog - ERROR - _direct_capture:61 - Failed to send telemetry event ClientStartEvent: capture() takes 1 positional argument but 3 were given
2026-02-04 02:28:24 - chromadb.telemetry.product.posthog - ERROR - _direct_capture:61 - Failed to send telemetry event ClientStartEvent: capture() takes 1 positional argument but 3 were given
2026-02-04 02:28:28 - chromadb.telemetry.product.posthog - ERROR - _direct_capture:61 - Failed to send telemetry event ClientStartEvent: capture() takes 1 positional argument but 3 were given
2026-02-04 02:28:29 - chromadb.telemetry.product.posthog - ERROR - _direct_capture:61 - Failed to send telemetry event CollectionAddEvent: capture() takes 1 positional argument but 3 were given
2026-02-04 02:28:32 - chromadb.telemetry.product.posthog - ERROR - _direct_capture:61 - Failed to send telemetry event CollectionQueryEvent: capture() takes 1 positional argument but 3 were given
2026-02-04 02:28:32 - chromadb.telemetry.product.posthog - ERROR - _direct_capture:61 - Failed to send telemetry event ClientStartEvent: capture() takes 1 positional argument but 3 were given
2026-02-04 02:28:34 - chromadb.telemetry.product.posthog - ERROR - _direct_capture:61 - Failed to send telemetry event ClientStartEvent: capture() takes 1 positional argument but 3 were given
2026-02-04 02:28:36 - chromadb.telemetry.product.posthog - ERROR - _direct_capture:61 - Failed to send telemetry event ClientStartEvent: capture() takes 1 positional argument but 3 were given
2026-02-04 02:28:38 - chromadb.telemetry.product.posthog - ERROR - _direct_capture:61 - Failed to send telemetry event ClientStartEvent: capture() takes 1 positional argument but 3 were given
2026-02-04 02:28:41 - chromadb.telemetry.product.posthog - ERROR - _direct_capture:61 - Failed to send telemetry event ClientStartEvent: capture() takes 1 positional argument but 3 were given
2026-02-04 02:28:43 - chromadb.telemetry.product.posthog - ERROR - _direct_capture:61 - Failed to send telemetry event ClientStartEvent: capture() takes 1 positional argument but 3 were given
2026-02-04 02:28:45 - chromadb.telemetry.product.posthog - ERROR - _direct_capture:61 - Failed to send telemetry event ClientStartEvent: capture() takes 1 positional argument but 3 were given
2026-02-04 02:28:47 - chromadb.telemetry.product.posthog - ERROR - _direct_capture:61 - Failed to send telemetry event ClientStartEvent: capture() takes 1 positional argument but 3 were given
2026-02-04 02:28:50 - chromadb.telemetry.product.posthog - ERROR - _direct_capture:61 - Failed to send telemetry event ClientStartEvent: capture() takes 1 positional argument but 3 were given
2026-02-04 02:28:52 - chromadb.telemetry.product.posthog - ERROR - _direct_capture:61 - Failed to send telemetry event ClientStartEvent: capture() takes 1 positional argument but 3 were given
2026-02-04 02:28:54 - chromadb.telemetry.product.posthog - ERROR - _direct_capture:61 - Failed to send telemetry event ClientStartEvent: capture() takes 1 positional argument but 3 were given
2026-02-04 02:28:56 - chromadb.telemetry.product.posthog - ERROR - _direct_capture:61 - Failed to send telemetry event ClientStartEvent: capture() takes 1 positional argument but 3 were given
2026-02-04 02:28:59 - chromadb.telemetry.product.posthog - ERROR - _direct_capture:61 - Failed to send telemetry event ClientStartEvent: capture() takes 1 positional argument but 3 were given
2026-02-04 02:29:01 - chromadb.telemetry.product.posthog - ERROR - _direct_capture:61 - Failed to send telemetry event ClientStartEvent: capture() takes 1 positional argument but 3 were given
2026-02-04 02:29:01 - chromadb.telemetry.product.posthog - ERROR - _direct_capture:61 - Failed to send telemetry event ClientStartEvent: capture() takes 1 positional argument but 3 were given
2026-02-04 02:29:04 - chromadb.telemetry.product.posthog - ERROR - _direct_capture:61 - Failed to send telemetry event ClientStartEvent: capture() takes 1 positional argument but 3 were given
2026-02-04 02:29:06 - chromadb.telemetry.product.posthog - ERROR - _direct_capture:61 - Failed to send telemetry event ClientStartEvent: capture() takes 1 positional argument but 3 were given
2026-02-04 02:29:08 - chromadb.telemetry.product.posthog - ERROR - _direct_capture:61 - Failed to send telemetry event ClientStartEvent: capture() takes 1 positional argument but 3 were given
2026-02-04 02:29:10 - chromadb.telemetry.product.posthog - ERROR - _direct_capture:61 - Failed to send telemetry event ClientStartEvent: capture() takes 1 positional argument but 3 were given
2026-02-04 02:29:12 - chromadb.telemetry.product.posthog - ERROR - _direct_capture:61 - Failed to send telemetry event ClientStartEvent: capture() takes 1 positional argument but 3 were given
2026-02-04 02:29:15 - chromadb.telemetry.product.posthog - ERROR - _direct_capture:61 - Failed to send telemetry event ClientStartEvent: capture() takes 1 positional argument but 3 were given
2026-02-04 02:29:15 - chromadb.telemetry.product.posthog - ERROR - _direct_capture:61 - Failed to send telemetry event ClientStartEvent: capture() takes 1 positional argument but 3 were given
2026-02-04 02:44:15 - backend.src_v3.infrastructure.http.api.v3.routers.student_router - ERROR - get_student_dashboard:2750 - Failed to get student dashboard: (sqlalchemy.dialects.postgresql.asyncpg.ProgrammingError) <class 'asyncpg.exceptions.UndefinedColumnError'>: column "role" does not exist
HINT:  Perhaps you meant to reference the column "users.roles".
[SQL: 
            SELECT id, full_name, email, username, role, created_at
            FROM users
            WHERE id = $1
        ]
[parameters: ('91880ff2-3d5b-4ee9-acb5-61dafccf74b6',)]
(Background on this error at: https://sqlalche.me/e/20/f405)
Traceback (most recent call last):
  File "/usr/local/lib/python3.11/site-packages/sqlalchemy/dialects/postgresql/asyncpg.py", line 521, in _prepare_and_execute
    prepared_stmt, attributes = await adapt_connection._prepare(
                                ^^^^^^^^^^^^^^^^^^^^^^^^^^^^^^^^
  File "/usr/local/lib/python3.11/site-packages/sqlalchemy/dialects/postgresql/asyncpg.py", line 768, in _prepare
    prepared_stmt = await self._connection.prepare(
                    ^^^^^^^^^^^^^^^^^^^^^^^^^^^^^^^
  File "/usr/local/lib/python3.11/site-packages/asyncpg/connection.py", line 635, in prepare
    return await self._prepare(
           ^^^^^^^^^^^^^^^^^^^^
  File "/usr/local/lib/python3.11/site-packages/asyncpg/connection.py", line 653, in _prepare
    stmt = await self._get_statement(
           ^^^^^^^^^^^^^^^^^^^^^^^^^^
  File "/usr/local/lib/python3.11/site-packages/asyncpg/connection.py", line 432, in _get_statement
    statement = await self._protocol.prepare(
                ^^^^^^^^^^^^^^^^^^^^^^^^^^^^^
  File "asyncpg/protocol/protocol.pyx", line 165, in prepare
asyncpg.exceptions.UndefinedColumnError: column "role" does not exist
HINT:  Perhaps you meant to reference the column "users.roles".

The above exception was the direct cause of the following exception:

Traceback (most recent call last):
  File "/usr/local/lib/python3.11/site-packages/sqlalchemy/engine/base.py", line 1964, in _exec_single_context
    self.dialect.do_execute(
  File "/usr/local/lib/python3.11/site-packages/sqlalchemy/engine/default.py", line 942, in do_execute
    cursor.execute(statement, parameters)
  File "/usr/local/lib/python3.11/site-packages/sqlalchemy/dialects/postgresql/asyncpg.py", line 580, in execute
    self._adapt_connection.await_(
  File "/usr/local/lib/python3.11/site-packages/sqlalchemy/util/_concurrency_py3k.py", line 132, in await_only
    return current.parent.switch(awaitable)  # type: ignore[no-any-return,attr-defined] # noqa: E501
           ^^^^^^^^^^^^^^^^^^^^^^^^^^^^^^^^
  File "/usr/local/lib/python3.11/site-packages/sqlalchemy/util/_concurrency_py3k.py", line 196, in greenlet_spawn
    value = await result
            ^^^^^^^^^^^^
  File "/usr/local/lib/python3.11/site-packages/sqlalchemy/dialects/postgresql/asyncpg.py", line 558, in _prepare_and_execute
    self._handle_exception(error)
  File "/usr/local/lib/python3.11/site-packages/sqlalchemy/dialects/postgresql/asyncpg.py", line 508, in _handle_exception
    self._adapt_connection._handle_exception(error)
  File "/usr/local/lib/python3.11/site-packages/sqlalchemy/dialects/postgresql/asyncpg.py", line 792, in _handle_exception
    raise translated_error from error
sqlalchemy.dialects.postgresql.asyncpg.AsyncAdapt_asyncpg_dbapi.ProgrammingError: <class 'asyncpg.exceptions.UndefinedColumnError'>: column "role" does not exist
HINT:  Perhaps you meant to reference the column "users.roles".

The above exception was the direct cause of the following exception:

Traceback (most recent call last):
  File "/app/backend/src_v3/infrastructure/http/api/v3/routers/student_router.py", line 2612, in get_student_dashboard
    user_result = await db.execute(text("""
                  ^^^^^^^^^^^^^^^^^^^^^^^^^
  File "/usr/local/lib/python3.11/site-packages/sqlalchemy/ext/asyncio/session.py", line 463, in execute
    result = await greenlet_spawn(
             ^^^^^^^^^^^^^^^^^^^^^
  File "/usr/local/lib/python3.11/site-packages/sqlalchemy/util/_concurrency_py3k.py", line 201, in greenlet_spawn
    result = context.throw(*sys.exc_info())
             ^^^^^^^^^^^^^^^^^^^^^^^^^^^^^^
  File "/usr/local/lib/python3.11/site-packages/sqlalchemy/orm/session.py", line 2365, in execute
    return self._execute_internal(
           ^^^^^^^^^^^^^^^^^^^^^^^
  File "/usr/local/lib/python3.11/site-packages/sqlalchemy/orm/session.py", line 2260, in _execute_internal
    result = conn.execute(
             ^^^^^^^^^^^^^
  File "/usr/local/lib/python3.11/site-packages/sqlalchemy/engine/base.py", line 1416, in execute
    return meth(
           ^^^^^
  File "/usr/local/lib/python3.11/site-packages/sqlalchemy/sql/elements.py", line 515, in _execute_on_connection
    return connection._execute_clauseelement(
           ^^^^^^^^^^^^^^^^^^^^^^^^^^^^^^^^^^
  File "/usr/local/lib/python3.11/site-packages/sqlalchemy/engine/base.py", line 1638, in _execute_clauseelement
    ret = self._execute_context(
          ^^^^^^^^^^^^^^^^^^^^^^
  File "/usr/local/lib/python3.11/site-packages/sqlalchemy/engine/base.py", line 1843, in _execute_context
    return self._exec_single_context(
           ^^^^^^^^^^^^^^^^^^^^^^^^^^
  File "/usr/local/lib/python3.11/site-packages/sqlalchemy/engine/base.py", line 1983, in _exec_single_context
    self._handle_dbapi_exception(
  File "/usr/local/lib/python3.11/site-packages/sqlalchemy/engine/base.py", line 2352, in _handle_dbapi_exception
    raise sqlalchemy_exception.with_traceback(exc_info[2]) from e
  File "/usr/local/lib/python3.11/site-packages/sqlalchemy/engine/base.py", line 1964, in _exec_single_context
    self.dialect.do_execute(
  File "/usr/local/lib/python3.11/site-packages/sqlalchemy/engine/default.py", line 942, in do_execute
    cursor.execute(statement, parameters)
  File "/usr/local/lib/python3.11/site-packages/sqlalchemy/dialects/postgresql/asyncpg.py", line 580, in execute
    self._adapt_connection.await_(
  File "/usr/local/lib/python3.11/site-packages/sqlalchemy/util/_concurrency_py3k.py", line 132, in await_only
    return current.parent.switch(awaitable)  # type: ignore[no-any-return,attr-defined] # noqa: E501
           ^^^^^^^^^^^^^^^^^^^^^^^^^^^^^^^^
  File "/usr/local/lib/python3.11/site-packages/sqlalchemy/util/_concurrency_py3k.py", line 196, in greenlet_spawn
    value = await result
            ^^^^^^^^^^^^
  File "/usr/local/lib/python3.11/site-packages/sqlalchemy/dialects/postgresql/asyncpg.py", line 558, in _prepare_and_execute
    self._handle_exception(error)
  File "/usr/local/lib/python3.11/site-packages/sqlalchemy/dialects/postgresql/asyncpg.py", line 508, in _handle_exception
    self._adapt_connection._handle_exception(error)
  File "/usr/local/lib/python3.11/site-packages/sqlalchemy/dialects/postgresql/asyncpg.py", line 792, in _handle_exception
    raise translated_error from error
sqlalchemy.exc.ProgrammingError: (sqlalchemy.dialects.postgresql.asyncpg.ProgrammingError) <class 'asyncpg.exceptions.UndefinedColumnError'>: column "role" does not exist
HINT:  Perhaps you meant to reference the column "users.roles".
[SQL: 
            SELECT id, full_name, email, username, role, created_at
            FROM users
            WHERE id = $1
        ]
[parameters: ('91880ff2-3d5b-4ee9-acb5-61dafccf74b6',)]
(Background on this error at: https://sqlalche.me/e/20/f405)
2026-02-04 02:44:15 - backend.src_v3.infrastructure.http.api.v3.routers.student_router - ERROR - get_student_dashboard:2750 - Failed to get student dashboard: (sqlalchemy.dialects.postgresql.asyncpg.ProgrammingError) <class 'asyncpg.exceptions.UndefinedColumnError'>: column "role" does not exist
HINT:  Perhaps you meant to reference the column "users.roles".
[SQL: 
            SELECT id, full_name, email, username, role, created_at
            FROM users
            WHERE id = $1
        ]
[parameters: ('91880ff2-3d5b-4ee9-acb5-61dafccf74b6',)]
(Background on this error at: https://sqlalche.me/e/20/f405)
Traceback (most recent call last):
  File "/usr/local/lib/python3.11/site-packages/sqlalchemy/dialects/postgresql/asyncpg.py", line 521, in _prepare_and_execute
    prepared_stmt, attributes = await adapt_connection._prepare(
                                ^^^^^^^^^^^^^^^^^^^^^^^^^^^^^^^^
  File "/usr/local/lib/python3.11/site-packages/sqlalchemy/dialects/postgresql/asyncpg.py", line 768, in _prepare
    prepared_stmt = await self._connection.prepare(
                    ^^^^^^^^^^^^^^^^^^^^^^^^^^^^^^^
  File "/usr/local/lib/python3.11/site-packages/asyncpg/connection.py", line 635, in prepare
    return await self._prepare(
           ^^^^^^^^^^^^^^^^^^^^
  File "/usr/local/lib/python3.11/site-packages/asyncpg/connection.py", line 653, in _prepare
    stmt = await self._get_statement(
           ^^^^^^^^^^^^^^^^^^^^^^^^^^
  File "/usr/local/lib/python3.11/site-packages/asyncpg/connection.py", line 432, in _get_statement
    statement = await self._protocol.prepare(
                ^^^^^^^^^^^^^^^^^^^^^^^^^^^^^
  File "asyncpg/protocol/protocol.pyx", line 165, in prepare
asyncpg.exceptions.UndefinedColumnError: column "role" does not exist
HINT:  Perhaps you meant to reference the column "users.roles".

The above exception was the direct cause of the following exception:

Traceback (most recent call last):
  File "/usr/local/lib/python3.11/site-packages/sqlalchemy/engine/base.py", line 1964, in _exec_single_context
    self.dialect.do_execute(
  File "/usr/local/lib/python3.11/site-packages/sqlalchemy/engine/default.py", line 942, in do_execute
    cursor.execute(statement, parameters)
  File "/usr/local/lib/python3.11/site-packages/sqlalchemy/dialects/postgresql/asyncpg.py", line 580, in execute
    self._adapt_connection.await_(
  File "/usr/local/lib/python3.11/site-packages/sqlalchemy/util/_concurrency_py3k.py", line 132, in await_only
    return current.parent.switch(awaitable)  # type: ignore[no-any-return,attr-defined] # noqa: E501
           ^^^^^^^^^^^^^^^^^^^^^^^^^^^^^^^^
  File "/usr/local/lib/python3.11/site-packages/sqlalchemy/util/_concurrency_py3k.py", line 196, in greenlet_spawn
    value = await result
            ^^^^^^^^^^^^
  File "/usr/local/lib/python3.11/site-packages/sqlalchemy/dialects/postgresql/asyncpg.py", line 558, in _prepare_and_execute
    self._handle_exception(error)
  File "/usr/local/lib/python3.11/site-packages/sqlalchemy/dialects/postgresql/asyncpg.py", line 508, in _handle_exception
    self._adapt_connection._handle_exception(error)
  File "/usr/local/lib/python3.11/site-packages/sqlalchemy/dialects/postgresql/asyncpg.py", line 792, in _handle_exception
    raise translated_error from error
sqlalchemy.dialects.postgresql.asyncpg.AsyncAdapt_asyncpg_dbapi.ProgrammingError: <class 'asyncpg.exceptions.UndefinedColumnError'>: column "role" does not exist
HINT:  Perhaps you meant to reference the column "users.roles".

The above exception was the direct cause of the following exception:

Traceback (most recent call last):
  File "/app/backend/src_v3/infrastructure/http/api/v3/routers/student_router.py", line 2612, in get_student_dashboard
    user_result = await db.execute(text("""
                  ^^^^^^^^^^^^^^^^^^^^^^^^^
  File "/usr/local/lib/python3.11/site-packages/sqlalchemy/ext/asyncio/session.py", line 463, in execute
    result = await greenlet_spawn(
             ^^^^^^^^^^^^^^^^^^^^^
  File "/usr/local/lib/python3.11/site-packages/sqlalchemy/util/_concurrency_py3k.py", line 201, in greenlet_spawn
    result = context.throw(*sys.exc_info())
             ^^^^^^^^^^^^^^^^^^^^^^^^^^^^^^
  File "/usr/local/lib/python3.11/site-packages/sqlalchemy/orm/session.py", line 2365, in execute
    return self._execute_internal(
           ^^^^^^^^^^^^^^^^^^^^^^^
  File "/usr/local/lib/python3.11/site-packages/sqlalchemy/orm/session.py", line 2260, in _execute_internal
    result = conn.execute(
             ^^^^^^^^^^^^^
  File "/usr/local/lib/python3.11/site-packages/sqlalchemy/engine/base.py", line 1416, in execute
    return meth(
           ^^^^^
  File "/usr/local/lib/python3.11/site-packages/sqlalchemy/sql/elements.py", line 515, in _execute_on_connection
    return connection._execute_clauseelement(
           ^^^^^^^^^^^^^^^^^^^^^^^^^^^^^^^^^^
  File "/usr/local/lib/python3.11/site-packages/sqlalchemy/engine/base.py", line 1638, in _execute_clauseelement
    ret = self._execute_context(
          ^^^^^^^^^^^^^^^^^^^^^^
  File "/usr/local/lib/python3.11/site-packages/sqlalchemy/engine/base.py", line 1843, in _execute_context
    return self._exec_single_context(
           ^^^^^^^^^^^^^^^^^^^^^^^^^^
  File "/usr/local/lib/python3.11/site-packages/sqlalchemy/engine/base.py", line 1983, in _exec_single_context
    self._handle_dbapi_exception(
  File "/usr/local/lib/python3.11/site-packages/sqlalchemy/engine/base.py", line 2352, in _handle_dbapi_exception
    raise sqlalchemy_exception.with_traceback(exc_info[2]) from e
  File "/usr/local/lib/python3.11/site-packages/sqlalchemy/engine/base.py", line 1964, in _exec_single_context
    self.dialect.do_execute(
  File "/usr/local/lib/python3.11/site-packages/sqlalchemy/engine/default.py", line 942, in do_execute
    cursor.execute(statement, parameters)
  File "/usr/local/lib/python3.11/site-packages/sqlalchemy/dialects/postgresql/asyncpg.py", line 580, in execute
    self._adapt_connection.await_(
  File "/usr/local/lib/python3.11/site-packages/sqlalchemy/util/_concurrency_py3k.py", line 132, in await_only
    return current.parent.switch(awaitable)  # type: ignore[no-any-return,attr-defined] # noqa: E501
           ^^^^^^^^^^^^^^^^^^^^^^^^^^^^^^^^
  File "/usr/local/lib/python3.11/site-packages/sqlalchemy/util/_concurrency_py3k.py", line 196, in greenlet_spawn
    value = await result
            ^^^^^^^^^^^^
  File "/usr/local/lib/python3.11/site-packages/sqlalchemy/dialects/postgresql/asyncpg.py", line 558, in _prepare_and_execute
    self._handle_exception(error)
  File "/usr/local/lib/python3.11/site-packages/sqlalchemy/dialects/postgresql/asyncpg.py", line 508, in _handle_exception
    self._adapt_connection._handle_exception(error)
  File "/usr/local/lib/python3.11/site-packages/sqlalchemy/dialects/postgresql/asyncpg.py", line 792, in _handle_exception
    raise translated_error from error
sqlalchemy.exc.ProgrammingError: (sqlalchemy.dialects.postgresql.asyncpg.ProgrammingError) <class 'asyncpg.exceptions.UndefinedColumnError'>: column "role" does not exist
HINT:  Perhaps you meant to reference the column "users.roles".
[SQL: 
            SELECT id, full_name, email, username, role, created_at
            FROM users
            WHERE id = $1
        ]
[parameters: ('91880ff2-3d5b-4ee9-acb5-61dafccf74b6',)]
(Background on this error at: https://sqlalche.me/e/20/f405)
2026-02-04 02:45:35 - backend.src_v3.infrastructure.http.api.v3.routers.student_router - ERROR - get_student_dashboard:2764 - Failed to get student dashboard: (sqlalchemy.dialects.postgresql.asyncpg.ProgrammingError) <class 'asyncpg.exceptions.UndefinedColumnError'>: column m.name does not exist
[SQL: 
            SELECT 
                s.submission_id,
                s.activity_id,
                a.title,
                s.status,
                s.final_grade,
                s.submitted_at,
                m.name as module_name
            FROM submissions s
            JOIN activities a ON s.activity_id = a.activity_id
            LEFT JOIN modules m ON a.module_id = m.module_id
            WHERE s.student_id = $1
            ORDER BY s.submitted_at DESC
        ]
[parameters: ('91880ff2-3d5b-4ee9-acb5-61dafccf74b6',)]
(Background on this error at: https://sqlalche.me/e/20/f405)
Traceback (most recent call last):
  File "/usr/local/lib/python3.11/site-packages/sqlalchemy/dialects/postgresql/asyncpg.py", line 521, in _prepare_and_execute
    prepared_stmt, attributes = await adapt_connection._prepare(
                                ^^^^^^^^^^^^^^^^^^^^^^^^^^^^^^^^
  File "/usr/local/lib/python3.11/site-packages/sqlalchemy/dialects/postgresql/asyncpg.py", line 768, in _prepare
    prepared_stmt = await self._connection.prepare(
                    ^^^^^^^^^^^^^^^^^^^^^^^^^^^^^^^
  File "/usr/local/lib/python3.11/site-packages/asyncpg/connection.py", line 635, in prepare
    return await self._prepare(
           ^^^^^^^^^^^^^^^^^^^^
  File "/usr/local/lib/python3.11/site-packages/asyncpg/connection.py", line 653, in _prepare
    stmt = await self._get_statement(
           ^^^^^^^^^^^^^^^^^^^^^^^^^^
  File "/usr/local/lib/python3.11/site-packages/asyncpg/connection.py", line 432, in _get_statement
    statement = await self._protocol.prepare(
                ^^^^^^^^^^^^^^^^^^^^^^^^^^^^^
  File "asyncpg/protocol/protocol.pyx", line 165, in prepare
asyncpg.exceptions.UndefinedColumnError: column m.name does not exist

The above exception was the direct cause of the following exception:

Traceback (most recent call last):
  File "/usr/local/lib/python3.11/site-packages/sqlalchemy/engine/base.py", line 1964, in _exec_single_context
    self.dialect.do_execute(
  File "/usr/local/lib/python3.11/site-packages/sqlalchemy/engine/default.py", line 942, in do_execute
    cursor.execute(statement, parameters)
  File "/usr/local/lib/python3.11/site-packages/sqlalchemy/dialects/postgresql/asyncpg.py", line 580, in execute
    self._adapt_connection.await_(
  File "/usr/local/lib/python3.11/site-packages/sqlalchemy/util/_concurrency_py3k.py", line 132, in await_only
    return current.parent.switch(awaitable)  # type: ignore[no-any-return,attr-defined] # noqa: E501
           ^^^^^^^^^^^^^^^^^^^^^^^^^^^^^^^^
  File "/usr/local/lib/python3.11/site-packages/sqlalchemy/util/_concurrency_py3k.py", line 196, in greenlet_spawn
    value = await result
            ^^^^^^^^^^^^
  File "/usr/local/lib/python3.11/site-packages/sqlalchemy/dialects/postgresql/asyncpg.py", line 558, in _prepare_and_execute
    self._handle_exception(error)
  File "/usr/local/lib/python3.11/site-packages/sqlalchemy/dialects/postgresql/asyncpg.py", line 508, in _handle_exception
    self._adapt_connection._handle_exception(error)
  File "/usr/local/lib/python3.11/site-packages/sqlalchemy/dialects/postgresql/asyncpg.py", line 792, in _handle_exception
    raise translated_error from error
sqlalchemy.dialects.postgresql.asyncpg.AsyncAdapt_asyncpg_dbapi.ProgrammingError: <class 'asyncpg.exceptions.UndefinedColumnError'>: column m.name does not exist

The above exception was the direct cause of the following exception:

Traceback (most recent call last):
  File "/app/backend/src_v3/infrastructure/http/api/v3/routers/student_router.py", line 2646, in get_student_dashboard
    submissions_result = await db.execute(text("""
                         ^^^^^^^^^^^^^^^^^^^^^^^^^
  File "/usr/local/lib/python3.11/site-packages/sqlalchemy/ext/asyncio/session.py", line 463, in execute
    result = await greenlet_spawn(
             ^^^^^^^^^^^^^^^^^^^^^
  File "/usr/local/lib/python3.11/site-packages/sqlalchemy/util/_concurrency_py3k.py", line 201, in greenlet_spawn
    result = context.throw(*sys.exc_info())
             ^^^^^^^^^^^^^^^^^^^^^^^^^^^^^^
  File "/usr/local/lib/python3.11/site-packages/sqlalchemy/orm/session.py", line 2365, in execute
    return self._execute_internal(
           ^^^^^^^^^^^^^^^^^^^^^^^
  File "/usr/local/lib/python3.11/site-packages/sqlalchemy/orm/session.py", line 2260, in _execute_internal
    result = conn.execute(
             ^^^^^^^^^^^^^
  File "/usr/local/lib/python3.11/site-packages/sqlalchemy/engine/base.py", line 1416, in execute
    return meth(
           ^^^^^
  File "/usr/local/lib/python3.11/site-packages/sqlalchemy/sql/elements.py", line 515, in _execute_on_connection
    return connection._execute_clauseelement(
           ^^^^^^^^^^^^^^^^^^^^^^^^^^^^^^^^^^
  File "/usr/local/lib/python3.11/site-packages/sqlalchemy/engine/base.py", line 1638, in _execute_clauseelement
    ret = self._execute_context(
          ^^^^^^^^^^^^^^^^^^^^^^
  File "/usr/local/lib/python3.11/site-packages/sqlalchemy/engine/base.py", line 1843, in _execute_context
    return self._exec_single_context(
           ^^^^^^^^^^^^^^^^^^^^^^^^^^
  File "/usr/local/lib/python3.11/site-packages/sqlalchemy/engine/base.py", line 1983, in _exec_single_context
    self._handle_dbapi_exception(
  File "/usr/local/lib/python3.11/site-packages/sqlalchemy/engine/base.py", line 2352, in _handle_dbapi_exception
    raise sqlalchemy_exception.with_traceback(exc_info[2]) from e
  File "/usr/local/lib/python3.11/site-packages/sqlalchemy/engine/base.py", line 1964, in _exec_single_context
    self.dialect.do_execute(
  File "/usr/local/lib/python3.11/site-packages/sqlalchemy/engine/default.py", line 942, in do_execute
    cursor.execute(statement, parameters)
  File "/usr/local/lib/python3.11/site-packages/sqlalchemy/dialects/postgresql/asyncpg.py", line 580, in execute
    self._adapt_connection.await_(
  File "/usr/local/lib/python3.11/site-packages/sqlalchemy/util/_concurrency_py3k.py", line 132, in await_only
    return current.parent.switch(awaitable)  # type: ignore[no-any-return,attr-defined] # noqa: E501
           ^^^^^^^^^^^^^^^^^^^^^^^^^^^^^^^^
  File "/usr/local/lib/python3.11/site-packages/sqlalchemy/util/_concurrency_py3k.py", line 196, in greenlet_spawn
    value = await result
            ^^^^^^^^^^^^
  File "/usr/local/lib/python3.11/site-packages/sqlalchemy/dialects/postgresql/asyncpg.py", line 558, in _prepare_and_execute
    self._handle_exception(error)
  File "/usr/local/lib/python3.11/site-packages/sqlalchemy/dialects/postgresql/asyncpg.py", line 508, in _handle_exception
    self._adapt_connection._handle_exception(error)
  File "/usr/local/lib/python3.11/site-packages/sqlalchemy/dialects/postgresql/asyncpg.py", line 792, in _handle_exception
    raise translated_error from error
sqlalchemy.exc.ProgrammingError: (sqlalchemy.dialects.postgresql.asyncpg.ProgrammingError) <class 'asyncpg.exceptions.UndefinedColumnError'>: column m.name does not exist
[SQL: 
            SELECT 
                s.submission_id,
                s.activity_id,
                a.title,
                s.status,
                s.final_grade,
                s.submitted_at,
                m.name as module_name
            FROM submissions s
            JOIN activities a ON s.activity_id = a.activity_id
            LEFT JOIN modules m ON a.module_id = m.module_id
            WHERE s.student_id = $1
            ORDER BY s.submitted_at DESC
        ]
[parameters: ('91880ff2-3d5b-4ee9-acb5-61dafccf74b6',)]
(Background on this error at: https://sqlalche.me/e/20/f405)
2026-02-04 02:45:49 - backend.src_v3.infrastructure.http.api.v3.routers.student_router - ERROR - get_student_dashboard:2764 - Failed to get student dashboard: (sqlalchemy.dialects.postgresql.asyncpg.ProgrammingError) <class 'asyncpg.exceptions.UndefinedColumnError'>: column m.name does not exist
[SQL: 
            SELECT 
                s.submission_id,
                s.activity_id,
                a.title,
                s.status,
                s.final_grade,
                s.submitted_at,
                m.name as module_name
            FROM submissions s
            JOIN activities a ON s.activity_id = a.activity_id
            LEFT JOIN modules m ON a.module_id = m.module_id
            WHERE s.student_id = $1
            ORDER BY s.submitted_at DESC
        ]
[parameters: ('91880ff2-3d5b-4ee9-acb5-61dafccf74b6',)]
(Background on this error at: https://sqlalche.me/e/20/f405)
Traceback (most recent call last):
  File "/usr/local/lib/python3.11/site-packages/sqlalchemy/dialects/postgresql/asyncpg.py", line 521, in _prepare_and_execute
    prepared_stmt, attributes = await adapt_connection._prepare(
                                ^^^^^^^^^^^^^^^^^^^^^^^^^^^^^^^^
  File "/usr/local/lib/python3.11/site-packages/sqlalchemy/dialects/postgresql/asyncpg.py", line 768, in _prepare
    prepared_stmt = await self._connection.prepare(
                    ^^^^^^^^^^^^^^^^^^^^^^^^^^^^^^^
  File "/usr/local/lib/python3.11/site-packages/asyncpg/connection.py", line 635, in prepare
    return await self._prepare(
           ^^^^^^^^^^^^^^^^^^^^
  File "/usr/local/lib/python3.11/site-packages/asyncpg/connection.py", line 653, in _prepare
    stmt = await self._get_statement(
           ^^^^^^^^^^^^^^^^^^^^^^^^^^
  File "/usr/local/lib/python3.11/site-packages/asyncpg/connection.py", line 432, in _get_statement
    statement = await self._protocol.prepare(
                ^^^^^^^^^^^^^^^^^^^^^^^^^^^^^
  File "asyncpg/protocol/protocol.pyx", line 165, in prepare
asyncpg.exceptions.UndefinedColumnError: column m.name does not exist

The above exception was the direct cause of the following exception:

Traceback (most recent call last):
  File "/usr/local/lib/python3.11/site-packages/sqlalchemy/engine/base.py", line 1964, in _exec_single_context
    self.dialect.do_execute(
  File "/usr/local/lib/python3.11/site-packages/sqlalchemy/engine/default.py", line 942, in do_execute
    cursor.execute(statement, parameters)
  File "/usr/local/lib/python3.11/site-packages/sqlalchemy/dialects/postgresql/asyncpg.py", line 580, in execute
    self._adapt_connection.await_(
  File "/usr/local/lib/python3.11/site-packages/sqlalchemy/util/_concurrency_py3k.py", line 132, in await_only
    return current.parent.switch(awaitable)  # type: ignore[no-any-return,attr-defined] # noqa: E501
           ^^^^^^^^^^^^^^^^^^^^^^^^^^^^^^^^
  File "/usr/local/lib/python3.11/site-packages/sqlalchemy/util/_concurrency_py3k.py", line 196, in greenlet_spawn
    value = await result
            ^^^^^^^^^^^^
  File "/usr/local/lib/python3.11/site-packages/sqlalchemy/dialects/postgresql/asyncpg.py", line 558, in _prepare_and_execute
    self._handle_exception(error)
  File "/usr/local/lib/python3.11/site-packages/sqlalchemy/dialects/postgresql/asyncpg.py", line 508, in _handle_exception
    self._adapt_connection._handle_exception(error)
  File "/usr/local/lib/python3.11/site-packages/sqlalchemy/dialects/postgresql/asyncpg.py", line 792, in _handle_exception
    raise translated_error from error
sqlalchemy.dialects.postgresql.asyncpg.AsyncAdapt_asyncpg_dbapi.ProgrammingError: <class 'asyncpg.exceptions.UndefinedColumnError'>: column m.name does not exist

The above exception was the direct cause of the following exception:

Traceback (most recent call last):
  File "/app/backend/src_v3/infrastructure/http/api/v3/routers/student_router.py", line 2646, in get_student_dashboard
    submissions_result = await db.execute(text("""
                         ^^^^^^^^^^^^^^^^^^^^^^^^^
  File "/usr/local/lib/python3.11/site-packages/sqlalchemy/ext/asyncio/session.py", line 463, in execute
    result = await greenlet_spawn(
             ^^^^^^^^^^^^^^^^^^^^^
  File "/usr/local/lib/python3.11/site-packages/sqlalchemy/util/_concurrency_py3k.py", line 201, in greenlet_spawn
    result = context.throw(*sys.exc_info())
             ^^^^^^^^^^^^^^^^^^^^^^^^^^^^^^
  File "/usr/local/lib/python3.11/site-packages/sqlalchemy/orm/session.py", line 2365, in execute
    return self._execute_internal(
           ^^^^^^^^^^^^^^^^^^^^^^^
  File "/usr/local/lib/python3.11/site-packages/sqlalchemy/orm/session.py", line 2260, in _execute_internal
    result = conn.execute(
             ^^^^^^^^^^^^^
  File "/usr/local/lib/python3.11/site-packages/sqlalchemy/engine/base.py", line 1416, in execute
    return meth(
           ^^^^^
  File "/usr/local/lib/python3.11/site-packages/sqlalchemy/sql/elements.py", line 515, in _execute_on_connection
    return connection._execute_clauseelement(
           ^^^^^^^^^^^^^^^^^^^^^^^^^^^^^^^^^^
  File "/usr/local/lib/python3.11/site-packages/sqlalchemy/engine/base.py", line 1638, in _execute_clauseelement
    ret = self._execute_context(
          ^^^^^^^^^^^^^^^^^^^^^^
  File "/usr/local/lib/python3.11/site-packages/sqlalchemy/engine/base.py", line 1843, in _execute_context
    return self._exec_single_context(
           ^^^^^^^^^^^^^^^^^^^^^^^^^^
  File "/usr/local/lib/python3.11/site-packages/sqlalchemy/engine/base.py", line 1983, in _exec_single_context
    self._handle_dbapi_exception(
  File "/usr/local/lib/python3.11/site-packages/sqlalchemy/engine/base.py", line 2352, in _handle_dbapi_exception
    raise sqlalchemy_exception.with_traceback(exc_info[2]) from e
  File "/usr/local/lib/python3.11/site-packages/sqlalchemy/engine/base.py", line 1964, in _exec_single_context
    self.dialect.do_execute(
  File "/usr/local/lib/python3.11/site-packages/sqlalchemy/engine/default.py", line 942, in do_execute
    cursor.execute(statement, parameters)
  File "/usr/local/lib/python3.11/site-packages/sqlalchemy/dialects/postgresql/asyncpg.py", line 580, in execute
    self._adapt_connection.await_(
  File "/usr/local/lib/python3.11/site-packages/sqlalchemy/util/_concurrency_py3k.py", line 132, in await_only
    return current.parent.switch(awaitable)  # type: ignore[no-any-return,attr-defined] # noqa: E501
           ^^^^^^^^^^^^^^^^^^^^^^^^^^^^^^^^
  File "/usr/local/lib/python3.11/site-packages/sqlalchemy/util/_concurrency_py3k.py", line 196, in greenlet_spawn
    value = await result
            ^^^^^^^^^^^^
  File "/usr/local/lib/python3.11/site-packages/sqlalchemy/dialects/postgresql/asyncpg.py", line 558, in _prepare_and_execute
    self._handle_exception(error)
  File "/usr/local/lib/python3.11/site-packages/sqlalchemy/dialects/postgresql/asyncpg.py", line 508, in _handle_exception
    self._adapt_connection._handle_exception(error)
  File "/usr/local/lib/python3.11/site-packages/sqlalchemy/dialects/postgresql/asyncpg.py", line 792, in _handle_exception
    raise translated_error from error
sqlalchemy.exc.ProgrammingError: (sqlalchemy.dialects.postgresql.asyncpg.ProgrammingError) <class 'asyncpg.exceptions.UndefinedColumnError'>: column m.name does not exist
[SQL: 
            SELECT 
                s.submission_id,
                s.activity_id,
                a.title,
                s.status,
                s.final_grade,
                s.submitted_at,
                m.name as module_name
            FROM submissions s
            JOIN activities a ON s.activity_id = a.activity_id
            LEFT JOIN modules m ON a.module_id = m.module_id
            WHERE s.student_id = $1
            ORDER BY s.submitted_at DESC
        ]
[parameters: ('91880ff2-3d5b-4ee9-acb5-61dafccf74b6',)]
(Background on this error at: https://sqlalche.me/e/20/f405)
2026-02-04 03:18:17 - chromadb.telemetry.product.posthog - ERROR - _direct_capture:61 - Failed to send telemetry event ClientStartEvent: capture() takes 1 positional argument but 3 were given
2026-02-04 03:18:17 - chromadb.telemetry.product.posthog - ERROR - _direct_capture:61 - Failed to send telemetry event ClientCreateCollectionEvent: capture() takes 1 positional argument but 3 were given
2026-02-04 03:18:21 - chromadb.telemetry.product.posthog - ERROR - _direct_capture:61 - Failed to send telemetry event ClientStartEvent: capture() takes 1 positional argument but 3 were given
2026-02-04 03:18:24 - chromadb.telemetry.product.posthog - ERROR - _direct_capture:61 - Failed to send telemetry event ClientStartEvent: capture() takes 1 positional argument but 3 were given
2026-02-04 03:18:25 - chromadb.telemetry.product.posthog - ERROR - _direct_capture:61 - Failed to send telemetry event CollectionAddEvent: capture() takes 1 positional argument but 3 were given
2026-02-04 03:18:27 - chromadb.telemetry.product.posthog - ERROR - _direct_capture:61 - Failed to send telemetry event ClientStartEvent: capture() takes 1 positional argument but 3 were given
2026-02-04 03:18:27 - chromadb.telemetry.product.posthog - ERROR - _direct_capture:61 - Failed to send telemetry event CollectionQueryEvent: capture() takes 1 positional argument but 3 were given
2026-02-04 03:18:31 - chromadb.telemetry.product.posthog - ERROR - _direct_capture:61 - Failed to send telemetry event ClientStartEvent: capture() takes 1 positional argument but 3 were given
2026-02-04 03:18:33 - chromadb.telemetry.product.posthog - ERROR - _direct_capture:61 - Failed to send telemetry event ClientStartEvent: capture() takes 1 positional argument but 3 were given
2026-02-04 03:18:35 - chromadb.telemetry.product.posthog - ERROR - _direct_capture:61 - Failed to send telemetry event ClientStartEvent: capture() takes 1 positional argument but 3 were given
2026-02-04 03:18:38 - chromadb.telemetry.product.posthog - ERROR - _direct_capture:61 - Failed to send telemetry event ClientStartEvent: capture() takes 1 positional argument but 3 were given
2026-02-04 03:18:40 - chromadb.telemetry.product.posthog - ERROR - _direct_capture:61 - Failed to send telemetry event ClientStartEvent: capture() takes 1 positional argument but 3 were given
2026-02-04 03:18:42 - chromadb.telemetry.product.posthog - ERROR - _direct_capture:61 - Failed to send telemetry event ClientStartEvent: capture() takes 1 positional argument but 3 were given
2026-02-04 03:18:45 - chromadb.telemetry.product.posthog - ERROR - _direct_capture:61 - Failed to send telemetry event ClientStartEvent: capture() takes 1 positional argument but 3 were given
2026-02-04 03:18:47 - chromadb.telemetry.product.posthog - ERROR - _direct_capture:61 - Failed to send telemetry event ClientStartEvent: capture() takes 1 positional argument but 3 were given
2026-02-04 03:18:49 - chromadb.telemetry.product.posthog - ERROR - _direct_capture:61 - Failed to send telemetry event ClientStartEvent: capture() takes 1 positional argument but 3 were given
2026-02-04 03:18:51 - chromadb.telemetry.product.posthog - ERROR - _direct_capture:61 - Failed to send telemetry event ClientStartEvent: capture() takes 1 positional argument but 3 were given
2026-02-04 03:18:54 - chromadb.telemetry.product.posthog - ERROR - _direct_capture:61 - Failed to send telemetry event ClientStartEvent: capture() takes 1 positional argument but 3 were given
2026-02-04 03:18:54 - chromadb.telemetry.product.posthog - ERROR - _direct_capture:61 - Failed to send telemetry event ClientStartEvent: capture() takes 1 positional argument but 3 were given
2026-02-04 03:18:56 - chromadb.telemetry.product.posthog - ERROR - _direct_capture:61 - Failed to send telemetry event ClientStartEvent: capture() takes 1 positional argument but 3 were given
2026-02-04 03:18:59 - chromadb.telemetry.product.posthog - ERROR - _direct_capture:61 - Failed to send telemetry event ClientStartEvent: capture() takes 1 positional argument but 3 were given
2026-02-04 03:19:01 - chromadb.telemetry.product.posthog - ERROR - _direct_capture:61 - Failed to send telemetry event ClientStartEvent: capture() takes 1 positional argument but 3 were given
2026-02-04 03:19:03 - chromadb.telemetry.product.posthog - ERROR - _direct_capture:61 - Failed to send telemetry event ClientStartEvent: capture() takes 1 positional argument but 3 were given
2026-02-04 03:19:05 - chromadb.telemetry.product.posthog - ERROR - _direct_capture:61 - Failed to send telemetry event ClientStartEvent: capture() takes 1 positional argument but 3 were given
2026-02-04 03:19:08 - chromadb.telemetry.product.posthog - ERROR - _direct_capture:61 - Failed to send telemetry event ClientStartEvent: capture() takes 1 positional argument but 3 were given
2026-02-04 03:19:10 - chromadb.telemetry.product.posthog - ERROR - _direct_capture:61 - Failed to send telemetry event ClientStartEvent: capture() takes 1 positional argument but 3 were given
2026-02-04 03:19:13 - chromadb.telemetry.product.posthog - ERROR - _direct_capture:61 - Failed to send telemetry event ClientStartEvent: capture() takes 1 positional argument but 3 were given
2026-02-04 03:19:13 - chromadb.telemetry.product.posthog - ERROR - _direct_capture:61 - Failed to send telemetry event ClientStartEvent: capture() takes 1 positional argument but 3 were given
2026-02-04 03:24:03 - backend.src_v3.infrastructure.http.api.v3.routers.teacher_router - ERROR - get_available_students_for_module:2535 - Failed to get available students: (sqlalchemy.dialects.postgresql.asyncpg.ProgrammingError) <class 'asyncpg.exceptions.WrongObjectTypeError'>: op ANY/ALL (array) requires array on right side
[SQL: 
            SELECT 
                u.id as user_id,
                u.full_name,
                u.email,
                u.username
            FROM users u
            WHERE 'student' = ANY(u.roles)
              AND u.id NOT IN (
                  SELECT e.user_id 
                  FROM enrollments e 
                  WHERE e.module_id = $1
              )
            ORDER BY u.full_name, u.email
        ]
[parameters: ('150ff713-e5fd-4ae2-bfe0-23ae281c123e',)]
(Background on this error at: https://sqlalche.me/e/20/f405)
2026-02-04 03:24:17 - backend.src_v3.infrastructure.http.api.v3.routers.teacher_router - ERROR - get_available_students_for_module:2535 - Failed to get available students: (sqlalchemy.dialects.postgresql.asyncpg.ProgrammingError) <class 'asyncpg.exceptions.WrongObjectTypeError'>: op ANY/ALL (array) requires array on right side
[SQL: 
            SELECT 
                u.id as user_id,
                u.full_name,
                u.email,
                u.username
            FROM users u
            WHERE 'student' = ANY(u.roles)
              AND u.id NOT IN (
                  SELECT e.user_id 
                  FROM enrollments e 
                  WHERE e.module_id = $1
              )
            ORDER BY u.full_name, u.email
        ]
[parameters: ('150ff713-e5fd-4ae2-bfe0-23ae281c123e',)]
(Background on this error at: https://sqlalche.me/e/20/f405)
2026-02-04 03:24:17 - backend.src_v3.infrastructure.http.api.v3.routers.teacher_router - ERROR - get_available_students_for_module:2535 - Failed to get available students: (sqlalchemy.dialects.postgresql.asyncpg.ProgrammingError) <class 'asyncpg.exceptions.WrongObjectTypeError'>: op ANY/ALL (array) requires array on right side
[SQL: 
            SELECT 
                u.id as user_id,
                u.full_name,
                u.email,
                u.username
            FROM users u
            WHERE 'student' = ANY(u.roles)
              AND u.id NOT IN (
                  SELECT e.user_id 
                  FROM enrollments e 
                  WHERE e.module_id = $1
              )
            ORDER BY u.full_name, u.email
        ]
[parameters: ('150ff713-e5fd-4ae2-bfe0-23ae281c123e',)]
(Background on this error at: https://sqlalche.me/e/20/f405)
2026-02-05 18:47:22 - backend.src_v3.infrastructure.http.app - ERROR - lifespan:70 -  Failed to initialize Redis: cannot import name 'get_settings' from 'backend.src_v3.infrastructure.config.settings' (/app/backend/src_v3/infrastructure/config/settings.py)
2026-02-05 18:48:17 - backend.src_v3.infrastructure.cache.redis_client - ERROR - connect:68 -  Failed to connect to Redis: Error 111 connecting to localhost:6379. Connection refused.
2026-02-05 18:48:17 - backend.src_v3.infrastructure.http.app - ERROR - lifespan:70 -  Failed to initialize Redis: Error 111 connecting to localhost:6379. Connection refused.
2026-02-05 18:49:18 - backend.src_v3.infrastructure.cache.redis_client - ERROR - connect:68 -  Failed to connect to Redis: Error 111 connecting to localhost:6379. Connection refused.
2026-02-05 18:49:18 - backend.src_v3.infrastructure.http.app - ERROR - lifespan:70 -  Failed to initialize Redis: Error 111 connecting to localhost:6379. Connection refused.
2026-02-05 18:52:28 - backend.src_v3.infrastructure.cache.decorators - ERROR - wrapper:120 -  Cache error for system_stats: cache_key_builder() got multiple values for argument 'request'
2026-02-05 18:52:28 - backend.src_v3.infrastructure.cache.decorators - ERROR - wrapper:120 -  Cache error for system_stats: cache_key_builder() got multiple values for argument 'request'
2026-02-05 19:50:19 - chromadb.telemetry.product.posthog - ERROR - _direct_capture:61 - Failed to send telemetry event ClientStartEvent: capture() takes 1 positional argument but 3 were given
2026-02-05 19:50:19 - chromadb.telemetry.product.posthog - ERROR - _direct_capture:61 - Failed to send telemetry event ClientCreateCollectionEvent: capture() takes 1 positional argument but 3 were given
2026-02-05 19:50:21 - chromadb.telemetry.product.posthog - ERROR - _direct_capture:61 - Failed to send telemetry event ClientStartEvent: capture() takes 1 positional argument but 3 were given
2026-02-05 19:50:23 - chromadb.telemetry.product.posthog - ERROR - _direct_capture:61 - Failed to send telemetry event ClientStartEvent: capture() takes 1 positional argument but 3 were given
2026-02-05 19:50:25 - chromadb.telemetry.product.posthog - ERROR - _direct_capture:61 - Failed to send telemetry event ClientStartEvent: capture() takes 1 positional argument but 3 were given
2026-02-05 19:50:26 - chromadb.telemetry.product.posthog - ERROR - _direct_capture:61 - Failed to send telemetry event ClientStartEvent: capture() takes 1 positional argument but 3 were given
2026-02-05 19:50:28 - chromadb.telemetry.product.posthog - ERROR - _direct_capture:61 - Failed to send telemetry event ClientStartEvent: capture() takes 1 positional argument but 3 were given
2026-02-05 19:50:30 - chromadb.telemetry.product.posthog - ERROR - _direct_capture:61 - Failed to send telemetry event ClientStartEvent: capture() takes 1 positional argument but 3 were given
2026-02-05 19:50:32 - chromadb.telemetry.product.posthog - ERROR - _direct_capture:61 - Failed to send telemetry event ClientStartEvent: capture() takes 1 positional argument but 3 were given
2026-02-05 19:50:37 - chromadb.telemetry.product.posthog - ERROR - _direct_capture:61 - Failed to send telemetry event ClientStartEvent: capture() takes 1 positional argument but 3 were given
2026-02-05 19:50:40 - chromadb.telemetry.product.posthog - ERROR - _direct_capture:61 - Failed to send telemetry event ClientStartEvent: capture() takes 1 positional argument but 3 were given
2026-02-05 19:50:42 - chromadb.telemetry.product.posthog - ERROR - _direct_capture:61 - Failed to send telemetry event CollectionAddEvent: capture() takes 1 positional argument but 3 were given
2026-02-05 19:50:45 - chromadb.telemetry.product.posthog - ERROR - _direct_capture:61 - Failed to send telemetry event ClientStartEvent: capture() takes 1 positional argument but 3 were given
2026-02-05 19:50:45 - chromadb.telemetry.product.posthog - ERROR - _direct_capture:61 - Failed to send telemetry event CollectionQueryEvent: capture() takes 1 positional argument but 3 were given
2026-02-05 19:50:48 - chromadb.telemetry.product.posthog - ERROR - _direct_capture:61 - Failed to send telemetry event ClientStartEvent: capture() takes 1 positional argument but 3 were given
2026-02-05 19:50:50 - chromadb.telemetry.product.posthog - ERROR - _direct_capture:61 - Failed to send telemetry event ClientStartEvent: capture() takes 1 positional argument but 3 were given
2026-02-05 19:50:52 - chromadb.telemetry.product.posthog - ERROR - _direct_capture:61 - Failed to send telemetry event ClientStartEvent: capture() takes 1 positional argument but 3 were given
2026-02-05 19:50:53 - chromadb.telemetry.product.posthog - ERROR - _direct_capture:61 - Failed to send telemetry event ClientStartEvent: capture() takes 1 positional argument but 3 were given
2026-02-05 19:50:55 - chromadb.telemetry.product.posthog - ERROR - _direct_capture:61 - Failed to send telemetry event ClientStartEvent: capture() takes 1 positional argument but 3 were given
2026-02-05 19:50:57 - chromadb.telemetry.product.posthog - ERROR - _direct_capture:61 - Failed to send telemetry event ClientStartEvent: capture() takes 1 positional argument but 3 were given
2026-02-05 19:50:59 - chromadb.telemetry.product.posthog - ERROR - _direct_capture:61 - Failed to send telemetry event ClientStartEvent: capture() takes 1 positional argument but 3 were given
2026-02-05 19:51:02 - chromadb.telemetry.product.posthog - ERROR - _direct_capture:61 - Failed to send telemetry event ClientStartEvent: capture() takes 1 positional argument but 3 were given
2026-02-05 19:51:04 - chromadb.telemetry.product.posthog - ERROR - _direct_capture:61 - Failed to send telemetry event ClientStartEvent: capture() takes 1 positional argument but 3 were given
2026-02-05 19:51:06 - chromadb.telemetry.product.posthog - ERROR - _direct_capture:61 - Failed to send telemetry event ClientStartEvent: capture() takes 1 positional argument but 3 were given
2026-02-05 19:51:08 - chromadb.telemetry.product.posthog - ERROR - _direct_capture:61 - Failed to send telemetry event ClientStartEvent: capture() takes 1 positional argument but 3 were given
2026-02-05 19:51:11 - chromadb.telemetry.product.posthog - ERROR - _direct_capture:61 - Failed to send telemetry event ClientStartEvent: capture() takes 1 positional argument but 3 were given
2026-02-05 19:51:13 - chromadb.telemetry.product.posthog - ERROR - _direct_capture:61 - Failed to send telemetry event ClientStartEvent: capture() takes 1 positional argument but 3 were given
2026-02-05 19:51:15 - chromadb.telemetry.product.posthog - ERROR - _direct_capture:61 - Failed to send telemetry event ClientStartEvent: capture() takes 1 positional argument but 3 were given
2026-02-05 19:51:17 - chromadb.telemetry.product.posthog - ERROR - _direct_capture:61 - Failed to send telemetry event ClientStartEvent: capture() takes 1 positional argument but 3 were given
2026-02-05 19:51:20 - chromadb.telemetry.product.posthog - ERROR - _direct_capture:61 - Failed to send telemetry event ClientStartEvent: capture() takes 1 positional argument but 3 were given
2026-02-05 19:51:20 - chromadb.telemetry.product.posthog - ERROR - _direct_capture:61 - Failed to send telemetry event ClientStartEvent: capture() takes 1 positional argument but 3 were given
2026-02-05 19:51:23 - chromadb.telemetry.product.posthog - ERROR - _direct_capture:61 - Failed to send telemetry event ClientStartEvent: capture() takes 1 positional argument but 3 were given
2026-02-05 19:51:25 - chromadb.telemetry.product.posthog - ERROR - _direct_capture:61 - Failed to send telemetry event ClientStartEvent: capture() takes 1 positional argument but 3 were given
2026-02-05 19:51:27 - chromadb.telemetry.product.posthog - ERROR - _direct_capture:61 - Failed to send telemetry event ClientStartEvent: capture() takes 1 positional argument but 3 were given
2026-02-05 19:51:29 - chromadb.telemetry.product.posthog - ERROR - _direct_capture:61 - Failed to send telemetry event ClientStartEvent: capture() takes 1 positional argument but 3 were given
2026-02-05 19:51:32 - chromadb.telemetry.product.posthog - ERROR - _direct_capture:61 - Failed to send telemetry event ClientStartEvent: capture() takes 1 positional argument but 3 were given
2026-02-05 19:51:34 - chromadb.telemetry.product.posthog - ERROR - _direct_capture:61 - Failed to send telemetry event ClientStartEvent: capture() takes 1 positional argument but 3 were given
2026-02-05 19:51:36 - chromadb.telemetry.product.posthog - ERROR - _direct_capture:61 - Failed to send telemetry event ClientStartEvent: capture() takes 1 positional argument but 3 were given
2026-02-05 19:51:38 - chromadb.telemetry.product.posthog - ERROR - _direct_capture:61 - Failed to send telemetry event ClientStartEvent: capture() takes 1 positional argument but 3 were given
2026-02-05 19:51:39 - chromadb.telemetry.product.posthog - ERROR - _direct_capture:61 - Failed to send telemetry event ClientStartEvent: capture() takes 1 positional argument but 3 were given
2026-02-05 19:52:10 - backend.src_v3.infrastructure.cache.redis_client - ERROR - set:182 -  Unexpected error in SET for key cache:student_courses:1da9b1a2f54289424dfc9725f82448fa: Object of type CourseWithModules is not JSON serializable
2026-02-05 19:52:10 - backend.src_v3.infrastructure.cache.redis_client - ERROR - set:182 -  Unexpected error in SET for key cache:student_courses:1da9b1a2f54289424dfc9725f82448fa: Object of type CourseWithModules is not JSON serializable
2026-02-05 19:52:17 - backend.src_v3.infrastructure.cache.redis_client - ERROR - set:182 -  Unexpected error in SET for key cache:student_courses:1da9b1a2f54289424dfc9725f82448fa: Object of type CourseWithModules is not JSON serializable
2026-02-05 19:54:19 - backend.src_v3.infrastructure.cache.redis_client - ERROR - set:182 -  Unexpected error in SET for key cache:student_courses:1da9b1a2f54289424dfc9725f82448fa: Object of type CourseWithModules is not JSON serializable
2026-02-05 19:54:19 - backend.src_v3.infrastructure.cache.redis_client - ERROR - set:182 -  Unexpected error in SET for key cache:student_courses:1da9b1a2f54289424dfc9725f82448fa: Object of type CourseWithModules is not JSON serializable
2026-02-05 19:54:20 - backend.src_v3.infrastructure.cache.redis_client - ERROR - set:182 -  Unexpected error in SET for key cache:student_courses:1da9b1a2f54289424dfc9725f82448fa: Object of type CourseWithModules is not JSON serializable
2026-02-05 19:57:46 - backend.src_v3.infrastructure.cache.redis_client - ERROR - set:182 -  Unexpected error in SET for key cache:student_courses:1da9b1a2f54289424dfc9725f82448fa: Object of type CourseWithModules is not JSON serializable
2026-02-05 19:57:46 - backend.src_v3.infrastructure.cache.redis_client - ERROR - set:182 -  Unexpected error in SET for key cache:student_courses:1da9b1a2f54289424dfc9725f82448fa: Object of type CourseWithModules is not JSON serializable
2026-02-05 19:57:47 - backend.src_v3.infrastructure.cache.redis_client - ERROR - set:182 -  Unexpected error in SET for key cache:student_courses:1da9b1a2f54289424dfc9725f82448fa: Object of type CourseWithModules is not JSON serializable
2026-02-05 19:58:27 - chromadb.telemetry.product.posthog - ERROR - _direct_capture:61 - Failed to send telemetry event ClientStartEvent: capture() takes 1 positional argument but 3 were given
2026-02-05 19:58:44 - chromadb.telemetry.product.posthog - ERROR - _direct_capture:61 - Failed to send telemetry event ClientStartEvent: capture() takes 1 positional argument but 3 were given
2026-02-05 19:58:59 - chromadb.telemetry.product.posthog - ERROR - _direct_capture:61 - Failed to send telemetry event ClientStartEvent: capture() takes 1 positional argument but 3 were given
2026-02-05 19:59:50 - backend.src_v3.infrastructure.cache.redis_client - ERROR - set:182 -  Unexpected error in SET for key cache:student_courses:1da9b1a2f54289424dfc9725f82448fa: Object of type CourseWithModules is not JSON serializable
2026-02-05 19:59:50 - backend.src_v3.infrastructure.cache.redis_client - ERROR - set:182 -  Unexpected error in SET for key cache:student_courses:1da9b1a2f54289424dfc9725f82448fa: Object of type CourseWithModules is not JSON serializable
2026-02-05 19:59:59 - backend.src_v3.infrastructure.cache.redis_client - ERROR - set:182 -  Unexpected error in SET for key cache:student_courses:1da9b1a2f54289424dfc9725f82448fa: Object of type CourseWithModules is not JSON serializable
2026-02-05 19:59:59 - backend.src_v3.infrastructure.cache.redis_client - ERROR - set:182 -  Unexpected error in SET for key cache:student_courses:1da9b1a2f54289424dfc9725f82448fa: Object of type CourseWithModules is not JSON serializable
2026-02-05 20:00:03 - backend.src_v3.infrastructure.cache.redis_client - ERROR - set:182 -  Unexpected error in SET for key cache:student_courses:1da9b1a2f54289424dfc9725f82448fa: Object of type CourseWithModules is not JSON serializable
2026-02-05 20:00:03 - backend.src_v3.infrastructure.cache.redis_client - ERROR - set:182 -  Unexpected error in SET for key cache:student_courses:1da9b1a2f54289424dfc9725f82448fa: Object of type CourseWithModules is not JSON serializable
2026-02-05 20:00:28 - backend.src_v3.infrastructure.cache.redis_client - ERROR - set:182 -  Unexpected error in SET for key cache:student_courses:1da9b1a2f54289424dfc9725f82448fa: Object of type CourseWithModules is not JSON serializable
2026-02-05 20:00:39 - backend.src_v3.infrastructure.cache.redis_client - ERROR - set:182 -  Unexpected error in SET for key cache:student_courses:1da9b1a2f54289424dfc9725f82448fa: Object of type CourseWithModules is not JSON serializable
2026-02-05 20:01:48 - chromadb.telemetry.product.posthog - ERROR - _direct_capture:61 - Failed to send telemetry event ClientStartEvent: capture() takes 1 positional argument but 3 were given
2026-02-05 20:01:56 - chromadb.telemetry.product.posthog - ERROR - _direct_capture:61 - Failed to send telemetry event ClientStartEvent: capture() takes 1 positional argument but 3 were given
2026-02-05 20:02:41 - backend.src_v3.infrastructure.cache.redis_client - ERROR - set:182 -  Unexpected error in SET for key cache:student_courses:1da9b1a2f54289424dfc9725f82448fa: Object of type CourseWithModules is not JSON serializable
2026-02-05 20:02:41 - backend.src_v3.infrastructure.cache.redis_client - ERROR - set:182 -  Unexpected error in SET for key cache:student_courses:1da9b1a2f54289424dfc9725f82448fa: Object of type CourseWithModules is not JSON serializable
